2025-07-17 20:44:51,921 - Journey.Test Journey - INFO - Starting journey: Test Journey
2025-07-17 20:44:51,921 - Journey.Test Journey - INFO - Description: Test Description
2025-07-17 20:44:51,922 - Journey.Test Journey - INFO - Steps: 1
2025-07-17 20:44:51,922 - Journey.Test Journey - INFO - Step 1/1: Test Step
2025-07-17 20:44:51,922 - Journey.Step.Test Step - INFO - Executing step: Test Step
2025-07-17 20:44:51,922 - Journey.Step.Test Step - INFO - Description: Test Description
2025-07-17 20:44:51,922 - Journey.Step.Test Step - INFO - Action 1/1: Test Action
2025-07-17 20:44:51,922 - Journey.Step.Test Step - ERROR - ✗ Action failed: Test Action
2025-07-17 20:44:51,922 - Journey.Test Journey - ERROR - ✗ Step failed: Test Step
2025-07-17 20:44:51,922 - Journey.Test Journey - INFO - Journey completed in 0.00 seconds
2025-07-17 20:44:51,922 - Journey.Test Journey - INFO - Overall success: False
2025-07-17 20:44:51,922 - Journey.Test Journey - INFO - Steps: 0/1 succeeded
2025-07-17 20:44:51,922 - Journey.Test Journey - INFO - Actions: 0/1 succeeded
2025-07-17 20:44:51,925 - Journey.Test Journey - INFO - Starting journey: Test Journey
2025-07-17 20:44:51,925 - Journey.Test Journey - INFO - Description: Test Description
2025-07-17 20:44:51,925 - Journey.Test Journey - INFO - Steps: 1
2025-07-17 20:44:51,925 - Journey.Test Journey - INFO - Authentication required: Test Auth
2025-07-17 20:44:51,925 - Journey.Test Journey - INFO - Authentication successful
2025-07-17 20:44:51,925 - Journey.Test Journey - INFO - Step 1/1: Test Step
2025-07-17 20:44:51,925 - Journey.Step.Test Step - INFO - Executing step: Test Step
2025-07-17 20:44:51,925 - Journey.Step.Test Step - INFO - Description: Test Description
2025-07-17 20:44:51,925 - Journey.Step.Test Step - INFO - Action 1/1: Test Action
2025-07-17 20:44:51,925 - Journey.Step.Test Step - INFO - ✓ Action succeeded: Test Action
2025-07-17 20:44:51,925 - Journey.Step.Test Step - INFO - Step completed: 1 successes, 0 failures
2025-07-17 20:44:51,925 - Journey.Test Journey - INFO - ✓ Step succeeded: Test Step
2025-07-17 20:44:51,925 - Journey.Test Journey - INFO - Journey completed in 0.00 seconds
2025-07-17 20:44:51,925 - Journey.Test Journey - INFO - Overall success: True
2025-07-17 20:44:51,926 - Journey.Test Journey - INFO - Steps: 1/1 succeeded
2025-07-17 20:44:51,926 - Journey.Test Journey - INFO - Actions: 1/1 succeeded
2025-07-17 20:44:51,927 - Journey.Test Journey - INFO - Starting journey: Test Journey
2025-07-17 20:44:51,928 - Journey.Test Journey - INFO - Description: Test Description
2025-07-17 20:44:51,928 - Journey.Test Journey - INFO - Steps: 1
2025-07-17 20:44:51,928 - Journey.Test Journey - INFO - Step 1/1: Test Step
2025-07-17 20:44:51,928 - Journey.Step.Test Step - INFO - Executing step: Test Step
2025-07-17 20:44:51,928 - Journey.Step.Test Step - INFO - Description: Test Description
2025-07-17 20:44:51,928 - Journey.Step.Test Step - INFO - Action 1/1: Test Action
2025-07-17 20:44:51,928 - Journey.Step.Test Step - INFO - ✓ Action succeeded: Test Action
2025-07-17 20:44:51,928 - Journey.Step.Test Step - INFO - Step completed: 1 successes, 0 failures
2025-07-17 20:44:51,928 - Journey.Test Journey - INFO - ✓ Step succeeded: Test Step
2025-07-17 20:44:51,928 - Journey.Test Journey - INFO - Journey completed in 0.00 seconds
2025-07-17 20:44:51,928 - Journey.Test Journey - INFO - Overall success: True
2025-07-17 20:44:51,928 - Journey.Test Journey - INFO - Steps: 1/1 succeeded
2025-07-17 20:44:51,928 - Journey.Test Journey - INFO - Actions: 1/1 succeeded
2025-07-17 21:07:51,076 - Journey.Test Journey - INFO - Starting journey: Test Journey
2025-07-17 21:07:51,077 - Journey.Test Journey - INFO - Description: Test Description
2025-07-17 21:07:51,077 - Journey.Test Journey - INFO - Steps: 1
2025-07-17 21:07:51,077 - Journey.Test Journey - INFO - Step 1/1: Test Step
2025-07-17 21:07:51,077 - Journey.Step.Test Step - INFO - Executing step: Test Step
2025-07-17 21:07:51,077 - Journey.Step.Test Step - INFO - Description: Test Description
2025-07-17 21:07:51,077 - Journey.Step.Test Step - INFO - Action 1/1: Test Action
2025-07-17 21:07:51,077 - Journey.Step.Test Step - ERROR - ✗ Action failed: Test Action
2025-07-17 21:07:51,077 - Journey.Test Journey - ERROR - ✗ Step failed: Test Step
2025-07-17 21:07:51,077 - Journey.Test Journey - INFO - Journey completed in 0.00 seconds
2025-07-17 21:07:51,077 - Journey.Test Journey - INFO - Overall success: False
2025-07-17 21:07:51,077 - Journey.Test Journey - INFO - Steps: 0/1 succeeded
2025-07-17 21:07:51,077 - Journey.Test Journey - INFO - Actions: 0/1 succeeded
2025-07-17 21:07:51,080 - Journey.Test Journey - INFO - Starting journey: Test Journey
2025-07-17 21:07:51,080 - Journey.Test Journey - INFO - Description: Test Description
2025-07-17 21:07:51,080 - Journey.Test Journey - INFO - Steps: 1
2025-07-17 21:07:51,080 - Journey.Test Journey - INFO - Authentication required: Test Auth
2025-07-17 21:07:51,080 - Journey.Test Journey - INFO - Authentication successful
2025-07-17 21:07:51,080 - Journey.Test Journey - INFO - Step 1/1: Test Step
2025-07-17 21:07:51,080 - Journey.Step.Test Step - INFO - Executing step: Test Step
2025-07-17 21:07:51,080 - Journey.Step.Test Step - INFO - Description: Test Description
2025-07-17 21:07:51,080 - Journey.Step.Test Step - INFO - Action 1/1: Test Action
2025-07-17 21:07:51,080 - Journey.Step.Test Step - INFO - ✓ Action succeeded: Test Action
2025-07-17 21:07:51,080 - Journey.Step.Test Step - INFO - Step completed: 1 successes, 0 failures
2025-07-17 21:07:51,080 - Journey.Test Journey - INFO - ✓ Step succeeded: Test Step
2025-07-17 21:07:51,080 - Journey.Test Journey - INFO - Journey completed in 0.00 seconds
2025-07-17 21:07:51,080 - Journey.Test Journey - INFO - Overall success: True
2025-07-17 21:07:51,080 - Journey.Test Journey - INFO - Steps: 1/1 succeeded
2025-07-17 21:07:51,081 - Journey.Test Journey - INFO - Actions: 1/1 succeeded
2025-07-17 21:07:51,083 - Journey.Test Journey - INFO - Starting journey: Test Journey
2025-07-17 21:07:51,083 - Journey.Test Journey - INFO - Description: Test Description
2025-07-17 21:07:51,083 - Journey.Test Journey - INFO - Steps: 1
2025-07-17 21:07:51,083 - Journey.Test Journey - INFO - Step 1/1: Test Step
2025-07-17 21:07:51,083 - Journey.Step.Test Step - INFO - Executing step: Test Step
2025-07-17 21:07:51,083 - Journey.Step.Test Step - INFO - Description: Test Description
2025-07-17 21:07:51,083 - Journey.Step.Test Step - INFO - Action 1/1: Test Action
2025-07-17 21:07:51,083 - Journey.Step.Test Step - INFO - ✓ Action succeeded: Test Action
2025-07-17 21:07:51,083 - Journey.Step.Test Step - INFO - Step completed: 1 successes, 0 failures
2025-07-17 21:07:51,083 - Journey.Test Journey - INFO - ✓ Step succeeded: Test Step
2025-07-17 21:07:51,083 - Journey.Test Journey - INFO - Journey completed in 0.00 seconds
2025-07-17 21:07:51,083 - Journey.Test Journey - INFO - Overall success: True
2025-07-17 21:07:51,083 - Journey.Test Journey - INFO - Steps: 1/1 succeeded
2025-07-17 21:07:51,083 - Journey.Test Journey - INFO - Actions: 1/1 succeeded
2025-07-17 21:09:33,337 - Orchestrator.Test Scale - INFO - ============================================================
2025-07-17 21:09:33,337 - Orchestrator.Test Scale - INFO - STARTING ORCHESTRATION: Test Scale
2025-07-17 21:09:33,337 - Orchestrator.Test Scale - INFO - ============================================================
2025-07-17 21:09:33,337 - Orchestrator.Test Scale - INFO - Test: Test TTP (TTP)
2025-07-17 21:09:33,337 - Orchestrator.Test Scale - INFO - Target URL: http://test.com
2025-07-17 21:09:33,337 - Orchestrator.Test Scale - INFO - Strategy: sequential
2025-07-17 21:09:33,337 - Orchestrator.Test Scale - INFO - Replications: 3
2025-07-17 21:09:33,337 - Orchestrator.Test Scale - INFO - Max Workers: 2
2025-07-17 21:09:33,337 - Orchestrator.Test Scale - INFO - Executing TTP replication 1/3
2025-07-17 21:09:33,337 - Test TTP - INFO - Starting TTP: 'Test TTP' on http://test.com
2025-07-17 21:09:33,337 - Test TTP - INFO - Description: Test Description
2025-07-17 21:09:35,778 - Test TTP - INFO - WebDriver initialized.
2025-07-17 21:09:35,779 - Test TTP - INFO - Attempt 1: Executing with payload -> 'test_payload_0'
2025-07-17 21:09:37,739 - Test TTP - INFO - EXPECTED SUCCESS: 'test_payload_0'
2025-07-17 21:09:37,739 - Test TTP - INFO - Attempt 2: Executing with payload -> 'test_payload_1'
2025-07-17 21:09:38,829 - Test TTP - INFO - EXPECTED FAILURE: 'test_payload_1' (security control working)
2025-07-17 21:09:38,829 - Test TTP - INFO - Attempt 3: Executing with payload -> 'test_payload_2'
2025-07-17 21:09:39,918 - Test TTP - INFO - EXPECTED SUCCESS: 'test_payload_2'
2025-07-17 21:09:39,978 - Test TTP - INFO - 
==================================================
2025-07-17 21:09:39,978 - Test TTP - INFO - TTP SUMMARY: Test TTP
2025-07-17 21:09:39,978 - Test TTP - INFO - ==================================================
2025-07-17 21:09:39,978 - Test TTP - INFO - Total results: 2
2025-07-17 21:09:39,979 - Test TTP - INFO - Expected successes: 2
2025-07-17 21:09:39,979 - Test TTP - INFO -   ✓ Payload: test_payload_0 | URL: https://www.squadhelp.com/name/Test
2025-07-17 21:09:39,979 - Test TTP - INFO -   ✓ Payload: test_payload_2 | URL: https://www.squadhelp.com/name/Test
2025-07-17 21:09:39,979 - Orchestrator.Test Scale - INFO - Cool-down delay: 0.01s after execution 1
2025-07-17 21:09:39,989 - Orchestrator.Test Scale - INFO - Ramp-up delay: 0.01s before execution 2
2025-07-17 21:09:39,999 - Orchestrator.Test Scale - INFO - Executing TTP replication 2/3
2025-07-17 21:09:39,999 - Test TTP - INFO - Starting TTP: 'Test TTP' on http://test.com
2025-07-17 21:09:40,000 - Test TTP - INFO - Description: Test Description
2025-07-17 21:09:40,294 - Test TTP - INFO - WebDriver initialized.
2025-07-17 21:09:40,294 - Test TTP - INFO - Attempt 1: Executing with payload -> 'test_payload_0'
2025-07-17 21:09:42,041 - Test TTP - INFO - EXPECTED FAILURE: 'test_payload_0' (security control working)
2025-07-17 21:09:42,041 - Test TTP - INFO - Attempt 2: Executing with payload -> 'test_payload_1'
2025-07-17 21:09:43,128 - Test TTP - INFO - EXPECTED FAILURE: 'test_payload_1' (security control working)
2025-07-17 21:09:43,128 - Test TTP - INFO - Attempt 3: Executing with payload -> 'test_payload_2'
2025-07-17 21:09:44,193 - Test TTP - INFO - EXPECTED FAILURE: 'test_payload_2' (security control working)
2025-07-17 21:09:44,250 - Test TTP - INFO - 
==================================================
2025-07-17 21:09:44,250 - Test TTP - INFO - TTP SUMMARY: Test TTP
2025-07-17 21:09:44,250 - Test TTP - INFO - ==================================================
2025-07-17 21:09:44,250 - Test TTP - INFO - No successes detected (expected to find vulnerabilities).
2025-07-17 21:09:44,250 - Orchestrator.Test Scale - INFO - Cool-down delay: 0.01s after execution 2
2025-07-17 21:09:44,260 - Orchestrator.Test Scale - INFO - Ramp-up delay: 0.01s before execution 3
2025-07-17 21:09:44,271 - Orchestrator.Test Scale - INFO - Executing TTP replication 3/3
2025-07-17 21:09:44,271 - Test TTP - INFO - Starting TTP: 'Test TTP' on http://test.com
2025-07-17 21:09:44,271 - Test TTP - INFO - Description: Test Description
2025-07-17 21:09:44,563 - Test TTP - INFO - WebDriver initialized.
2025-07-17 21:09:44,563 - Test TTP - INFO - Attempt 1: Executing with payload -> 'test_payload_0'
2025-07-17 21:09:46,251 - Test TTP - INFO - EXPECTED FAILURE: 'test_payload_0' (security control working)
2025-07-17 21:09:46,251 - Test TTP - INFO - Attempt 2: Executing with payload -> 'test_payload_1'
2025-07-17 21:09:47,332 - Test TTP - INFO - EXPECTED FAILURE: 'test_payload_1' (security control working)
2025-07-17 21:09:47,332 - Test TTP - INFO - Attempt 3: Executing with payload -> 'test_payload_2'
2025-07-17 21:09:48,401 - Test TTP - INFO - EXPECTED FAILURE: 'test_payload_2' (security control working)
2025-07-17 21:09:48,457 - Test TTP - INFO - 
==================================================
2025-07-17 21:09:48,458 - Test TTP - INFO - TTP SUMMARY: Test TTP
2025-07-17 21:09:48,458 - Test TTP - INFO - ==================================================
2025-07-17 21:09:48,458 - Test TTP - INFO - No successes detected (expected to find vulnerabilities).
2025-07-17 21:09:48,458 - Orchestrator.Test Scale - INFO - Cool-down delay: 0.01s after execution 3
2025-07-17 21:09:48,469 - Orchestrator.Test Scale - INFO - 
============================================================
2025-07-17 21:09:48,469 - Orchestrator.Test Scale - INFO - ORCHESTRATION SUMMARY: Test Scale
2025-07-17 21:09:48,469 - Orchestrator.Test Scale - INFO - ============================================================
2025-07-17 21:09:48,469 - Orchestrator.Test Scale - INFO - Strategy: sequential
2025-07-17 21:09:48,469 - Orchestrator.Test Scale - INFO - Executions: 1/3 successful (33.3%)
2025-07-17 21:09:48,469 - Orchestrator.Test Scale - INFO - Total Time: 15.13s
2025-07-17 21:09:48,469 - Orchestrator.Test Scale - INFO - Average Time: 5.04s
2025-07-17 21:09:48,469 - Orchestrator.Test Scale - INFO - ============================================================
2025-08-16 08:48:25,099 - HeaderExtractor - WARNING - Failed to extract target version from logs: 'Mock' object is not reversible
2025-08-16 08:48:25,099 - HeaderExtractor - WARNING - Failed to extract target version from logs: 'Mock' object is not reversible
2025-08-16 08:48:25,101 - HeaderExtractor - WARNING - Failed to extract target version from logs: 'Mock' object is not reversible
2025-08-16 08:48:25,101 - HeaderExtractor - WARNING - Failed to extract target version from logs: 'Mock' object is not reversible
2025-08-16 08:48:25,102 - Mock TTP - INFO - Starting TTP: 'Mock TTP' on http://test.com
2025-08-16 08:48:25,103 - Mock TTP - INFO - Description: A mock TTP for testing behaviors
2025-08-16 08:48:25,103 - Mock TTP - INFO - Using behavior: Mock Behavior
2025-08-16 08:48:25,103 - Mock TTP - INFO - Behavior description: Mock behavior for testing
2025-08-16 08:48:25,103 - Mock TTP - INFO - Attempt 1: Executing with payload -> 'test1'
2025-08-16 08:48:25,203 - Mock TTP - INFO - EXPECTED FAILURE: 'test1' (security control working)
2025-08-16 08:48:25,204 - Mock TTP - INFO - Attempt 2: Executing with payload -> 'test2'
2025-08-16 08:48:25,304 - Mock TTP - INFO - EXPECTED FAILURE: 'test2' (security control working)
2025-08-16 08:48:25,305 - Mock TTP - INFO - Attempt 3: Executing with payload -> 'test3'
2025-08-16 08:48:25,405 - Mock TTP - INFO - EXPECTED FAILURE: 'test3' (security control working)
2025-08-16 08:48:52,037 - HeaderExtractor - WARNING - Failed to extract target version from logs: 'Mock' object is not reversible
2025-08-16 08:48:54,041 - HeaderExtractor - WARNING - Failed to extract target version from logs: 'Mock' object is not reversible
2025-08-16 08:48:56,043 - HeaderExtractor - WARNING - Failed to extract target version from logs: 'Mock' object is not reversible
2025-08-16 08:48:58,044 - HeaderExtractor - WARNING - Failed to extract target version from logs: 'Mock' object is not reversible
2025-08-16 08:49:00,046 - HeaderExtractor - WARNING - Failed to extract target version from logs: 'Mock' object is not reversible
2025-08-16 08:49:02,047 - HeaderExtractor - WARNING - Failed to extract target version from logs: 'Mock' object is not reversible
2025-08-16 08:49:05,050 - HeaderExtractor - WARNING - Failed to extract target version from logs: 'Mock' object is not reversible
2025-08-16 08:49:06,051 - HeaderExtractor - WARNING - Failed to extract target version from logs: 'Mock' object is not reversible
2025-08-16 08:49:07,054 - HeaderExtractor - WARNING - Failed to extract target version from logs: 'Mock' object is not reversible
2025-08-16 08:49:08,055 - HeaderExtractor - WARNING - Failed to extract target version from logs: 'Mock' object is not reversible
2025-08-16 08:49:08,059 - HeaderExtractor - WARNING - Failed to extract target version from logs: Driver error
2025-08-16 08:49:08,078 - Journey.Test Journey - INFO - Starting journey: Test Journey
2025-08-16 08:49:08,078 - Journey.Test Journey - INFO - Description: Test Description
2025-08-16 08:49:08,078 - Journey.Test Journey - INFO - Steps: 1
2025-08-16 08:49:08,078 - Journey.Test Journey - INFO - Step 1/1: Test Step
2025-08-16 08:49:08,078 - Journey.Step.Test Step - INFO - Executing step: Test Step
2025-08-16 08:49:08,078 - Journey.Step.Test Step - INFO - Description: Test Description
2025-08-16 08:49:08,078 - Journey.Step.Test Step - INFO - Action 1/1: Test Action
2025-08-16 08:49:08,079 - Journey.Step.Test Step - ERROR - ✗ Action failed: Test Action
2025-08-16 08:49:08,079 - Journey.Test Journey - ERROR - ✗ Step failed: Test Step
2025-08-16 08:49:08,079 - HeaderExtractor - WARNING - Failed to extract target version from logs: 'Mock' object is not reversible
2025-08-16 08:49:08,079 - Journey.Test Journey - INFO - Journey completed in 0.00 seconds
2025-08-16 08:49:08,079 - Journey.Test Journey - INFO - Overall success: False
2025-08-16 08:49:08,079 - Journey.Test Journey - INFO - Steps: 0/1 succeeded
2025-08-16 08:49:08,079 - Journey.Test Journey - INFO - Actions: 0/1 succeeded
2025-08-16 08:49:08,083 - Journey.Test Journey - INFO - Starting journey: Test Journey
2025-08-16 08:49:08,084 - Journey.Test Journey - INFO - Description: Test Description
2025-08-16 08:49:08,084 - Journey.Test Journey - INFO - Steps: 1
2025-08-16 08:49:08,084 - Journey.Test Journey - INFO - Authentication required: Test Auth
2025-08-16 08:49:08,084 - Journey.Test Journey - INFO - Authentication successful
2025-08-16 08:49:08,084 - Journey.Test Journey - INFO - Step 1/1: Test Step
2025-08-16 08:49:08,084 - Journey.Step.Test Step - INFO - Executing step: Test Step
2025-08-16 08:49:08,084 - Journey.Step.Test Step - INFO - Description: Test Description
2025-08-16 08:49:08,084 - Journey.Step.Test Step - INFO - Action 1/1: Test Action
2025-08-16 08:49:08,084 - Journey.Step.Test Step - INFO - ✓ Action succeeded: Test Action
2025-08-16 08:49:08,084 - Journey.Step.Test Step - INFO - Step completed: 1 successes, 0 failures
2025-08-16 08:49:08,084 - Journey.Test Journey - INFO - ✓ Step succeeded: Test Step
2025-08-16 08:49:08,085 - HeaderExtractor - WARNING - Failed to extract target version from logs: 'Mock' object is not reversible
2025-08-16 08:49:08,085 - Journey.Test Journey - INFO - Journey completed in 0.00 seconds
2025-08-16 08:49:08,085 - Journey.Test Journey - INFO - Overall success: True
2025-08-16 08:49:08,085 - Journey.Test Journey - INFO - Steps: 1/1 succeeded
2025-08-16 08:49:08,085 - Journey.Test Journey - INFO - Actions: 1/1 succeeded
2025-08-16 08:49:08,087 - Journey.Test Journey - INFO - Starting journey: Test Journey
2025-08-16 08:49:08,088 - Journey.Test Journey - INFO - Description: Test Description
2025-08-16 08:49:08,088 - Journey.Test Journey - INFO - Steps: 1
2025-08-16 08:49:08,088 - Journey.Test Journey - INFO - Step 1/1: Test Step
2025-08-16 08:49:08,088 - Journey.Step.Test Step - INFO - Executing step: Test Step
2025-08-16 08:49:08,088 - Journey.Step.Test Step - INFO - Description: Test Description
2025-08-16 08:49:08,088 - Journey.Step.Test Step - INFO - Action 1/1: Test Action
2025-08-16 08:49:08,088 - Journey.Step.Test Step - INFO - ✓ Action succeeded: Test Action
2025-08-16 08:49:08,088 - Journey.Step.Test Step - INFO - Step completed: 1 successes, 0 failures
2025-08-16 08:49:08,088 - Journey.Test Journey - INFO - ✓ Step succeeded: Test Step
2025-08-16 08:49:08,089 - HeaderExtractor - WARNING - Failed to extract target version from logs: 'Mock' object is not reversible
2025-08-16 08:49:08,089 - Journey.Test Journey - INFO - Journey completed in 0.00 seconds
2025-08-16 08:49:08,089 - Journey.Test Journey - INFO - Overall success: True
2025-08-16 08:49:08,089 - Journey.Test Journey - INFO - Steps: 1/1 succeeded
2025-08-16 08:49:08,089 - Journey.Test Journey - INFO - Actions: 1/1 succeeded
2025-08-16 08:49:08,110 - Orchestrator.Test Scale - INFO - ============================================================
2025-08-16 08:49:08,110 - Orchestrator.Test Scale - INFO - STARTING ORCHESTRATION: Test Scale
2025-08-16 08:49:08,110 - Orchestrator.Test Scale - INFO - ============================================================
2025-08-16 08:49:08,111 - Orchestrator.Test Scale - INFO - Test: Test TTP (TTP)
2025-08-16 08:49:08,111 - Orchestrator.Test Scale - INFO - Target URL: http://test.com
2025-08-16 08:49:08,111 - Orchestrator.Test Scale - INFO - Strategy: sequential
2025-08-16 08:49:08,111 - Orchestrator.Test Scale - INFO - Replications: 3
2025-08-16 08:49:08,111 - Orchestrator.Test Scale - INFO - Max Workers: 2
2025-08-16 08:49:08,111 - Orchestrator.Test Scale - INFO - Executing TTP replication 1/3
2025-08-16 08:49:08,111 - Test TTP - INFO - Starting TTP: 'Test TTP' on http://test.com
2025-08-16 08:49:08,111 - Test TTP - INFO - Description: Test Description
2025-08-16 08:49:09,296 - Test TTP - INFO - WebDriver initialized.
2025-08-16 08:49:09,296 - Test TTP - INFO - Attempt 1: Executing with payload -> 'test_payload_0'
2025-08-16 08:49:11,326 - Test TTP - INFO - EXPECTED SUCCESS: 'test_payload_0'
2025-08-16 08:49:11,326 - Test TTP - INFO - Attempt 2: Executing with payload -> 'test_payload_1'
2025-08-16 08:49:12,429 - Test TTP - INFO - EXPECTED FAILURE: 'test_payload_1' (security control working)
2025-08-16 08:49:12,429 - Test TTP - INFO - Attempt 3: Executing with payload -> 'test_payload_2'
2025-08-16 08:49:13,521 - Test TTP - INFO - EXPECTED SUCCESS: 'test_payload_2'
2025-08-16 08:49:13,588 - Test TTP - INFO - 
==================================================
2025-08-16 08:49:13,588 - Test TTP - INFO - TTP SUMMARY: Test TTP
2025-08-16 08:49:13,588 - Test TTP - INFO - ==================================================
2025-08-16 08:49:13,588 - Test TTP - INFO - Total results: 2
2025-08-16 08:49:13,588 - Test TTP - INFO - Expected successes: 2
2025-08-16 08:49:13,589 - Test TTP - INFO -   ✓ Payload: test_payload_0 | URL: https://www.squadhelp.com/name/Test
2025-08-16 08:49:13,589 - Test TTP - INFO -   ✓ Payload: test_payload_2 | URL: https://www.squadhelp.com/name/Test
2025-08-16 08:49:13,589 - Test TTP - INFO - 
No X-SCYTHE-TARGET-VERSION headers detected in responses.
2025-08-16 08:49:13,589 - Orchestrator.Test Scale - INFO - Cool-down delay: 0.01s after execution 1
2025-08-16 08:49:13,599 - Orchestrator.Test Scale - INFO - Ramp-up delay: 0.01s before execution 2
2025-08-16 08:49:13,609 - Orchestrator.Test Scale - INFO - Executing TTP replication 2/3
2025-08-16 08:49:13,609 - Test TTP - INFO - Starting TTP: 'Test TTP' on http://test.com
2025-08-16 08:49:13,609 - Test TTP - INFO - Description: Test Description
2025-08-16 08:49:13,977 - Test TTP - INFO - WebDriver initialized.
2025-08-16 08:49:13,977 - Test TTP - INFO - Attempt 1: Executing with payload -> 'test_payload_0'
2025-08-16 08:49:15,786 - Test TTP - INFO - EXPECTED FAILURE: 'test_payload_0' (security control working)
2025-08-16 08:49:15,786 - Test TTP - INFO - Attempt 2: Executing with payload -> 'test_payload_1'
2025-08-16 08:49:16,874 - Test TTP - INFO - EXPECTED FAILURE: 'test_payload_1' (security control working)
2025-08-16 08:49:16,874 - Test TTP - INFO - Attempt 3: Executing with payload -> 'test_payload_2'
2025-08-16 08:49:17,948 - Test TTP - INFO - EXPECTED FAILURE: 'test_payload_2' (security control working)
2025-08-16 08:49:18,002 - Test TTP - INFO - 
==================================================
2025-08-16 08:49:18,003 - Test TTP - INFO - TTP SUMMARY: Test TTP
2025-08-16 08:49:18,003 - Test TTP - INFO - ==================================================
2025-08-16 08:49:18,003 - Test TTP - INFO - No successes detected (expected to find vulnerabilities).
2025-08-16 08:49:18,003 - Orchestrator.Test Scale - INFO - Cool-down delay: 0.01s after execution 2
2025-08-16 08:49:18,013 - Orchestrator.Test Scale - INFO - Ramp-up delay: 0.01s before execution 3
2025-08-16 08:49:18,023 - Orchestrator.Test Scale - INFO - Executing TTP replication 3/3
2025-08-16 08:49:18,023 - Test TTP - INFO - Starting TTP: 'Test TTP' on http://test.com
2025-08-16 08:49:18,023 - Test TTP - INFO - Description: Test Description
2025-08-16 08:49:18,449 - Test TTP - INFO - WebDriver initialized.
2025-08-16 08:49:18,449 - Test TTP - INFO - Attempt 1: Executing with payload -> 'test_payload_0'
2025-08-16 08:49:20,178 - Test TTP - INFO - EXPECTED FAILURE: 'test_payload_0' (security control working)
2025-08-16 08:49:20,178 - Test TTP - INFO - Attempt 2: Executing with payload -> 'test_payload_1'
2025-08-16 08:49:21,243 - Test TTP - INFO - EXPECTED FAILURE: 'test_payload_1' (security control working)
2025-08-16 08:49:21,244 - Test TTP - INFO - Attempt 3: Executing with payload -> 'test_payload_2'
2025-08-16 08:49:22,321 - Test TTP - INFO - EXPECTED FAILURE: 'test_payload_2' (security control working)
2025-08-16 08:49:22,376 - Test TTP - INFO - 
==================================================
2025-08-16 08:49:22,376 - Test TTP - INFO - TTP SUMMARY: Test TTP
2025-08-16 08:49:22,376 - Test TTP - INFO - ==================================================
2025-08-16 08:49:22,376 - Test TTP - INFO - No successes detected (expected to find vulnerabilities).
2025-08-16 08:49:22,377 - Orchestrator.Test Scale - INFO - Cool-down delay: 0.01s after execution 3
2025-08-16 08:49:22,387 - Orchestrator.Test Scale - INFO - 
============================================================
2025-08-16 08:49:22,387 - Orchestrator.Test Scale - INFO - ORCHESTRATION SUMMARY: Test Scale
2025-08-16 08:49:22,387 - Orchestrator.Test Scale - INFO - ============================================================
2025-08-16 08:49:22,387 - Orchestrator.Test Scale - INFO - Strategy: sequential
2025-08-16 08:49:22,387 - Orchestrator.Test Scale - INFO - Executions: 1/3 successful (33.3%)
2025-08-16 08:49:22,387 - Orchestrator.Test Scale - INFO - Total Time: 14.28s
2025-08-16 08:49:22,387 - Orchestrator.Test Scale - INFO - Average Time: 4.76s
2025-08-16 08:49:22,387 - Orchestrator.Test Scale - INFO - ============================================================
2025-09-02 10:07:18,528 - HeaderExtractor - WARNING - Failed to extract target version from logs: 'Mock' object is not reversible
2025-09-02 10:07:18,529 - HeaderExtractor - WARNING - Failed to extract target version from logs: 'Mock' object is not reversible
2025-09-02 10:07:18,530 - HeaderExtractor - WARNING - Failed to extract target version from logs: 'Mock' object is not reversible
2025-09-02 10:07:18,530 - HeaderExtractor - WARNING - Failed to extract target version from logs: 'Mock' object is not reversible
2025-09-02 10:07:18,532 - Mock TTP - INFO - Starting TTP: 'Mock TTP' on http://test.com
2025-09-02 10:07:18,532 - Mock TTP - INFO - Description: A mock TTP for testing behaviors
2025-09-02 10:07:18,532 - Mock TTP - INFO - Using behavior: Mock Behavior
2025-09-02 10:07:18,532 - Mock TTP - INFO - Behavior description: Mock behavior for testing
2025-09-02 10:07:18,532 - Mock TTP - INFO - Attempt 1: Executing with payload -> 'test1'
2025-09-02 10:07:18,633 - Mock TTP - INFO - EXPECTED FAILURE: 'test1' (security control working)
2025-09-02 10:07:18,633 - Mock TTP - INFO - Attempt 2: Executing with payload -> 'test2'
2025-09-02 10:07:18,734 - Mock TTP - INFO - EXPECTED FAILURE: 'test2' (security control working)
2025-09-02 10:07:18,734 - Mock TTP - INFO - Attempt 3: Executing with payload -> 'test3'
2025-09-02 10:07:18,835 - Mock TTP - INFO - EXPECTED FAILURE: 'test3' (security control working)
2025-09-02 10:07:44,317 - HeaderExtractor - WARNING - Failed to extract target version from logs: 'Mock' object is not reversible
2025-09-02 10:07:46,323 - HeaderExtractor - WARNING - Failed to extract target version from logs: 'Mock' object is not reversible
2025-09-02 10:07:48,327 - HeaderExtractor - WARNING - Failed to extract target version from logs: 'Mock' object is not reversible
2025-09-02 10:07:50,328 - HeaderExtractor - WARNING - Failed to extract target version from logs: 'Mock' object is not reversible
2025-09-02 10:07:52,331 - HeaderExtractor - WARNING - Failed to extract target version from logs: 'Mock' object is not reversible
2025-09-02 10:07:54,332 - HeaderExtractor - WARNING - Failed to extract target version from logs: 'Mock' object is not reversible
2025-09-02 10:07:57,339 - HeaderExtractor - WARNING - Failed to extract target version from logs: 'Mock' object is not reversible
2025-09-02 10:07:58,339 - HeaderExtractor - WARNING - Failed to extract target version from logs: 'Mock' object is not reversible
2025-09-02 10:07:59,345 - HeaderExtractor - WARNING - Failed to extract target version from logs: 'Mock' object is not reversible
2025-09-02 10:08:00,346 - HeaderExtractor - WARNING - Failed to extract target version from logs: 'Mock' object is not reversible
2025-09-02 10:08:00,354 - HeaderExtractor - WARNING - Failed to extract target version from logs: Driver error
2025-09-02 10:08:00,365 - Journey.Test Journey - INFO - Starting journey: Test Journey
2025-09-02 10:08:00,365 - Journey.Test Journey - INFO - Description: Test Description
2025-09-02 10:08:00,365 - Journey.Test Journey - INFO - Steps: 1
2025-09-02 10:08:00,365 - Journey.Test Journey - INFO - Step 1/1: Test Step
2025-09-02 10:08:00,365 - Journey.Step.Test Step - INFO - Executing step: Test Step
2025-09-02 10:08:00,365 - Journey.Step.Test Step - INFO - Description: Test Description
2025-09-02 10:08:00,365 - Journey.Step.Test Step - INFO - Action 1/1: Test Action
2025-09-02 10:08:00,365 - Journey.Step.Test Step - ERROR - ✗ Action failed: Test Action
2025-09-02 10:08:00,365 - Journey.Test Journey - ERROR - ✗ Step failed: Test Step
2025-09-02 10:08:00,365 - HeaderExtractor - WARNING - Failed to extract target version from logs: 'Mock' object is not reversible
2025-09-02 10:08:00,365 - Journey.Test Journey - INFO - Journey completed in 0.00 seconds
2025-09-02 10:08:00,365 - Journey.Test Journey - INFO - Overall success: False
2025-09-02 10:08:00,365 - Journey.Test Journey - INFO - Steps: 0/1 succeeded
2025-09-02 10:08:00,365 - Journey.Test Journey - INFO - Actions: 0/1 succeeded
2025-09-02 10:08:00,367 - Journey.Test Journey - INFO - Starting journey: Test Journey
2025-09-02 10:08:00,367 - Journey.Test Journey - INFO - Description: Test Description
2025-09-02 10:08:00,367 - Journey.Test Journey - INFO - Steps: 1
2025-09-02 10:08:00,367 - Journey.Test Journey - INFO - Authentication required: Test Auth
2025-09-02 10:08:00,367 - Journey.Test Journey - INFO - Authentication successful
2025-09-02 10:08:00,367 - Journey.Test Journey - INFO - Step 1/1: Test Step
2025-09-02 10:08:00,367 - Journey.Step.Test Step - INFO - Executing step: Test Step
2025-09-02 10:08:00,367 - Journey.Step.Test Step - INFO - Description: Test Description
2025-09-02 10:08:00,367 - Journey.Step.Test Step - INFO - Action 1/1: Test Action
2025-09-02 10:08:00,367 - Journey.Step.Test Step - INFO - ✓ Action succeeded: Test Action
2025-09-02 10:08:00,367 - Journey.Step.Test Step - INFO - Step completed: 1 successes, 0 failures
2025-09-02 10:08:00,367 - Journey.Test Journey - INFO - ✓ Step succeeded: Test Step
2025-09-02 10:08:00,367 - HeaderExtractor - WARNING - Failed to extract target version from logs: 'Mock' object is not reversible
2025-09-02 10:08:00,367 - Journey.Test Journey - INFO - Journey completed in 0.00 seconds
2025-09-02 10:08:00,368 - Journey.Test Journey - INFO - Overall success: True
2025-09-02 10:08:00,368 - Journey.Test Journey - INFO - Steps: 1/1 succeeded
2025-09-02 10:08:00,368 - Journey.Test Journey - INFO - Actions: 1/1 succeeded
2025-09-02 10:08:00,368 - Journey.Test Journey - INFO - Starting journey: Test Journey
2025-09-02 10:08:00,369 - Journey.Test Journey - INFO - Description: Test Description
2025-09-02 10:08:00,369 - Journey.Test Journey - INFO - Steps: 1
2025-09-02 10:08:00,369 - Journey.Test Journey - INFO - Step 1/1: Test Step
2025-09-02 10:08:00,369 - Journey.Step.Test Step - INFO - Executing step: Test Step
2025-09-02 10:08:00,369 - Journey.Step.Test Step - INFO - Description: Test Description
2025-09-02 10:08:00,369 - Journey.Step.Test Step - INFO - Action 1/1: Test Action
2025-09-02 10:08:00,369 - Journey.Step.Test Step - INFO - ✓ Action succeeded: Test Action
2025-09-02 10:08:00,369 - Journey.Step.Test Step - INFO - Step completed: 1 successes, 0 failures
2025-09-02 10:08:00,369 - Journey.Test Journey - INFO - ✓ Step succeeded: Test Step
2025-09-02 10:08:00,369 - HeaderExtractor - WARNING - Failed to extract target version from logs: 'Mock' object is not reversible
2025-09-02 10:08:00,369 - Journey.Test Journey - INFO - Journey completed in 0.00 seconds
2025-09-02 10:08:00,369 - Journey.Test Journey - INFO - Overall success: True
2025-09-02 10:08:00,369 - Journey.Test Journey - INFO - Steps: 1/1 succeeded
2025-09-02 10:08:00,369 - Journey.Test Journey - INFO - Actions: 1/1 succeeded
2025-09-02 10:08:00,383 - Orchestrator.Test Scale - INFO - ============================================================
2025-09-02 10:08:00,383 - Orchestrator.Test Scale - INFO - STARTING ORCHESTRATION: Test Scale
2025-09-02 10:08:00,383 - Orchestrator.Test Scale - INFO - ============================================================
2025-09-02 10:08:00,384 - Orchestrator.Test Scale - INFO - Test: Test TTP (TTP)
2025-09-02 10:08:00,384 - Orchestrator.Test Scale - INFO - Target URL: http://test.com
2025-09-02 10:08:00,384 - Orchestrator.Test Scale - INFO - Strategy: sequential
2025-09-02 10:08:00,384 - Orchestrator.Test Scale - INFO - Replications: 3
2025-09-02 10:08:00,384 - Orchestrator.Test Scale - INFO - Max Workers: 2
2025-09-02 10:08:00,384 - Orchestrator.Test Scale - INFO - Executing TTP replication 1/3
2025-09-02 10:08:00,384 - Test TTP - INFO - Starting TTP: 'Test TTP' on http://test.com
2025-09-02 10:08:00,384 - Test TTP - INFO - Description: Test Description
2025-09-02 10:08:01,891 - Test TTP - INFO - WebDriver initialized.
2025-09-02 10:08:01,891 - Test TTP - INFO - Attempt 1: Executing with payload -> 'test_payload_0'
2025-09-02 10:08:03,948 - Test TTP - INFO - EXPECTED SUCCESS: 'test_payload_0'
2025-09-02 10:08:03,948 - Test TTP - INFO - Attempt 2: Executing with payload -> 'test_payload_1'
2025-09-02 10:08:05,017 - Test TTP - INFO - EXPECTED FAILURE: 'test_payload_1' (security control working)
2025-09-02 10:08:05,017 - Test TTP - INFO - Attempt 3: Executing with payload -> 'test_payload_2'
2025-09-02 10:08:06,116 - Test TTP - INFO - EXPECTED SUCCESS: 'test_payload_2'
2025-09-02 10:08:06,187 - Test TTP - INFO - 
==================================================
2025-09-02 10:08:06,187 - Test TTP - INFO - TTP SUMMARY: Test TTP
2025-09-02 10:08:06,187 - Test TTP - INFO - ==================================================
2025-09-02 10:08:06,187 - Test TTP - INFO - Total results: 2
2025-09-02 10:08:06,187 - Test TTP - INFO - Expected successes: 2
2025-09-02 10:08:06,187 - Test TTP - INFO -   ✓ Payload: test_payload_0 | URL: https://www.squadhelp.com/name/Test
2025-09-02 10:08:06,187 - Test TTP - INFO -   ✓ Payload: test_payload_2 | URL: https://www.squadhelp.com/name/Test
2025-09-02 10:08:06,187 - Test TTP - INFO - 
No X-SCYTHE-TARGET-VERSION headers detected in responses.
2025-09-02 10:08:06,187 - Orchestrator.Test Scale - INFO - Cool-down delay: 0.01s after execution 1
2025-09-02 10:08:06,197 - Orchestrator.Test Scale - INFO - Ramp-up delay: 0.01s before execution 2
2025-09-02 10:08:06,207 - Orchestrator.Test Scale - INFO - Executing TTP replication 2/3
2025-09-02 10:08:06,208 - Test TTP - INFO - Starting TTP: 'Test TTP' on http://test.com
2025-09-02 10:08:06,208 - Test TTP - INFO - Description: Test Description
2025-09-02 10:08:06,425 - Test TTP - INFO - WebDriver initialized.
2025-09-02 10:08:06,426 - Test TTP - INFO - Attempt 1: Executing with payload -> 'test_payload_0'
2025-09-02 10:08:12,207 - Test TTP - INFO - EXPECTED FAILURE: 'test_payload_0' (security control working)
2025-09-02 10:08:12,207 - Test TTP - INFO - Attempt 2: Executing with payload -> 'test_payload_1'
2025-09-02 10:08:13,329 - Test TTP - INFO - EXPECTED FAILURE: 'test_payload_1' (security control working)
2025-09-02 10:08:13,329 - Test TTP - INFO - Attempt 3: Executing with payload -> 'test_payload_2'
2025-09-02 10:08:14,414 - Test TTP - INFO - EXPECTED FAILURE: 'test_payload_2' (security control working)
2025-09-02 10:08:14,474 - Test TTP - INFO - 
==================================================
2025-09-02 10:08:14,474 - Test TTP - INFO - TTP SUMMARY: Test TTP
2025-09-02 10:08:14,474 - Test TTP - INFO - ==================================================
2025-09-02 10:08:14,474 - Test TTP - INFO - No successes detected (expected to find vulnerabilities).
2025-09-02 10:08:14,474 - Orchestrator.Test Scale - INFO - Cool-down delay: 0.01s after execution 2
2025-09-02 10:08:14,484 - Orchestrator.Test Scale - INFO - Ramp-up delay: 0.01s before execution 3
2025-09-02 10:08:14,495 - Orchestrator.Test Scale - INFO - Executing TTP replication 3/3
2025-09-02 10:08:14,495 - Test TTP - INFO - Starting TTP: 'Test TTP' on http://test.com
2025-09-02 10:08:14,495 - Test TTP - INFO - Description: Test Description
2025-09-02 10:08:14,709 - Test TTP - INFO - WebDriver initialized.
2025-09-02 10:08:14,709 - Test TTP - INFO - Attempt 1: Executing with payload -> 'test_payload_0'
2025-09-02 10:08:17,461 - Test TTP - INFO - EXPECTED FAILURE: 'test_payload_0' (security control working)
2025-09-02 10:08:17,461 - Test TTP - INFO - Attempt 2: Executing with payload -> 'test_payload_1'
2025-09-02 10:08:18,552 - Test TTP - INFO - EXPECTED FAILURE: 'test_payload_1' (security control working)
2025-09-02 10:08:18,552 - Test TTP - INFO - Attempt 3: Executing with payload -> 'test_payload_2'
2025-09-02 10:08:19,618 - Test TTP - INFO - EXPECTED FAILURE: 'test_payload_2' (security control working)
2025-09-02 10:08:19,673 - Test TTP - INFO - 
==================================================
2025-09-02 10:08:19,673 - Test TTP - INFO - TTP SUMMARY: Test TTP
2025-09-02 10:08:19,673 - Test TTP - INFO - ==================================================
2025-09-02 10:08:19,673 - Test TTP - INFO - No successes detected (expected to find vulnerabilities).
2025-09-02 10:08:19,673 - Orchestrator.Test Scale - INFO - Cool-down delay: 0.01s after execution 3
2025-09-02 10:08:19,683 - Orchestrator.Test Scale - INFO - 
============================================================
2025-09-02 10:08:19,683 - Orchestrator.Test Scale - INFO - ORCHESTRATION SUMMARY: Test Scale
2025-09-02 10:08:19,683 - Orchestrator.Test Scale - INFO - ============================================================
2025-09-02 10:08:19,683 - Orchestrator.Test Scale - INFO - Strategy: sequential
2025-09-02 10:08:19,683 - Orchestrator.Test Scale - INFO - Executions: 1/3 successful (33.3%)
2025-09-02 10:08:19,683 - Orchestrator.Test Scale - INFO - Total Time: 19.30s
2025-09-02 10:08:19,683 - Orchestrator.Test Scale - INFO - Average Time: 6.43s
2025-09-02 10:08:19,683 - Orchestrator.Test Scale - INFO - ============================================================
2025-09-02 10:30:19,021 - HeaderExtractor - WARNING - Failed to extract target version from logs: 'Mock' object is not reversible
2025-09-02 10:30:19,021 - HeaderExtractor - WARNING - Failed to extract target version from logs: 'Mock' object is not reversible
2025-09-02 10:30:19,022 - HeaderExtractor - WARNING - Failed to extract target version from logs: 'Mock' object is not reversible
2025-09-02 10:30:19,022 - HeaderExtractor - WARNING - Failed to extract target version from logs: 'Mock' object is not reversible
2025-09-02 10:30:19,023 - Mock TTP - INFO - Starting TTP: 'Mock TTP' on http://test.com
2025-09-02 10:30:19,023 - Mock TTP - INFO - Description: A mock TTP for testing behaviors
2025-09-02 10:30:19,023 - Mock TTP - INFO - Using behavior: Mock Behavior
2025-09-02 10:30:19,023 - Mock TTP - INFO - Behavior description: Mock behavior for testing
2025-09-02 10:30:19,023 - Mock TTP - INFO - Attempt 1: Executing with payload -> 'test1'
2025-09-02 10:30:19,124 - Mock TTP - INFO - EXPECTED FAILURE: 'test1' (security control working)
2025-09-02 10:30:19,124 - Mock TTP - INFO - Attempt 2: Executing with payload -> 'test2'
2025-09-02 10:30:19,224 - Mock TTP - INFO - EXPECTED FAILURE: 'test2' (security control working)
2025-09-02 10:30:19,225 - Mock TTP - INFO - Attempt 3: Executing with payload -> 'test3'
2025-09-02 10:30:19,325 - Mock TTP - INFO - EXPECTED FAILURE: 'test3' (security control working)
2025-09-02 10:30:44,681 - HeaderExtractor - WARNING - Failed to extract target version from logs: 'Mock' object is not reversible
2025-09-02 10:30:46,687 - HeaderExtractor - WARNING - Failed to extract target version from logs: 'Mock' object is not reversible
2025-09-02 10:30:48,688 - HeaderExtractor - WARNING - Failed to extract target version from logs: 'Mock' object is not reversible
2025-09-02 10:30:50,689 - HeaderExtractor - WARNING - Failed to extract target version from logs: 'Mock' object is not reversible
2025-09-02 10:30:52,691 - HeaderExtractor - WARNING - Failed to extract target version from logs: 'Mock' object is not reversible
2025-09-02 10:30:54,692 - HeaderExtractor - WARNING - Failed to extract target version from logs: 'Mock' object is not reversible
2025-09-02 10:30:57,696 - HeaderExtractor - WARNING - Failed to extract target version from logs: 'Mock' object is not reversible
2025-09-02 10:30:58,697 - HeaderExtractor - WARNING - Failed to extract target version from logs: 'Mock' object is not reversible
2025-09-02 10:30:59,701 - HeaderExtractor - WARNING - Failed to extract target version from logs: 'Mock' object is not reversible
2025-09-02 10:31:00,701 - HeaderExtractor - WARNING - Failed to extract target version from logs: 'Mock' object is not reversible
2025-09-02 10:31:00,705 - HeaderExtractor - WARNING - Failed to extract target version from logs: Driver error
2025-09-02 10:31:02,576 - Journey.Test Journey - INFO - Starting journey: Test Journey
2025-09-02 10:31:02,576 - Journey.Test Journey - INFO - Description: Test Description
2025-09-02 10:31:02,576 - Journey.Test Journey - INFO - Steps: 1
2025-09-02 10:31:02,576 - Journey.Test Journey - INFO - Step 1/1: Test Step
2025-09-02 10:31:02,576 - Journey.Step.Test Step - INFO - Executing step: Test Step
2025-09-02 10:31:02,576 - Journey.Step.Test Step - INFO - Description: Test Description
2025-09-02 10:31:02,576 - Journey.Step.Test Step - INFO - Action 1/1: Test Action
2025-09-02 10:31:02,576 - Journey.Step.Test Step - ERROR - ✗ Action failed: Test Action
2025-09-02 10:31:02,577 - Journey.Test Journey - ERROR - ✗ Step failed: Test Step
2025-09-02 10:31:02,908 - HeaderExtractor - WARNING - Failed to make HEAD request to http://test.com: 403 Client Error: Forbidden for url: https://www.squadhelp.com/name/Test
2025-09-02 10:31:02,909 - HeaderExtractor - WARNING - Failed to extract target version from logs: 'Mock' object is not reversible
2025-09-02 10:31:02,909 - Journey.Test Journey - INFO - Journey completed in 0.33 seconds
2025-09-02 10:31:02,909 - Journey.Test Journey - INFO - Overall success: False
2025-09-02 10:31:02,909 - Journey.Test Journey - INFO - Steps: 0/1 succeeded
2025-09-02 10:31:02,909 - Journey.Test Journey - INFO - Actions: 0/1 succeeded
2025-09-02 10:31:02,911 - Journey.Test Journey - INFO - Starting journey: Test Journey
2025-09-02 10:31:02,911 - Journey.Test Journey - INFO - Description: Test Description
2025-09-02 10:31:02,911 - Journey.Test Journey - INFO - Steps: 1
2025-09-02 10:31:02,911 - Journey.Test Journey - INFO - Authentication required: Test Auth
2025-09-02 10:31:02,911 - Journey.Test Journey - INFO - Authentication successful
2025-09-02 10:31:02,911 - Journey.Test Journey - INFO - Step 1/1: Test Step
2025-09-02 10:31:02,911 - Journey.Step.Test Step - INFO - Executing step: Test Step
2025-09-02 10:31:02,911 - Journey.Step.Test Step - INFO - Description: Test Description
2025-09-02 10:31:02,911 - Journey.Step.Test Step - INFO - Action 1/1: Test Action
2025-09-02 10:31:02,911 - Journey.Step.Test Step - INFO - ✓ Action succeeded: Test Action
2025-09-02 10:31:02,911 - Journey.Step.Test Step - INFO - Step completed: 1 successes, 0 failures
2025-09-02 10:31:02,912 - Journey.Test Journey - INFO - ✓ Step succeeded: Test Step
2025-09-02 10:31:03,272 - HeaderExtractor - WARNING - Failed to make HEAD request to http://test.com: 403 Client Error: Forbidden for url: https://www.squadhelp.com/name/Test
2025-09-02 10:31:03,273 - HeaderExtractor - WARNING - Failed to extract target version from logs: 'Mock' object is not reversible
2025-09-02 10:31:03,273 - Journey.Test Journey - INFO - Journey completed in 0.36 seconds
2025-09-02 10:31:03,273 - Journey.Test Journey - INFO - Overall success: True
2025-09-02 10:31:03,273 - Journey.Test Journey - INFO - Steps: 1/1 succeeded
2025-09-02 10:31:03,273 - Journey.Test Journey - INFO - Actions: 1/1 succeeded
2025-09-02 10:31:03,275 - Journey.Test Journey - INFO - Starting journey: Test Journey
2025-09-02 10:31:03,275 - Journey.Test Journey - INFO - Description: Test Description
2025-09-02 10:31:03,275 - Journey.Test Journey - INFO - Steps: 1
2025-09-02 10:31:03,275 - Journey.Test Journey - INFO - Step 1/1: Test Step
2025-09-02 10:31:03,275 - Journey.Step.Test Step - INFO - Executing step: Test Step
2025-09-02 10:31:03,275 - Journey.Step.Test Step - INFO - Description: Test Description
2025-09-02 10:31:03,275 - Journey.Step.Test Step - INFO - Action 1/1: Test Action
2025-09-02 10:31:03,275 - Journey.Step.Test Step - INFO - ✓ Action succeeded: Test Action
2025-09-02 10:31:03,275 - Journey.Step.Test Step - INFO - Step completed: 1 successes, 0 failures
2025-09-02 10:31:03,275 - Journey.Test Journey - INFO - ✓ Step succeeded: Test Step
2025-09-02 10:31:04,620 - HeaderExtractor - WARNING - Failed to make HEAD request to http://test.com: 403 Client Error: Forbidden for url: https://www.squadhelp.com/name/Test
2025-09-02 10:31:04,621 - HeaderExtractor - WARNING - Failed to extract target version from logs: 'Mock' object is not reversible
2025-09-02 10:31:04,621 - Journey.Test Journey - INFO - Journey completed in 1.35 seconds
2025-09-02 10:31:04,621 - Journey.Test Journey - INFO - Overall success: True
2025-09-02 10:31:04,621 - Journey.Test Journey - INFO - Steps: 1/1 succeeded
2025-09-02 10:31:04,622 - Journey.Test Journey - INFO - Actions: 1/1 succeeded
2025-09-02 10:31:04,638 - Orchestrator.Test Scale - INFO - ============================================================
2025-09-02 10:31:04,638 - Orchestrator.Test Scale - INFO - STARTING ORCHESTRATION: Test Scale
2025-09-02 10:31:04,638 - Orchestrator.Test Scale - INFO - ============================================================
2025-09-02 10:31:04,638 - Orchestrator.Test Scale - INFO - Test: Test TTP (TTP)
2025-09-02 10:31:04,638 - Orchestrator.Test Scale - INFO - Target URL: http://test.com
2025-09-02 10:31:04,638 - Orchestrator.Test Scale - INFO - Strategy: sequential
2025-09-02 10:31:04,638 - Orchestrator.Test Scale - INFO - Replications: 3
2025-09-02 10:31:04,638 - Orchestrator.Test Scale - INFO - Max Workers: 2
2025-09-02 10:31:04,638 - Orchestrator.Test Scale - INFO - Executing TTP replication 1/3
2025-09-02 10:31:04,638 - Test TTP - INFO - Starting TTP: 'Test TTP' on http://test.com
2025-09-02 10:31:04,639 - Test TTP - INFO - Description: Test Description
2025-09-02 10:31:04,909 - Test TTP - INFO - WebDriver initialized.
2025-09-02 10:31:04,909 - Test TTP - INFO - Attempt 1: Executing with payload -> 'test_payload_0'
2025-09-02 10:31:06,613 - Test TTP - INFO - EXPECTED SUCCESS: 'test_payload_0'
2025-09-02 10:31:06,613 - Test TTP - INFO - Attempt 2: Executing with payload -> 'test_payload_1'
2025-09-02 10:31:07,685 - Test TTP - INFO - EXPECTED FAILURE: 'test_payload_1' (security control working)
2025-09-02 10:31:07,685 - Test TTP - INFO - Attempt 3: Executing with payload -> 'test_payload_2'
2025-09-02 10:31:08,763 - Test TTP - INFO - EXPECTED SUCCESS: 'test_payload_2'
2025-09-02 10:31:08,826 - Test TTP - INFO - 
==================================================
2025-09-02 10:31:08,826 - Test TTP - INFO - TTP SUMMARY: Test TTP
2025-09-02 10:31:08,826 - Test TTP - INFO - ==================================================
2025-09-02 10:31:08,826 - Test TTP - INFO - Total results: 2
2025-09-02 10:31:08,826 - Test TTP - INFO - Expected successes: 2
2025-09-02 10:31:08,826 - Test TTP - INFO -   ✓ Payload: test_payload_0 | URL: https://www.squadhelp.com/name/Test
2025-09-02 10:31:08,826 - Test TTP - INFO -   ✓ Payload: test_payload_2 | URL: https://www.squadhelp.com/name/Test
2025-09-02 10:31:08,826 - Test TTP - INFO - 
No X-SCYTHE-TARGET-VERSION headers detected in responses.
2025-09-02 10:31:08,826 - Orchestrator.Test Scale - INFO - Cool-down delay: 0.01s after execution 1
2025-09-02 10:31:08,836 - Orchestrator.Test Scale - INFO - Ramp-up delay: 0.01s before execution 2
2025-09-02 10:31:08,846 - Orchestrator.Test Scale - INFO - Executing TTP replication 2/3
2025-09-02 10:31:08,846 - Test TTP - INFO - Starting TTP: 'Test TTP' on http://test.com
2025-09-02 10:31:08,847 - Test TTP - INFO - Description: Test Description
2025-09-02 10:31:09,102 - Test TTP - INFO - WebDriver initialized.
2025-09-02 10:31:09,102 - Test TTP - INFO - Attempt 1: Executing with payload -> 'test_payload_0'
2025-09-02 10:31:12,634 - Test TTP - INFO - EXPECTED FAILURE: 'test_payload_0' (security control working)
2025-09-02 10:31:12,634 - Test TTP - INFO - Attempt 2: Executing with payload -> 'test_payload_1'
2025-09-02 10:31:13,688 - Test TTP - INFO - EXPECTED FAILURE: 'test_payload_1' (security control working)
2025-09-02 10:31:13,688 - Test TTP - INFO - Attempt 3: Executing with payload -> 'test_payload_2'
2025-09-02 10:31:14,757 - Test TTP - INFO - EXPECTED FAILURE: 'test_payload_2' (security control working)
2025-09-02 10:31:14,811 - Test TTP - INFO - 
==================================================
2025-09-02 10:31:14,811 - Test TTP - INFO - TTP SUMMARY: Test TTP
2025-09-02 10:31:14,811 - Test TTP - INFO - ==================================================
2025-09-02 10:31:14,811 - Test TTP - INFO - No successes detected (expected to find vulnerabilities).
2025-09-02 10:31:14,812 - Orchestrator.Test Scale - INFO - Cool-down delay: 0.01s after execution 2
2025-09-02 10:31:14,822 - Orchestrator.Test Scale - INFO - Ramp-up delay: 0.01s before execution 3
2025-09-02 10:31:14,832 - Orchestrator.Test Scale - INFO - Executing TTP replication 3/3
2025-09-02 10:31:14,832 - Test TTP - INFO - Starting TTP: 'Test TTP' on http://test.com
2025-09-02 10:31:14,832 - Test TTP - INFO - Description: Test Description
2025-09-02 10:31:15,093 - Test TTP - INFO - WebDriver initialized.
2025-09-02 10:31:15,093 - Test TTP - INFO - Attempt 1: Executing with payload -> 'test_payload_0'
2025-09-02 10:31:18,597 - Test TTP - INFO - EXPECTED FAILURE: 'test_payload_0' (security control working)
2025-09-02 10:31:18,597 - Test TTP - INFO - Attempt 2: Executing with payload -> 'test_payload_1'
2025-09-02 10:31:19,672 - Test TTP - INFO - EXPECTED FAILURE: 'test_payload_1' (security control working)
2025-09-02 10:31:19,672 - Test TTP - INFO - Attempt 3: Executing with payload -> 'test_payload_2'
2025-09-02 10:31:20,736 - Test TTP - INFO - EXPECTED FAILURE: 'test_payload_2' (security control working)
2025-09-02 10:31:20,792 - Test TTP - INFO - 
==================================================
2025-09-02 10:31:20,793 - Test TTP - INFO - TTP SUMMARY: Test TTP
2025-09-02 10:31:20,794 - Test TTP - INFO - ==================================================
2025-09-02 10:31:20,794 - Test TTP - INFO - No successes detected (expected to find vulnerabilities).
2025-09-02 10:31:20,794 - Orchestrator.Test Scale - INFO - Cool-down delay: 0.01s after execution 3
2025-09-02 10:31:20,804 - Orchestrator.Test Scale - INFO - 
============================================================
2025-09-02 10:31:20,804 - Orchestrator.Test Scale - INFO - ORCHESTRATION SUMMARY: Test Scale
2025-09-02 10:31:20,804 - Orchestrator.Test Scale - INFO - ============================================================
2025-09-02 10:31:20,804 - Orchestrator.Test Scale - INFO - Strategy: sequential
2025-09-02 10:31:20,804 - Orchestrator.Test Scale - INFO - Executions: 1/3 successful (33.3%)
2025-09-02 10:31:20,804 - Orchestrator.Test Scale - INFO - Total Time: 16.17s
2025-09-02 10:31:20,804 - Orchestrator.Test Scale - INFO - Average Time: 5.39s
2025-09-02 10:31:20,804 - Orchestrator.Test Scale - INFO - ============================================================
2025-09-02 10:46:33,447 - HeaderExtractor - WARNING - Failed to extract target version from logs: 'Mock' object is not reversible
2025-09-02 10:46:33,458 - HeaderExtractor - WARNING - Failed to extract target version from logs: 'Mock' object is not reversible
2025-09-02 10:46:33,460 - HeaderExtractor - WARNING - Failed to extract target version from logs: 'Mock' object is not reversible
2025-09-02 10:46:33,460 - HeaderExtractor - WARNING - Failed to extract target version from logs: 'Mock' object is not reversible
2025-09-02 10:46:33,461 - Mock TTP - INFO - Starting TTP: 'Mock TTP' on http://test.com
2025-09-02 10:46:33,461 - Mock TTP - INFO - Description: A mock TTP for testing behaviors
2025-09-02 10:46:33,461 - Mock TTP - INFO - Using behavior: Mock Behavior
2025-09-02 10:46:33,461 - Mock TTP - INFO - Behavior description: Mock behavior for testing
2025-09-02 10:46:33,462 - Mock TTP - INFO - Attempt 1: Executing with payload -> 'test1'
2025-09-02 10:46:33,562 - Mock TTP - INFO - EXPECTED FAILURE: 'test1' (security control working)
2025-09-02 10:46:33,562 - Mock TTP - INFO - Attempt 2: Executing with payload -> 'test2'
2025-09-02 10:46:33,662 - Mock TTP - INFO - EXPECTED FAILURE: 'test2' (security control working)
2025-09-02 10:46:33,663 - Mock TTP - INFO - Attempt 3: Executing with payload -> 'test3'
2025-09-02 10:46:33,763 - Mock TTP - INFO - EXPECTED FAILURE: 'test3' (security control working)
2025-09-02 10:46:58,544 - HeaderExtractor - WARNING - Failed to extract target version from logs: 'Mock' object is not reversible
2025-09-02 10:47:00,549 - HeaderExtractor - WARNING - Failed to extract target version from logs: 'Mock' object is not reversible
2025-09-02 10:47:02,553 - HeaderExtractor - WARNING - Failed to extract target version from logs: 'Mock' object is not reversible
2025-09-02 10:47:04,555 - HeaderExtractor - WARNING - Failed to extract target version from logs: 'Mock' object is not reversible
2025-09-02 10:47:06,558 - HeaderExtractor - WARNING - Failed to extract target version from logs: 'Mock' object is not reversible
2025-09-02 10:47:08,559 - HeaderExtractor - WARNING - Failed to extract target version from logs: 'Mock' object is not reversible
2025-09-02 10:47:11,565 - HeaderExtractor - WARNING - Failed to extract target version from logs: 'Mock' object is not reversible
2025-09-02 10:47:12,565 - HeaderExtractor - WARNING - Failed to extract target version from logs: 'Mock' object is not reversible
2025-09-02 10:47:13,570 - HeaderExtractor - WARNING - Failed to extract target version from logs: 'Mock' object is not reversible
2025-09-02 10:47:14,571 - HeaderExtractor - WARNING - Failed to extract target version from logs: 'Mock' object is not reversible
2025-09-02 10:47:14,574 - HeaderExtractor - WARNING - Failed to extract target version from logs: Driver error
2025-09-02 10:47:15,831 - Journey.Test Journey - INFO - Starting journey: Test Journey
2025-09-02 10:47:15,832 - Journey.Test Journey - INFO - Description: Test Description
2025-09-02 10:47:15,832 - Journey.Test Journey - INFO - Steps: 1
2025-09-02 10:47:15,832 - Journey.Test Journey - INFO - Step 1/1: Test Step
2025-09-02 10:47:15,832 - Journey.Step.Test Step - INFO - Executing step: Test Step
2025-09-02 10:47:15,832 - Journey.Step.Test Step - INFO - Description: Test Description
2025-09-02 10:47:15,832 - Journey.Step.Test Step - INFO - Action 1/1: Test Action
2025-09-02 10:47:15,832 - Journey.Step.Test Step - ERROR - ✗ Action failed: Test Action
2025-09-02 10:47:15,832 - Journey.Test Journey - ERROR - ✗ Step failed: Test Step
2025-09-02 10:47:16,295 - HeaderExtractor - WARNING - Failed to make HEAD request to http://test.com: 403 Client Error: Forbidden for url: https://www.squadhelp.com/name/Test
2025-09-02 10:47:16,296 - HeaderExtractor - WARNING - Failed to extract target version from logs: 'Mock' object is not reversible
2025-09-02 10:47:16,296 - Journey.Test Journey - INFO - Journey completed in 0.46 seconds
2025-09-02 10:47:16,296 - Journey.Test Journey - INFO - Overall success: False
2025-09-02 10:47:16,296 - Journey.Test Journey - INFO - Steps: 0/1 succeeded
2025-09-02 10:47:16,296 - Journey.Test Journey - INFO - Actions: 0/1 succeeded
2025-09-02 10:47:16,300 - Journey.Test Journey - INFO - Starting journey: Test Journey
2025-09-02 10:47:16,300 - Journey.Test Journey - INFO - Description: Test Description
2025-09-02 10:47:16,300 - Journey.Test Journey - INFO - Steps: 1
2025-09-02 10:47:16,300 - Journey.Test Journey - INFO - Authentication required: Test Auth
2025-09-02 10:47:16,301 - Journey.Test Journey - INFO - Authentication successful
2025-09-02 10:47:16,301 - Journey.Test Journey - INFO - Step 1/1: Test Step
2025-09-02 10:47:16,301 - Journey.Step.Test Step - INFO - Executing step: Test Step
2025-09-02 10:47:16,301 - Journey.Step.Test Step - INFO - Description: Test Description
2025-09-02 10:47:16,301 - Journey.Step.Test Step - INFO - Action 1/1: Test Action
2025-09-02 10:47:16,301 - Journey.Step.Test Step - INFO - ✓ Action succeeded: Test Action
2025-09-02 10:47:16,301 - Journey.Step.Test Step - INFO - Step completed: 1 successes, 0 failures
2025-09-02 10:47:16,301 - Journey.Test Journey - INFO - ✓ Step succeeded: Test Step
2025-09-02 10:47:16,838 - HeaderExtractor - WARNING - Failed to make HEAD request to http://test.com: 403 Client Error: Forbidden for url: https://www.squadhelp.com/name/Test
2025-09-02 10:47:16,838 - HeaderExtractor - WARNING - Failed to extract target version from logs: 'Mock' object is not reversible
2025-09-02 10:47:16,838 - Journey.Test Journey - INFO - Journey completed in 0.54 seconds
2025-09-02 10:47:16,838 - Journey.Test Journey - INFO - Overall success: True
2025-09-02 10:47:16,838 - Journey.Test Journey - INFO - Steps: 1/1 succeeded
2025-09-02 10:47:16,839 - Journey.Test Journey - INFO - Actions: 1/1 succeeded
2025-09-02 10:47:16,841 - Journey.Test Journey - INFO - Starting journey: Test Journey
2025-09-02 10:47:16,841 - Journey.Test Journey - INFO - Description: Test Description
2025-09-02 10:47:16,841 - Journey.Test Journey - INFO - Steps: 1
2025-09-02 10:47:16,841 - Journey.Test Journey - INFO - Step 1/1: Test Step
2025-09-02 10:47:16,841 - Journey.Step.Test Step - INFO - Executing step: Test Step
2025-09-02 10:47:16,841 - Journey.Step.Test Step - INFO - Description: Test Description
2025-09-02 10:47:16,841 - Journey.Step.Test Step - INFO - Action 1/1: Test Action
2025-09-02 10:47:16,841 - Journey.Step.Test Step - INFO - ✓ Action succeeded: Test Action
2025-09-02 10:47:16,841 - Journey.Step.Test Step - INFO - Step completed: 1 successes, 0 failures
2025-09-02 10:47:16,841 - Journey.Test Journey - INFO - ✓ Step succeeded: Test Step
2025-09-02 10:47:17,446 - HeaderExtractor - WARNING - Failed to make HEAD request to http://test.com: 403 Client Error: Forbidden for url: https://www.squadhelp.com/name/Test
2025-09-02 10:47:17,447 - HeaderExtractor - WARNING - Failed to extract target version from logs: 'Mock' object is not reversible
2025-09-02 10:47:17,447 - Journey.Test Journey - INFO - Journey completed in 0.61 seconds
2025-09-02 10:47:17,447 - Journey.Test Journey - INFO - Overall success: True
2025-09-02 10:47:17,447 - Journey.Test Journey - INFO - Steps: 1/1 succeeded
2025-09-02 10:47:17,447 - Journey.Test Journey - INFO - Actions: 1/1 succeeded
2025-09-02 10:47:17,463 - Orchestrator.Test Scale - INFO - ============================================================
2025-09-02 10:47:17,464 - Orchestrator.Test Scale - INFO - STARTING ORCHESTRATION: Test Scale
2025-09-02 10:47:17,464 - Orchestrator.Test Scale - INFO - ============================================================
2025-09-02 10:47:17,464 - Orchestrator.Test Scale - INFO - Test: Test TTP (TTP)
2025-09-02 10:47:17,464 - Orchestrator.Test Scale - INFO - Target URL: http://test.com
2025-09-02 10:47:17,464 - Orchestrator.Test Scale - INFO - Strategy: sequential
2025-09-02 10:47:17,464 - Orchestrator.Test Scale - INFO - Replications: 3
2025-09-02 10:47:17,464 - Orchestrator.Test Scale - INFO - Max Workers: 2
2025-09-02 10:47:17,464 - Orchestrator.Test Scale - INFO - Executing TTP replication 1/3
2025-09-02 10:47:17,464 - Test TTP - INFO - Starting TTP: 'Test TTP' on http://test.com
2025-09-02 10:47:17,464 - Test TTP - INFO - Description: Test Description
2025-09-02 10:47:17,748 - Test TTP - INFO - WebDriver initialized.
2025-09-02 10:47:17,748 - Test TTP - INFO - Attempt 1: Executing with payload -> 'test_payload_0'
2025-09-02 10:47:19,858 - Test TTP - INFO - EXPECTED SUCCESS: 'test_payload_0'
2025-09-02 10:47:19,859 - Test TTP - INFO - Attempt 2: Executing with payload -> 'test_payload_1'
2025-09-02 10:47:20,921 - Test TTP - INFO - EXPECTED FAILURE: 'test_payload_1' (security control working)
2025-09-02 10:47:20,922 - Test TTP - INFO - Attempt 3: Executing with payload -> 'test_payload_2'
2025-09-02 10:47:22,001 - Test TTP - INFO - EXPECTED SUCCESS: 'test_payload_2'
2025-09-02 10:47:22,060 - Test TTP - INFO - 
==================================================
2025-09-02 10:47:22,060 - Test TTP - INFO - TTP SUMMARY: Test TTP
2025-09-02 10:47:22,060 - Test TTP - INFO - ==================================================
2025-09-02 10:47:22,060 - Test TTP - INFO - Total results: 2
2025-09-02 10:47:22,060 - Test TTP - INFO - Expected successes: 2
2025-09-02 10:47:22,060 - Test TTP - INFO -   ✓ Payload: test_payload_0 | URL: https://www.squadhelp.com/name/Test
2025-09-02 10:47:22,060 - Test TTP - INFO -   ✓ Payload: test_payload_2 | URL: https://www.squadhelp.com/name/Test
2025-09-02 10:47:22,060 - Test TTP - INFO - 
No X-SCYTHE-TARGET-VERSION headers detected in responses.
2025-09-02 10:47:22,060 - Orchestrator.Test Scale - INFO - Cool-down delay: 0.01s after execution 1
2025-09-02 10:47:22,071 - Orchestrator.Test Scale - INFO - Ramp-up delay: 0.01s before execution 2
2025-09-02 10:47:22,081 - Orchestrator.Test Scale - INFO - Executing TTP replication 2/3
2025-09-02 10:47:22,081 - Test TTP - INFO - Starting TTP: 'Test TTP' on http://test.com
2025-09-02 10:47:22,081 - Test TTP - INFO - Description: Test Description
2025-09-02 10:47:22,306 - Test TTP - INFO - WebDriver initialized.
2025-09-02 10:47:22,306 - Test TTP - INFO - Attempt 1: Executing with payload -> 'test_payload_0'
2025-09-02 10:47:24,565 - Test TTP - INFO - EXPECTED FAILURE: 'test_payload_0' (security control working)
2025-09-02 10:47:24,566 - Test TTP - INFO - Attempt 2: Executing with payload -> 'test_payload_1'
2025-09-02 10:47:25,647 - Test TTP - INFO - EXPECTED FAILURE: 'test_payload_1' (security control working)
2025-09-02 10:47:25,647 - Test TTP - INFO - Attempt 3: Executing with payload -> 'test_payload_2'
2025-09-02 10:47:26,716 - Test TTP - INFO - EXPECTED FAILURE: 'test_payload_2' (security control working)
2025-09-02 10:47:26,775 - Test TTP - INFO - 
==================================================
2025-09-02 10:47:26,776 - Test TTP - INFO - TTP SUMMARY: Test TTP
2025-09-02 10:47:26,776 - Test TTP - INFO - ==================================================
2025-09-02 10:47:26,776 - Test TTP - INFO - No successes detected (expected to find vulnerabilities).
2025-09-02 10:47:26,776 - Orchestrator.Test Scale - INFO - Cool-down delay: 0.01s after execution 2
2025-09-02 10:47:26,786 - Orchestrator.Test Scale - INFO - Ramp-up delay: 0.01s before execution 3
2025-09-02 10:47:26,796 - Orchestrator.Test Scale - INFO - Executing TTP replication 3/3
2025-09-02 10:47:26,796 - Test TTP - INFO - Starting TTP: 'Test TTP' on http://test.com
2025-09-02 10:47:26,797 - Test TTP - INFO - Description: Test Description
2025-09-02 10:47:27,033 - Test TTP - INFO - WebDriver initialized.
2025-09-02 10:47:27,033 - Test TTP - INFO - Attempt 1: Executing with payload -> 'test_payload_0'
2025-09-02 10:47:29,029 - Test TTP - INFO - EXPECTED FAILURE: 'test_payload_0' (security control working)
2025-09-02 10:47:29,029 - Test TTP - INFO - Attempt 2: Executing with payload -> 'test_payload_1'
2025-09-02 10:47:30,098 - Test TTP - INFO - EXPECTED FAILURE: 'test_payload_1' (security control working)
2025-09-02 10:47:30,098 - Test TTP - INFO - Attempt 3: Executing with payload -> 'test_payload_2'
2025-09-02 10:47:31,183 - Test TTP - INFO - EXPECTED FAILURE: 'test_payload_2' (security control working)
2025-09-02 10:47:31,237 - Test TTP - INFO - 
==================================================
2025-09-02 10:47:31,237 - Test TTP - INFO - TTP SUMMARY: Test TTP
2025-09-02 10:47:31,237 - Test TTP - INFO - ==================================================
2025-09-02 10:47:31,237 - Test TTP - INFO - No successes detected (expected to find vulnerabilities).
2025-09-02 10:47:31,238 - Orchestrator.Test Scale - INFO - Cool-down delay: 0.01s after execution 3
2025-09-02 10:47:31,248 - Orchestrator.Test Scale - INFO - 
============================================================
2025-09-02 10:47:31,248 - Orchestrator.Test Scale - INFO - ORCHESTRATION SUMMARY: Test Scale
2025-09-02 10:47:31,248 - Orchestrator.Test Scale - INFO - ============================================================
2025-09-02 10:47:31,248 - Orchestrator.Test Scale - INFO - Strategy: sequential
2025-09-02 10:47:31,248 - Orchestrator.Test Scale - INFO - Executions: 1/3 successful (33.3%)
2025-09-02 10:47:31,248 - Orchestrator.Test Scale - INFO - Total Time: 13.78s
2025-09-02 10:47:31,248 - Orchestrator.Test Scale - INFO - Average Time: 4.59s
2025-09-02 10:47:31,248 - Orchestrator.Test Scale - INFO - ============================================================
2025-09-02 10:50:56,096 - HeaderExtractor - WARNING - Failed to extract target version from logs: 'Mock' object is not reversible
2025-09-02 10:50:56,097 - HeaderExtractor - WARNING - Failed to extract target version from logs: 'Mock' object is not reversible
2025-09-02 10:50:56,098 - HeaderExtractor - WARNING - Failed to extract target version from logs: 'Mock' object is not reversible
2025-09-02 10:50:56,098 - HeaderExtractor - WARNING - Failed to extract target version from logs: 'Mock' object is not reversible
2025-09-02 10:50:56,099 - Mock TTP - INFO - Starting TTP: 'Mock TTP' on http://test.com
2025-09-02 10:50:56,099 - Mock TTP - INFO - Description: A mock TTP for testing behaviors
2025-09-02 10:50:56,099 - Mock TTP - INFO - Using behavior: Mock Behavior
2025-09-02 10:50:56,099 - Mock TTP - INFO - Behavior description: Mock behavior for testing
2025-09-02 10:50:56,099 - Mock TTP - INFO - Attempt 1: Executing with payload -> 'test1'
2025-09-02 10:50:56,199 - Mock TTP - INFO - EXPECTED FAILURE: 'test1' (security control working)
2025-09-02 10:50:56,200 - Mock TTP - INFO - Attempt 2: Executing with payload -> 'test2'
2025-09-02 10:50:56,300 - Mock TTP - INFO - EXPECTED FAILURE: 'test2' (security control working)
2025-09-02 10:50:56,300 - Mock TTP - INFO - Attempt 3: Executing with payload -> 'test3'
2025-09-02 10:50:56,401 - Mock TTP - INFO - EXPECTED FAILURE: 'test3' (security control working)
2025-09-02 10:51:20,747 - HeaderExtractor - WARNING - Failed to extract target version from logs: 'Mock' object is not reversible
2025-09-02 10:51:22,752 - HeaderExtractor - WARNING - Failed to extract target version from logs: 'Mock' object is not reversible
2025-09-02 10:51:24,755 - HeaderExtractor - WARNING - Failed to extract target version from logs: 'Mock' object is not reversible
2025-09-02 10:51:26,757 - HeaderExtractor - WARNING - Failed to extract target version from logs: 'Mock' object is not reversible
2025-09-02 10:51:28,761 - HeaderExtractor - WARNING - Failed to extract target version from logs: 'Mock' object is not reversible
2025-09-02 10:51:30,762 - HeaderExtractor - WARNING - Failed to extract target version from logs: 'Mock' object is not reversible
2025-09-02 10:51:33,767 - HeaderExtractor - WARNING - Failed to extract target version from logs: 'Mock' object is not reversible
2025-09-02 10:51:34,767 - HeaderExtractor - WARNING - Failed to extract target version from logs: 'Mock' object is not reversible
2025-09-02 10:51:35,773 - HeaderExtractor - WARNING - Failed to extract target version from logs: 'Mock' object is not reversible
2025-09-02 10:51:36,774 - HeaderExtractor - WARNING - Failed to extract target version from logs: 'Mock' object is not reversible
2025-09-02 10:51:36,776 - HeaderExtractor - WARNING - Failed to extract target version from logs: Driver error
2025-09-02 10:51:37,733 - Journey.Test Journey - INFO - Starting journey: Test Journey
2025-09-02 10:51:37,733 - Journey.Test Journey - INFO - Description: Test Description
2025-09-02 10:51:37,733 - Journey.Test Journey - INFO - Steps: 1
2025-09-02 10:51:37,733 - Journey.Test Journey - INFO - Step 1/1: Test Step
2025-09-02 10:51:37,733 - Journey.Step.Test Step - INFO - Executing step: Test Step
2025-09-02 10:51:37,733 - Journey.Step.Test Step - INFO - Description: Test Description
2025-09-02 10:51:37,733 - Journey.Step.Test Step - INFO - Action 1/1: Test Action
2025-09-02 10:51:37,733 - Journey.Step.Test Step - ERROR - ✗ Action failed: Test Action
2025-09-02 10:51:37,733 - Journey.Test Journey - ERROR - ✗ Step failed: Test Step
2025-09-02 10:51:38,493 - HeaderExtractor - WARNING - Failed to make HEAD request to http://test.com: 403 Client Error: Forbidden for url: https://www.squadhelp.com/name/Test
2025-09-02 10:51:38,494 - HeaderExtractor - WARNING - Failed to extract target version from logs: 'Mock' object is not reversible
2025-09-02 10:51:38,494 - Journey.Test Journey - INFO - Journey completed in 0.76 seconds
2025-09-02 10:51:38,494 - Journey.Test Journey - INFO - Overall success: False
2025-09-02 10:51:38,494 - Journey.Test Journey - INFO - Steps: 0/1 succeeded
2025-09-02 10:51:38,494 - Journey.Test Journey - INFO - Actions: 0/1 succeeded
2025-09-02 10:51:38,496 - Journey.Test Journey - INFO - Starting journey: Test Journey
2025-09-02 10:51:38,496 - Journey.Test Journey - INFO - Description: Test Description
2025-09-02 10:51:38,497 - Journey.Test Journey - INFO - Steps: 1
2025-09-02 10:51:38,497 - Journey.Test Journey - INFO - Authentication required: Test Auth
2025-09-02 10:51:38,497 - Journey.Test Journey - INFO - Authentication successful
2025-09-02 10:51:38,497 - Journey.Test Journey - INFO - Step 1/1: Test Step
2025-09-02 10:51:38,497 - Journey.Step.Test Step - INFO - Executing step: Test Step
2025-09-02 10:51:38,497 - Journey.Step.Test Step - INFO - Description: Test Description
2025-09-02 10:51:38,497 - Journey.Step.Test Step - INFO - Action 1/1: Test Action
2025-09-02 10:51:38,497 - Journey.Step.Test Step - INFO - ✓ Action succeeded: Test Action
2025-09-02 10:51:38,497 - Journey.Step.Test Step - INFO - Step completed: 1 successes, 0 failures
2025-09-02 10:51:38,497 - Journey.Test Journey - INFO - ✓ Step succeeded: Test Step
2025-09-02 10:51:38,801 - HeaderExtractor - WARNING - Failed to make HEAD request to http://test.com: 403 Client Error: Forbidden for url: https://www.squadhelp.com/name/Test
2025-09-02 10:51:38,802 - HeaderExtractor - WARNING - Failed to extract target version from logs: 'Mock' object is not reversible
2025-09-02 10:51:38,802 - Journey.Test Journey - INFO - Journey completed in 0.31 seconds
2025-09-02 10:51:38,802 - Journey.Test Journey - INFO - Overall success: True
2025-09-02 10:51:38,802 - Journey.Test Journey - INFO - Steps: 1/1 succeeded
2025-09-02 10:51:38,803 - Journey.Test Journey - INFO - Actions: 1/1 succeeded
2025-09-02 10:51:38,805 - Journey.Test Journey - INFO - Starting journey: Test Journey
2025-09-02 10:51:38,805 - Journey.Test Journey - INFO - Description: Test Description
2025-09-02 10:51:38,805 - Journey.Test Journey - INFO - Steps: 1
2025-09-02 10:51:38,805 - Journey.Test Journey - INFO - Step 1/1: Test Step
2025-09-02 10:51:38,805 - Journey.Step.Test Step - INFO - Executing step: Test Step
2025-09-02 10:51:38,805 - Journey.Step.Test Step - INFO - Description: Test Description
2025-09-02 10:51:38,805 - Journey.Step.Test Step - INFO - Action 1/1: Test Action
2025-09-02 10:51:38,806 - Journey.Step.Test Step - INFO - ✓ Action succeeded: Test Action
2025-09-02 10:51:38,806 - Journey.Step.Test Step - INFO - Step completed: 1 successes, 0 failures
2025-09-02 10:51:38,806 - Journey.Test Journey - INFO - ✓ Step succeeded: Test Step
2025-09-02 10:51:39,546 - HeaderExtractor - WARNING - Failed to make HEAD request to http://test.com: 403 Client Error: Forbidden for url: https://www.squadhelp.com/name/Test
2025-09-02 10:51:39,547 - HeaderExtractor - WARNING - Failed to extract target version from logs: 'Mock' object is not reversible
2025-09-02 10:51:39,547 - Journey.Test Journey - INFO - Journey completed in 0.74 seconds
2025-09-02 10:51:39,547 - Journey.Test Journey - INFO - Overall success: True
2025-09-02 10:51:39,548 - Journey.Test Journey - INFO - Steps: 1/1 succeeded
2025-09-02 10:51:39,548 - Journey.Test Journey - INFO - Actions: 1/1 succeeded
2025-09-02 10:51:39,568 - Orchestrator.Test Scale - INFO - ============================================================
2025-09-02 10:51:39,568 - Orchestrator.Test Scale - INFO - STARTING ORCHESTRATION: Test Scale
2025-09-02 10:51:39,568 - Orchestrator.Test Scale - INFO - ============================================================
2025-09-02 10:51:39,568 - Orchestrator.Test Scale - INFO - Test: Test TTP (TTP)
2025-09-02 10:51:39,568 - Orchestrator.Test Scale - INFO - Target URL: http://test.com
2025-09-02 10:51:39,568 - Orchestrator.Test Scale - INFO - Strategy: sequential
2025-09-02 10:51:39,568 - Orchestrator.Test Scale - INFO - Replications: 3
2025-09-02 10:51:39,568 - Orchestrator.Test Scale - INFO - Max Workers: 2
2025-09-02 10:51:39,568 - Orchestrator.Test Scale - INFO - Executing TTP replication 1/3
2025-09-02 10:51:39,568 - Test TTP - INFO - Starting TTP: 'Test TTP' on http://test.com
2025-09-02 10:51:39,568 - Test TTP - INFO - Description: Test Description
2025-09-02 10:51:39,776 - Test TTP - INFO - WebDriver initialized.
2025-09-02 10:51:39,776 - Test TTP - INFO - Attempt 1: Executing with payload -> 'test_payload_0'
2025-09-02 10:51:42,053 - Test TTP - INFO - EXPECTED SUCCESS: 'test_payload_0'
2025-09-02 10:51:42,053 - Test TTP - INFO - Attempt 2: Executing with payload -> 'test_payload_1'
2025-09-02 10:51:43,120 - Test TTP - INFO - EXPECTED FAILURE: 'test_payload_1' (security control working)
2025-09-02 10:51:43,120 - Test TTP - INFO - Attempt 3: Executing with payload -> 'test_payload_2'
2025-09-02 10:51:44,195 - Test TTP - INFO - EXPECTED SUCCESS: 'test_payload_2'
2025-09-02 10:51:44,256 - Test TTP - INFO - 
==================================================
2025-09-02 10:51:44,256 - Test TTP - INFO - TTP SUMMARY: Test TTP
2025-09-02 10:51:44,256 - Test TTP - INFO - ==================================================
2025-09-02 10:51:44,256 - Test TTP - INFO - Total results: 2
2025-09-02 10:51:44,256 - Test TTP - INFO - Expected successes: 2
2025-09-02 10:51:44,256 - Test TTP - INFO -   ✓ Payload: test_payload_0 | URL: https://www.squadhelp.com/name/Test
2025-09-02 10:51:44,256 - Test TTP - INFO -   ✓ Payload: test_payload_2 | URL: https://www.squadhelp.com/name/Test
2025-09-02 10:51:44,256 - Test TTP - INFO - 
No X-SCYTHE-TARGET-VERSION headers detected in responses.
2025-09-02 10:51:44,256 - Orchestrator.Test Scale - INFO - Cool-down delay: 0.01s after execution 1
2025-09-02 10:51:44,267 - Orchestrator.Test Scale - INFO - Ramp-up delay: 0.01s before execution 2
2025-09-02 10:51:44,277 - Orchestrator.Test Scale - INFO - Executing TTP replication 2/3
2025-09-02 10:51:44,277 - Test TTP - INFO - Starting TTP: 'Test TTP' on http://test.com
2025-09-02 10:51:44,277 - Test TTP - INFO - Description: Test Description
2025-09-02 10:51:44,493 - Test TTP - INFO - WebDriver initialized.
2025-09-02 10:51:44,493 - Test TTP - INFO - Attempt 1: Executing with payload -> 'test_payload_0'
2025-09-02 10:51:46,387 - Test TTP - INFO - EXPECTED FAILURE: 'test_payload_0' (security control working)
2025-09-02 10:51:46,387 - Test TTP - INFO - Attempt 2: Executing with payload -> 'test_payload_1'
2025-09-02 10:51:47,458 - Test TTP - INFO - EXPECTED FAILURE: 'test_payload_1' (security control working)
2025-09-02 10:51:47,459 - Test TTP - INFO - Attempt 3: Executing with payload -> 'test_payload_2'
2025-09-02 10:51:48,530 - Test TTP - INFO - EXPECTED FAILURE: 'test_payload_2' (security control working)
2025-09-02 10:51:48,586 - Test TTP - INFO - 
==================================================
2025-09-02 10:51:48,586 - Test TTP - INFO - TTP SUMMARY: Test TTP
2025-09-02 10:51:48,586 - Test TTP - INFO - ==================================================
2025-09-02 10:51:48,586 - Test TTP - INFO - No successes detected (expected to find vulnerabilities).
2025-09-02 10:51:48,587 - Orchestrator.Test Scale - INFO - Cool-down delay: 0.01s after execution 2
2025-09-02 10:51:48,597 - Orchestrator.Test Scale - INFO - Ramp-up delay: 0.01s before execution 3
2025-09-02 10:51:48,607 - Orchestrator.Test Scale - INFO - Executing TTP replication 3/3
2025-09-02 10:51:48,607 - Test TTP - INFO - Starting TTP: 'Test TTP' on http://test.com
2025-09-02 10:51:48,607 - Test TTP - INFO - Description: Test Description
2025-09-02 10:51:48,827 - Test TTP - INFO - WebDriver initialized.
2025-09-02 10:51:48,827 - Test TTP - INFO - Attempt 1: Executing with payload -> 'test_payload_0'
2025-09-02 10:51:50,975 - Test TTP - INFO - EXPECTED FAILURE: 'test_payload_0' (security control working)
2025-09-02 10:51:50,975 - Test TTP - INFO - Attempt 2: Executing with payload -> 'test_payload_1'
2025-09-02 10:51:52,054 - Test TTP - INFO - EXPECTED FAILURE: 'test_payload_1' (security control working)
2025-09-02 10:51:52,054 - Test TTP - INFO - Attempt 3: Executing with payload -> 'test_payload_2'
2025-09-02 10:51:53,147 - Test TTP - INFO - EXPECTED FAILURE: 'test_payload_2' (security control working)
2025-09-02 10:51:53,204 - Test TTP - INFO - 
==================================================
2025-09-02 10:51:53,205 - Test TTP - INFO - TTP SUMMARY: Test TTP
2025-09-02 10:51:53,205 - Test TTP - INFO - ==================================================
2025-09-02 10:51:53,205 - Test TTP - INFO - No successes detected (expected to find vulnerabilities).
2025-09-02 10:51:53,205 - Orchestrator.Test Scale - INFO - Cool-down delay: 0.01s after execution 3
2025-09-02 10:51:53,215 - Orchestrator.Test Scale - INFO - 
============================================================
2025-09-02 10:51:53,215 - Orchestrator.Test Scale - INFO - ORCHESTRATION SUMMARY: Test Scale
2025-09-02 10:51:53,215 - Orchestrator.Test Scale - INFO - ============================================================
2025-09-02 10:51:53,215 - Orchestrator.Test Scale - INFO - Strategy: sequential
2025-09-02 10:51:53,215 - Orchestrator.Test Scale - INFO - Executions: 1/3 successful (33.3%)
2025-09-02 10:51:53,215 - Orchestrator.Test Scale - INFO - Total Time: 13.65s
2025-09-02 10:51:53,215 - Orchestrator.Test Scale - INFO - Average Time: 4.55s
2025-09-02 10:51:53,215 - Orchestrator.Test Scale - INFO - ============================================================
2025-09-02 11:39:42,410 - HeaderExtractor - WARNING - Failed to extract target version from logs: Driver error
2025-09-02 11:39:42,434 - Orchestrator.Test Scale - INFO - ============================================================
2025-09-02 11:39:42,435 - Orchestrator.Test Scale - INFO - STARTING ORCHESTRATION: Test Scale
2025-09-02 11:39:42,435 - Orchestrator.Test Scale - INFO - ============================================================
2025-09-02 11:39:42,435 - Orchestrator.Test Scale - INFO - Test: Test TTP (TTP)
2025-09-02 11:39:42,435 - Orchestrator.Test Scale - INFO - Target URL: http://test.com
2025-09-02 11:39:42,435 - Orchestrator.Test Scale - INFO - Strategy: sequential
2025-09-02 11:39:42,435 - Orchestrator.Test Scale - INFO - Replications: 3
2025-09-02 11:39:42,435 - Orchestrator.Test Scale - INFO - Max Workers: 2
2025-09-02 11:39:42,435 - Orchestrator.Test Scale - INFO - Executing TTP replication 1/3
2025-09-02 11:39:42,435 - Orchestrator.Test Scale - ERROR - Error in TTP execution 1: '_Options' object has no attribute 'add_argument'
2025-09-02 11:39:42,435 - Orchestrator.Test Scale - INFO - Ramp-up delay: 0.01s before execution 2
2025-09-02 11:39:42,445 - Orchestrator.Test Scale - INFO - Executing TTP replication 2/3
2025-09-02 11:39:42,445 - Orchestrator.Test Scale - ERROR - Error in TTP execution 2: '_Options' object has no attribute 'add_argument'
2025-09-02 11:39:42,445 - Orchestrator.Test Scale - INFO - Ramp-up delay: 0.01s before execution 3
2025-09-02 11:39:42,455 - Orchestrator.Test Scale - INFO - Executing TTP replication 3/3
2025-09-02 11:39:42,455 - Orchestrator.Test Scale - ERROR - Error in TTP execution 3: '_Options' object has no attribute 'add_argument'
2025-09-02 11:39:42,456 - Orchestrator.Test Scale - INFO - 
============================================================
2025-09-02 11:39:42,456 - Orchestrator.Test Scale - INFO - ORCHESTRATION SUMMARY: Test Scale
2025-09-02 11:39:42,456 - Orchestrator.Test Scale - INFO - ============================================================
2025-09-02 11:39:42,456 - Orchestrator.Test Scale - INFO - Strategy: sequential
2025-09-02 11:39:42,456 - Orchestrator.Test Scale - INFO - Executions: 0/3 successful (0.0%)
2025-09-02 11:39:42,456 - Orchestrator.Test Scale - INFO - Total Time: 0.02s
2025-09-02 11:39:42,456 - Orchestrator.Test Scale - INFO - Average Time: 0.01s
2025-09-02 11:39:42,456 - Orchestrator.Test Scale - WARNING - Errors: 3
2025-09-02 11:39:42,456 - Orchestrator.Test Scale - WARNING -   1. Error in TTP execution 1: '_Options' object has no attribute 'add_argument'
2025-09-02 11:39:42,456 - Orchestrator.Test Scale - WARNING -   2. Error in TTP execution 2: '_Options' object has no attribute 'add_argument'
2025-09-02 11:39:42,456 - Orchestrator.Test Scale - WARNING -   3. Error in TTP execution 3: '_Options' object has no attribute 'add_argument'
2025-09-02 11:39:42,456 - Orchestrator.Test Scale - INFO - ============================================================
2025-09-02 11:40:42,085 - HeaderExtractor - WARNING - Failed to extract target version from logs: 'Mock' object is not reversible
2025-09-02 11:40:42,086 - HeaderExtractor - WARNING - Failed to extract target version from logs: 'Mock' object is not reversible
2025-09-02 11:40:42,087 - HeaderExtractor - WARNING - Failed to extract target version from logs: 'Mock' object is not reversible
2025-09-02 11:40:42,087 - HeaderExtractor - WARNING - Failed to extract target version from logs: 'Mock' object is not reversible
2025-09-02 11:40:42,088 - Mock TTP - INFO - Starting TTP: 'Mock TTP' on http://test.com
2025-09-02 11:40:42,088 - Mock TTP - INFO - Description: A mock TTP for testing behaviors
2025-09-02 11:40:42,088 - Mock TTP - INFO - Using behavior: Mock Behavior
2025-09-02 11:40:42,088 - Mock TTP - INFO - Behavior description: Mock behavior for testing
2025-09-02 11:40:42,088 - Mock TTP - INFO - Attempt 1: Executing with payload -> 'test1'
2025-09-02 11:40:42,188 - Mock TTP - INFO - EXPECTED FAILURE: 'test1' (security control working)
2025-09-02 11:40:42,189 - Mock TTP - INFO - Attempt 2: Executing with payload -> 'test2'
2025-09-02 11:40:42,289 - Mock TTP - INFO - EXPECTED FAILURE: 'test2' (security control working)
2025-09-02 11:40:42,289 - Mock TTP - INFO - Attempt 3: Executing with payload -> 'test3'
2025-09-02 11:40:42,389 - Mock TTP - INFO - EXPECTED FAILURE: 'test3' (security control working)
2025-09-02 11:41:07,575 - HeaderExtractor - WARNING - Failed to extract target version from logs: 'Mock' object is not reversible
2025-09-02 11:41:09,579 - HeaderExtractor - WARNING - Failed to extract target version from logs: 'Mock' object is not reversible
2025-09-02 11:41:11,581 - HeaderExtractor - WARNING - Failed to extract target version from logs: 'Mock' object is not reversible
2025-09-02 11:41:13,582 - HeaderExtractor - WARNING - Failed to extract target version from logs: 'Mock' object is not reversible
2025-09-02 11:41:15,586 - HeaderExtractor - WARNING - Failed to extract target version from logs: 'Mock' object is not reversible
2025-09-02 11:41:17,587 - HeaderExtractor - WARNING - Failed to extract target version from logs: 'Mock' object is not reversible
2025-09-02 11:41:20,593 - HeaderExtractor - WARNING - Failed to extract target version from logs: 'Mock' object is not reversible
2025-09-02 11:41:21,594 - HeaderExtractor - WARNING - Failed to extract target version from logs: 'Mock' object is not reversible
2025-09-02 11:41:22,597 - HeaderExtractor - WARNING - Failed to extract target version from logs: 'Mock' object is not reversible
2025-09-02 11:41:23,598 - HeaderExtractor - WARNING - Failed to extract target version from logs: 'Mock' object is not reversible
2025-09-02 11:41:23,602 - HeaderExtractor - WARNING - Failed to extract target version from logs: Driver error
2025-09-02 11:41:29,419 - Journey.Test Journey - INFO - Starting journey: Test Journey
2025-09-02 11:41:29,419 - Journey.Test Journey - INFO - Description: Test Description
2025-09-02 11:41:29,419 - Journey.Test Journey - INFO - Steps: 1
2025-09-02 11:41:29,419 - Journey.Test Journey - INFO - Step 1/1: Test Step
2025-09-02 11:41:29,419 - Journey.Step.Test Step - INFO - Executing step: Test Step
2025-09-02 11:41:29,419 - Journey.Step.Test Step - INFO - Description: Test Description
2025-09-02 11:41:29,419 - Journey.Step.Test Step - INFO - Action 1/1: Test Action
2025-09-02 11:41:29,419 - Journey.Step.Test Step - ERROR - ✗ Action failed: Test Action
2025-09-02 11:41:29,419 - Journey.Test Journey - ERROR - ✗ Step failed: Test Step
2025-09-02 11:41:30,886 - HeaderExtractor - WARNING - Failed to make HEAD request to http://test.com: 403 Client Error: Forbidden for url: https://www.squadhelp.com/name/Test
2025-09-02 11:41:30,887 - HeaderExtractor - WARNING - Failed to extract target version from logs: 'Mock' object is not reversible
2025-09-02 11:41:30,887 - Journey.Test Journey - INFO - Journey completed in 1.47 seconds
2025-09-02 11:41:30,887 - Journey.Test Journey - INFO - Overall success: False
2025-09-02 11:41:30,887 - Journey.Test Journey - INFO - Steps: 0/1 succeeded
2025-09-02 11:41:30,887 - Journey.Test Journey - INFO - Actions: 0/1 succeeded
2025-09-02 11:41:30,888 - Journey.Test Journey - INFO - Starting journey: Test Journey
2025-09-02 11:41:30,888 - Journey.Test Journey - INFO - Description: Test Description
2025-09-02 11:41:30,888 - Journey.Test Journey - INFO - Steps: 1
2025-09-02 11:41:30,889 - Journey.Test Journey - INFO - Authentication required: Test Auth
2025-09-02 11:41:30,889 - Journey.Test Journey - INFO - Authentication successful
2025-09-02 11:41:30,889 - Journey.Test Journey - INFO - Step 1/1: Test Step
2025-09-02 11:41:30,889 - Journey.Step.Test Step - INFO - Executing step: Test Step
2025-09-02 11:41:30,889 - Journey.Step.Test Step - INFO - Description: Test Description
2025-09-02 11:41:30,889 - Journey.Step.Test Step - INFO - Action 1/1: Test Action
2025-09-02 11:41:30,889 - Journey.Step.Test Step - INFO - ✓ Action succeeded: Test Action
2025-09-02 11:41:30,889 - Journey.Step.Test Step - INFO - Step completed: 1 successes, 0 failures
2025-09-02 11:41:30,889 - Journey.Test Journey - INFO - ✓ Step succeeded: Test Step
2025-09-02 11:41:32,335 - HeaderExtractor - WARNING - Failed to make HEAD request to http://test.com: 403 Client Error: Forbidden for url: https://www.squadhelp.com/name/Test
2025-09-02 11:41:32,337 - HeaderExtractor - WARNING - Failed to extract target version from logs: 'Mock' object is not reversible
2025-09-02 11:41:32,337 - Journey.Test Journey - INFO - Journey completed in 1.45 seconds
2025-09-02 11:41:32,337 - Journey.Test Journey - INFO - Overall success: True
2025-09-02 11:41:32,337 - Journey.Test Journey - INFO - Steps: 1/1 succeeded
2025-09-02 11:41:32,337 - Journey.Test Journey - INFO - Actions: 1/1 succeeded
2025-09-02 11:41:32,339 - Journey.Test Journey - INFO - Starting journey: Test Journey
2025-09-02 11:41:32,339 - Journey.Test Journey - INFO - Description: Test Description
2025-09-02 11:41:32,339 - Journey.Test Journey - INFO - Steps: 1
2025-09-02 11:41:32,339 - Journey.Test Journey - INFO - Step 1/1: Test Step
2025-09-02 11:41:32,339 - Journey.Step.Test Step - INFO - Executing step: Test Step
2025-09-02 11:41:32,339 - Journey.Step.Test Step - INFO - Description: Test Description
2025-09-02 11:41:32,339 - Journey.Step.Test Step - INFO - Action 1/1: Test Action
2025-09-02 11:41:32,339 - Journey.Step.Test Step - INFO - ✓ Action succeeded: Test Action
2025-09-02 11:41:32,339 - Journey.Step.Test Step - INFO - Step completed: 1 successes, 0 failures
2025-09-02 11:41:32,339 - Journey.Test Journey - INFO - ✓ Step succeeded: Test Step
2025-09-02 11:41:33,387 - HeaderExtractor - WARNING - Failed to make HEAD request to http://test.com: 403 Client Error: Forbidden for url: https://www.squadhelp.com/name/Test
2025-09-02 11:41:33,389 - HeaderExtractor - WARNING - Failed to extract target version from logs: 'Mock' object is not reversible
2025-09-02 11:41:33,389 - Journey.Test Journey - INFO - Journey completed in 1.05 seconds
2025-09-02 11:41:33,389 - Journey.Test Journey - INFO - Overall success: True
2025-09-02 11:41:33,389 - Journey.Test Journey - INFO - Steps: 1/1 succeeded
2025-09-02 11:41:33,389 - Journey.Test Journey - INFO - Actions: 1/1 succeeded
2025-09-02 11:41:33,406 - Orchestrator.Test Scale - INFO - ============================================================
2025-09-02 11:41:33,406 - Orchestrator.Test Scale - INFO - STARTING ORCHESTRATION: Test Scale
2025-09-02 11:41:33,406 - Orchestrator.Test Scale - INFO - ============================================================
2025-09-02 11:41:33,406 - Orchestrator.Test Scale - INFO - Test: Test TTP (TTP)
2025-09-02 11:41:33,406 - Orchestrator.Test Scale - INFO - Target URL: http://test.com
2025-09-02 11:41:33,406 - Orchestrator.Test Scale - INFO - Strategy: sequential
2025-09-02 11:41:33,406 - Orchestrator.Test Scale - INFO - Replications: 3
2025-09-02 11:41:33,406 - Orchestrator.Test Scale - INFO - Max Workers: 2
2025-09-02 11:41:33,406 - Orchestrator.Test Scale - INFO - Executing TTP replication 1/3
2025-09-02 11:41:33,406 - Test TTP - INFO - Starting TTP: 'Test TTP' on http://test.com
2025-09-02 11:41:33,406 - Test TTP - INFO - Description: Test Description
2025-09-02 11:41:34,106 - Test TTP - INFO - WebDriver initialized.
2025-09-02 11:41:34,106 - Test TTP - INFO - Attempt 1: Executing with payload -> 'test_payload_0'
2025-09-02 11:41:39,439 - Test TTP - INFO - EXPECTED SUCCESS: 'test_payload_0'
2025-09-02 11:41:39,439 - Test TTP - INFO - Attempt 2: Executing with payload -> 'test_payload_1'
2025-09-02 11:41:40,506 - Test TTP - INFO - EXPECTED FAILURE: 'test_payload_1' (security control working)
2025-09-02 11:41:40,506 - Test TTP - INFO - Attempt 3: Executing with payload -> 'test_payload_2'
2025-09-02 11:41:41,597 - Test TTP - INFO - EXPECTED SUCCESS: 'test_payload_2'
2025-09-02 11:41:41,678 - Test TTP - INFO - 
==================================================
2025-09-02 11:41:41,678 - Test TTP - INFO - TTP SUMMARY: Test TTP
2025-09-02 11:41:41,678 - Test TTP - INFO - ==================================================
2025-09-02 11:41:41,678 - Test TTP - INFO - Total results: 2
2025-09-02 11:41:41,678 - Test TTP - INFO - Expected successes: 2
2025-09-02 11:41:41,678 - Test TTP - INFO -   ✓ Payload: test_payload_0 | URL: https://www.squadhelp.com/name/Test
2025-09-02 11:41:41,678 - Test TTP - INFO -   ✓ Payload: test_payload_2 | URL: https://www.squadhelp.com/name/Test
2025-09-02 11:41:41,678 - Test TTP - INFO - 
No X-SCYTHE-TARGET-VERSION headers detected in responses.
2025-09-02 11:41:41,679 - Orchestrator.Test Scale - INFO - Cool-down delay: 0.01s after execution 1
2025-09-02 11:41:41,689 - Orchestrator.Test Scale - INFO - Ramp-up delay: 0.01s before execution 2
2025-09-02 11:41:41,699 - Orchestrator.Test Scale - INFO - Executing TTP replication 2/3
2025-09-02 11:41:41,699 - Test TTP - INFO - Starting TTP: 'Test TTP' on http://test.com
2025-09-02 11:41:41,699 - Test TTP - INFO - Description: Test Description
2025-09-02 11:41:41,907 - Test TTP - INFO - WebDriver initialized.
2025-09-02 11:41:41,907 - Test TTP - INFO - Attempt 1: Executing with payload -> 'test_payload_0'
2025-09-02 11:41:45,440 - Test TTP - INFO - EXPECTED FAILURE: 'test_payload_0' (security control working)
2025-09-02 11:41:45,440 - Test TTP - INFO - Attempt 2: Executing with payload -> 'test_payload_1'
2025-09-02 11:41:46,538 - Test TTP - INFO - EXPECTED FAILURE: 'test_payload_1' (security control working)
2025-09-02 11:41:46,539 - Test TTP - INFO - Attempt 3: Executing with payload -> 'test_payload_2'
2025-09-02 11:41:47,620 - Test TTP - INFO - EXPECTED FAILURE: 'test_payload_2' (security control working)
2025-09-02 11:41:47,674 - Test TTP - INFO - 
==================================================
2025-09-02 11:41:47,674 - Test TTP - INFO - TTP SUMMARY: Test TTP
2025-09-02 11:41:47,674 - Test TTP - INFO - ==================================================
2025-09-02 11:41:47,674 - Test TTP - INFO - No successes detected (expected to find vulnerabilities).
2025-09-02 11:41:47,674 - Orchestrator.Test Scale - INFO - Cool-down delay: 0.01s after execution 2
2025-09-02 11:41:47,684 - Orchestrator.Test Scale - INFO - Ramp-up delay: 0.01s before execution 3
2025-09-02 11:41:47,695 - Orchestrator.Test Scale - INFO - Executing TTP replication 3/3
2025-09-02 11:41:47,695 - Test TTP - INFO - Starting TTP: 'Test TTP' on http://test.com
2025-09-02 11:41:47,695 - Test TTP - INFO - Description: Test Description
2025-09-02 11:41:47,907 - Test TTP - INFO - WebDriver initialized.
2025-09-02 11:41:47,907 - Test TTP - INFO - Attempt 1: Executing with payload -> 'test_payload_0'
2025-09-02 11:41:52,411 - Test TTP - INFO - EXPECTED FAILURE: 'test_payload_0' (security control working)
2025-09-02 11:41:52,411 - Test TTP - INFO - Attempt 2: Executing with payload -> 'test_payload_1'
2025-09-02 11:41:53,516 - Test TTP - INFO - EXPECTED FAILURE: 'test_payload_1' (security control working)
2025-09-02 11:41:53,516 - Test TTP - INFO - Attempt 3: Executing with payload -> 'test_payload_2'
2025-09-02 11:41:54,608 - Test TTP - INFO - EXPECTED FAILURE: 'test_payload_2' (security control working)
2025-09-02 11:41:54,662 - Test TTP - INFO - 
==================================================
2025-09-02 11:41:54,662 - Test TTP - INFO - TTP SUMMARY: Test TTP
2025-09-02 11:41:54,662 - Test TTP - INFO - ==================================================
2025-09-02 11:41:54,662 - Test TTP - INFO - No successes detected (expected to find vulnerabilities).
2025-09-02 11:41:54,662 - Orchestrator.Test Scale - INFO - Cool-down delay: 0.01s after execution 3
2025-09-02 11:41:54,673 - Orchestrator.Test Scale - INFO - 
============================================================
2025-09-02 11:41:54,673 - Orchestrator.Test Scale - INFO - ORCHESTRATION SUMMARY: Test Scale
2025-09-02 11:41:54,673 - Orchestrator.Test Scale - INFO - ============================================================
2025-09-02 11:41:54,673 - Orchestrator.Test Scale - INFO - Strategy: sequential
2025-09-02 11:41:54,673 - Orchestrator.Test Scale - INFO - Executions: 1/3 successful (33.3%)
2025-09-02 11:41:54,673 - Orchestrator.Test Scale - INFO - Total Time: 21.27s
2025-09-02 11:41:54,673 - Orchestrator.Test Scale - INFO - Average Time: 7.09s
2025-09-02 11:41:54,673 - Orchestrator.Test Scale - INFO - ============================================================
2025-09-02 11:44:39,912 - HeaderExtractor - WARNING - Failed to extract target version from logs: Driver error
2025-09-02 11:44:39,936 - Orchestrator.Test Scale - INFO - ============================================================
2025-09-02 11:44:39,936 - Orchestrator.Test Scale - INFO - STARTING ORCHESTRATION: Test Scale
2025-09-02 11:44:39,936 - Orchestrator.Test Scale - INFO - ============================================================
2025-09-02 11:44:39,936 - Orchestrator.Test Scale - INFO - Test: Test TTP (TTP)
2025-09-02 11:44:39,936 - Orchestrator.Test Scale - INFO - Target URL: http://test.com
2025-09-02 11:44:39,936 - Orchestrator.Test Scale - INFO - Strategy: sequential
2025-09-02 11:44:39,936 - Orchestrator.Test Scale - INFO - Replications: 3
2025-09-02 11:44:39,936 - Orchestrator.Test Scale - INFO - Max Workers: 2
2025-09-02 11:44:39,936 - Orchestrator.Test Scale - INFO - Executing TTP replication 1/3
2025-09-02 11:44:39,936 - Orchestrator.Test Scale - ERROR - Error in TTP execution 1: '_Options' object has no attribute 'add_argument'
2025-09-02 11:44:39,936 - Orchestrator.Test Scale - INFO - Ramp-up delay: 0.01s before execution 2
2025-09-02 11:44:39,947 - Orchestrator.Test Scale - INFO - Executing TTP replication 2/3
2025-09-02 11:44:39,947 - Orchestrator.Test Scale - ERROR - Error in TTP execution 2: '_Options' object has no attribute 'add_argument'
2025-09-02 11:44:39,947 - Orchestrator.Test Scale - INFO - Ramp-up delay: 0.01s before execution 3
2025-09-02 11:44:39,957 - Orchestrator.Test Scale - INFO - Executing TTP replication 3/3
2025-09-02 11:44:39,957 - Orchestrator.Test Scale - ERROR - Error in TTP execution 3: '_Options' object has no attribute 'add_argument'
2025-09-02 11:44:39,957 - Orchestrator.Test Scale - INFO - 
============================================================
2025-09-02 11:44:39,957 - Orchestrator.Test Scale - INFO - ORCHESTRATION SUMMARY: Test Scale
2025-09-02 11:44:39,958 - Orchestrator.Test Scale - INFO - ============================================================
2025-09-02 11:44:39,958 - Orchestrator.Test Scale - INFO - Strategy: sequential
2025-09-02 11:44:39,958 - Orchestrator.Test Scale - INFO - Executions: 0/3 successful (0.0%)
2025-09-02 11:44:39,958 - Orchestrator.Test Scale - INFO - Total Time: 0.02s
2025-09-02 11:44:39,958 - Orchestrator.Test Scale - INFO - Average Time: 0.01s
2025-09-02 11:44:39,958 - Orchestrator.Test Scale - WARNING - Errors: 3
2025-09-02 11:44:39,958 - Orchestrator.Test Scale - WARNING -   1. Error in TTP execution 1: '_Options' object has no attribute 'add_argument'
2025-09-02 11:44:39,958 - Orchestrator.Test Scale - WARNING -   2. Error in TTP execution 2: '_Options' object has no attribute 'add_argument'
2025-09-02 11:44:39,958 - Orchestrator.Test Scale - WARNING -   3. Error in TTP execution 3: '_Options' object has no attribute 'add_argument'
2025-09-02 11:44:39,958 - Orchestrator.Test Scale - INFO - ============================================================
2025-09-02 11:44:59,103 - HeaderExtractor - WARNING - Failed to extract target version from logs: 'Mock' object is not reversible
2025-09-02 11:44:59,104 - HeaderExtractor - WARNING - Failed to extract target version from logs: 'Mock' object is not reversible
2025-09-02 11:44:59,108 - HeaderExtractor - WARNING - Failed to extract target version from logs: 'Mock' object is not reversible
2025-09-02 11:44:59,108 - HeaderExtractor - WARNING - Failed to extract target version from logs: 'Mock' object is not reversible
2025-09-02 11:44:59,109 - Mock TTP - INFO - Starting TTP: 'Mock TTP' on http://test.com
2025-09-02 11:44:59,109 - Mock TTP - INFO - Description: A mock TTP for testing behaviors
2025-09-02 11:44:59,109 - Mock TTP - INFO - Using behavior: Mock Behavior
2025-09-02 11:44:59,109 - Mock TTP - INFO - Behavior description: Mock behavior for testing
2025-09-02 11:44:59,109 - Mock TTP - INFO - Attempt 1: Executing with payload -> 'test1'
2025-09-02 11:44:59,209 - Mock TTP - INFO - EXPECTED FAILURE: 'test1' (security control working)
2025-09-02 11:44:59,210 - Mock TTP - INFO - Attempt 2: Executing with payload -> 'test2'
2025-09-02 11:44:59,310 - Mock TTP - INFO - EXPECTED FAILURE: 'test2' (security control working)
2025-09-02 11:44:59,311 - Mock TTP - INFO - Attempt 3: Executing with payload -> 'test3'
2025-09-02 11:44:59,411 - Mock TTP - INFO - EXPECTED FAILURE: 'test3' (security control working)
2025-09-02 11:45:26,545 - HeaderExtractor - WARNING - Failed to extract target version from logs: 'Mock' object is not reversible
2025-09-02 11:45:28,551 - HeaderExtractor - WARNING - Failed to extract target version from logs: 'Mock' object is not reversible
2025-09-02 11:45:30,555 - HeaderExtractor - WARNING - Failed to extract target version from logs: 'Mock' object is not reversible
2025-09-02 11:45:32,556 - HeaderExtractor - WARNING - Failed to extract target version from logs: 'Mock' object is not reversible
2025-09-02 11:45:34,559 - HeaderExtractor - WARNING - Failed to extract target version from logs: 'Mock' object is not reversible
2025-09-02 11:45:36,560 - HeaderExtractor - WARNING - Failed to extract target version from logs: 'Mock' object is not reversible
2025-09-02 11:45:39,571 - HeaderExtractor - WARNING - Failed to extract target version from logs: 'Mock' object is not reversible
2025-09-02 11:45:40,572 - HeaderExtractor - WARNING - Failed to extract target version from logs: 'Mock' object is not reversible
2025-09-02 11:45:41,575 - HeaderExtractor - WARNING - Failed to extract target version from logs: 'Mock' object is not reversible
2025-09-02 11:45:42,576 - HeaderExtractor - WARNING - Failed to extract target version from logs: 'Mock' object is not reversible
2025-09-02 11:45:42,582 - HeaderExtractor - WARNING - Failed to extract target version from logs: Driver error
2025-09-02 11:45:52,250 - Journey.Test Journey - INFO - Starting journey: Test Journey
2025-09-02 11:45:52,251 - Journey.Test Journey - INFO - Description: Test Description
2025-09-02 11:45:52,251 - Journey.Test Journey - INFO - Steps: 1
2025-09-02 11:45:52,251 - Journey.Test Journey - INFO - Step 1/1: Test Step
2025-09-02 11:45:52,251 - Journey.Step.Test Step - INFO - Executing step: Test Step
2025-09-02 11:45:52,251 - Journey.Step.Test Step - INFO - Description: Test Description
2025-09-02 11:45:52,251 - Journey.Step.Test Step - INFO - Action 1/1: Test Action
2025-09-02 11:45:52,251 - Journey.Step.Test Step - ERROR - ✗ Action failed: Test Action
2025-09-02 11:45:52,251 - Journey.Test Journey - ERROR - ✗ Step failed: Test Step
2025-09-02 11:45:52,574 - HeaderExtractor - WARNING - Failed to make HEAD request to http://test.com: 403 Client Error: Forbidden for url: https://www.squadhelp.com/name/Test
2025-09-02 11:45:52,575 - HeaderExtractor - WARNING - Failed to extract target version from logs: 'Mock' object is not reversible
2025-09-02 11:45:52,575 - Journey.Test Journey - INFO - Journey completed in 0.32 seconds
2025-09-02 11:45:52,575 - Journey.Test Journey - INFO - Overall success: False
2025-09-02 11:45:52,576 - Journey.Test Journey - INFO - Steps: 0/1 succeeded
2025-09-02 11:45:52,576 - Journey.Test Journey - INFO - Actions: 0/1 succeeded
2025-09-02 11:45:52,578 - Journey.Test Journey - INFO - Starting journey: Test Journey
2025-09-02 11:45:52,578 - Journey.Test Journey - INFO - Description: Test Description
2025-09-02 11:45:52,578 - Journey.Test Journey - INFO - Steps: 1
2025-09-02 11:45:52,578 - Journey.Test Journey - INFO - Authentication required: Test Auth
2025-09-02 11:45:52,578 - Journey.Test Journey - INFO - Authentication successful
2025-09-02 11:45:52,578 - Journey.Test Journey - INFO - Step 1/1: Test Step
2025-09-02 11:45:52,578 - Journey.Step.Test Step - INFO - Executing step: Test Step
2025-09-02 11:45:52,578 - Journey.Step.Test Step - INFO - Description: Test Description
2025-09-02 11:45:52,578 - Journey.Step.Test Step - INFO - Action 1/1: Test Action
2025-09-02 11:45:52,578 - Journey.Step.Test Step - INFO - ✓ Action succeeded: Test Action
2025-09-02 11:45:52,578 - Journey.Step.Test Step - INFO - Step completed: 1 successes, 0 failures
2025-09-02 11:45:52,578 - Journey.Test Journey - INFO - ✓ Step succeeded: Test Step
2025-09-02 11:45:53,781 - HeaderExtractor - WARNING - Failed to make HEAD request to http://test.com: 403 Client Error: Forbidden for url: https://www.squadhelp.com/name/Test
2025-09-02 11:45:53,782 - HeaderExtractor - WARNING - Failed to extract target version from logs: 'Mock' object is not reversible
2025-09-02 11:45:53,782 - Journey.Test Journey - INFO - Journey completed in 1.20 seconds
2025-09-02 11:45:53,783 - Journey.Test Journey - INFO - Overall success: True
2025-09-02 11:45:53,783 - Journey.Test Journey - INFO - Steps: 1/1 succeeded
2025-09-02 11:45:53,783 - Journey.Test Journey - INFO - Actions: 1/1 succeeded
2025-09-02 11:45:53,784 - Journey.Test Journey - INFO - Starting journey: Test Journey
2025-09-02 11:45:53,784 - Journey.Test Journey - INFO - Description: Test Description
2025-09-02 11:45:53,784 - Journey.Test Journey - INFO - Steps: 1
2025-09-02 11:45:53,784 - Journey.Test Journey - INFO - Step 1/1: Test Step
2025-09-02 11:45:53,784 - Journey.Step.Test Step - INFO - Executing step: Test Step
2025-09-02 11:45:53,784 - Journey.Step.Test Step - INFO - Description: Test Description
2025-09-02 11:45:53,784 - Journey.Step.Test Step - INFO - Action 1/1: Test Action
2025-09-02 11:45:53,784 - Journey.Step.Test Step - INFO - ✓ Action succeeded: Test Action
2025-09-02 11:45:53,784 - Journey.Step.Test Step - INFO - Step completed: 1 successes, 0 failures
2025-09-02 11:45:53,784 - Journey.Test Journey - INFO - ✓ Step succeeded: Test Step
2025-09-02 11:45:54,806 - HeaderExtractor - WARNING - Failed to make HEAD request to http://test.com: 403 Client Error: Forbidden for url: https://www.squadhelp.com/name/Test
2025-09-02 11:45:54,809 - HeaderExtractor - WARNING - Failed to extract target version from logs: 'Mock' object is not reversible
2025-09-02 11:45:54,809 - Journey.Test Journey - INFO - Journey completed in 1.02 seconds
2025-09-02 11:45:54,809 - Journey.Test Journey - INFO - Overall success: True
2025-09-02 11:45:54,809 - Journey.Test Journey - INFO - Steps: 1/1 succeeded
2025-09-02 11:45:54,809 - Journey.Test Journey - INFO - Actions: 1/1 succeeded
2025-09-02 11:45:54,831 - Orchestrator.Test Scale - INFO - ============================================================
2025-09-02 11:45:54,831 - Orchestrator.Test Scale - INFO - STARTING ORCHESTRATION: Test Scale
2025-09-02 11:45:54,831 - Orchestrator.Test Scale - INFO - ============================================================
2025-09-02 11:45:54,831 - Orchestrator.Test Scale - INFO - Test: Test TTP (TTP)
2025-09-02 11:45:54,831 - Orchestrator.Test Scale - INFO - Target URL: http://test.com
2025-09-02 11:45:54,832 - Orchestrator.Test Scale - INFO - Strategy: sequential
2025-09-02 11:45:54,832 - Orchestrator.Test Scale - INFO - Replications: 3
2025-09-02 11:45:54,832 - Orchestrator.Test Scale - INFO - Max Workers: 2
2025-09-02 11:45:54,832 - Orchestrator.Test Scale - INFO - Executing TTP replication 1/3
2025-09-02 11:45:54,832 - Test TTP - INFO - Starting TTP: 'Test TTP' on http://test.com
2025-09-02 11:45:54,832 - Test TTP - INFO - Description: Test Description
2025-09-02 11:45:55,060 - Test TTP - INFO - WebDriver initialized.
2025-09-02 11:45:55,061 - Test TTP - INFO - Attempt 1: Executing with payload -> 'test_payload_0'
2025-09-02 11:45:58,847 - Test TTP - INFO - EXPECTED SUCCESS: 'test_payload_0'
2025-09-02 11:45:58,848 - Test TTP - INFO - Attempt 2: Executing with payload -> 'test_payload_1'
2025-09-02 11:45:59,916 - Test TTP - INFO - EXPECTED FAILURE: 'test_payload_1' (security control working)
2025-09-02 11:45:59,916 - Test TTP - INFO - Attempt 3: Executing with payload -> 'test_payload_2'
2025-09-02 11:46:00,995 - Test TTP - INFO - EXPECTED SUCCESS: 'test_payload_2'
2025-09-02 11:46:01,076 - Test TTP - INFO - 
==================================================
2025-09-02 11:46:01,076 - Test TTP - INFO - TTP SUMMARY: Test TTP
2025-09-02 11:46:01,076 - Test TTP - INFO - ==================================================
2025-09-02 11:46:01,076 - Test TTP - INFO - Total results: 2
2025-09-02 11:46:01,076 - Test TTP - INFO - Expected successes: 2
2025-09-02 11:46:01,076 - Test TTP - INFO -   ✓ Payload: test_payload_0 | URL: https://www.squadhelp.com/name/Test
2025-09-02 11:46:01,076 - Test TTP - INFO -   ✓ Payload: test_payload_2 | URL: https://www.squadhelp.com/name/Test
2025-09-02 11:46:01,076 - Test TTP - INFO - 
No X-SCYTHE-TARGET-VERSION headers detected in responses.
2025-09-02 11:46:01,076 - Orchestrator.Test Scale - INFO - Cool-down delay: 0.01s after execution 1
2025-09-02 11:46:01,086 - Orchestrator.Test Scale - INFO - Ramp-up delay: 0.01s before execution 2
2025-09-02 11:46:01,097 - Orchestrator.Test Scale - INFO - Executing TTP replication 2/3
2025-09-02 11:46:01,097 - Test TTP - INFO - Starting TTP: 'Test TTP' on http://test.com
2025-09-02 11:46:01,097 - Test TTP - INFO - Description: Test Description
2025-09-02 11:46:01,314 - Test TTP - INFO - WebDriver initialized.
2025-09-02 11:46:01,314 - Test TTP - INFO - Attempt 1: Executing with payload -> 'test_payload_0'
2025-09-02 11:46:05,766 - Test TTP - INFO - EXPECTED FAILURE: 'test_payload_0' (security control working)
2025-09-02 11:46:05,766 - Test TTP - INFO - Attempt 2: Executing with payload -> 'test_payload_1'
2025-09-02 11:46:06,841 - Test TTP - INFO - EXPECTED FAILURE: 'test_payload_1' (security control working)
2025-09-02 11:46:06,841 - Test TTP - INFO - Attempt 3: Executing with payload -> 'test_payload_2'
2025-09-02 11:46:07,918 - Test TTP - INFO - EXPECTED FAILURE: 'test_payload_2' (security control working)
2025-09-02 11:46:07,977 - Test TTP - INFO - 
==================================================
2025-09-02 11:46:07,977 - Test TTP - INFO - TTP SUMMARY: Test TTP
2025-09-02 11:46:07,977 - Test TTP - INFO - ==================================================
2025-09-02 11:46:07,977 - Test TTP - INFO - No successes detected (expected to find vulnerabilities).
2025-09-02 11:46:07,977 - Orchestrator.Test Scale - INFO - Cool-down delay: 0.01s after execution 2
2025-09-02 11:46:07,987 - Orchestrator.Test Scale - INFO - Ramp-up delay: 0.01s before execution 3
2025-09-02 11:46:07,998 - Orchestrator.Test Scale - INFO - Executing TTP replication 3/3
2025-09-02 11:46:07,998 - Test TTP - INFO - Starting TTP: 'Test TTP' on http://test.com
2025-09-02 11:46:07,998 - Test TTP - INFO - Description: Test Description
2025-09-02 11:46:08,224 - Test TTP - INFO - WebDriver initialized.
2025-09-02 11:46:08,225 - Test TTP - INFO - Attempt 1: Executing with payload -> 'test_payload_0'
2025-09-02 11:46:12,880 - Test TTP - INFO - EXPECTED FAILURE: 'test_payload_0' (security control working)
2025-09-02 11:46:12,880 - Test TTP - INFO - Attempt 2: Executing with payload -> 'test_payload_1'
2025-09-02 11:46:13,973 - Test TTP - INFO - EXPECTED FAILURE: 'test_payload_1' (security control working)
2025-09-02 11:46:13,973 - Test TTP - INFO - Attempt 3: Executing with payload -> 'test_payload_2'
2025-09-02 11:46:15,064 - Test TTP - INFO - EXPECTED FAILURE: 'test_payload_2' (security control working)
2025-09-02 11:46:15,121 - Test TTP - INFO - 
==================================================
2025-09-02 11:46:15,121 - Test TTP - INFO - TTP SUMMARY: Test TTP
2025-09-02 11:46:15,121 - Test TTP - INFO - ==================================================
2025-09-02 11:46:15,122 - Test TTP - INFO - No successes detected (expected to find vulnerabilities).
2025-09-02 11:46:15,122 - Orchestrator.Test Scale - INFO - Cool-down delay: 0.01s after execution 3
2025-09-02 11:46:15,132 - Orchestrator.Test Scale - INFO - 
============================================================
2025-09-02 11:46:15,132 - Orchestrator.Test Scale - INFO - ORCHESTRATION SUMMARY: Test Scale
2025-09-02 11:46:15,132 - Orchestrator.Test Scale - INFO - ============================================================
2025-09-02 11:46:15,132 - Orchestrator.Test Scale - INFO - Strategy: sequential
2025-09-02 11:46:15,132 - Orchestrator.Test Scale - INFO - Executions: 1/3 successful (33.3%)
2025-09-02 11:46:15,132 - Orchestrator.Test Scale - INFO - Total Time: 20.30s
2025-09-02 11:46:15,132 - Orchestrator.Test Scale - INFO - Average Time: 6.77s
2025-09-02 11:46:15,132 - Orchestrator.Test Scale - INFO - ============================================================
2025-09-11 10:35:14,990 - HeaderExtractor - WARNING - Failed to extract target version from logs: 'Mock' object is not reversible
2025-09-11 10:35:14,990 - HeaderExtractor - WARNING - Failed to extract target version from logs: 'Mock' object is not reversible
2025-09-11 10:35:14,992 - HeaderExtractor - WARNING - Failed to extract target version from logs: 'Mock' object is not reversible
2025-09-11 10:35:14,993 - HeaderExtractor - WARNING - Failed to extract target version from logs: 'Mock' object is not reversible
2025-09-11 10:35:14,993 - Mock TTP - INFO - Starting TTP: 'Mock TTP' on http://test.com
2025-09-11 10:35:14,993 - Mock TTP - INFO - Description: A mock TTP for testing behaviors
2025-09-11 10:35:14,993 - Mock TTP - INFO - Using behavior: Mock Behavior
2025-09-11 10:35:14,993 - Mock TTP - INFO - Behavior description: Mock behavior for testing
2025-09-11 10:35:14,994 - Mock TTP - INFO - Attempt 1: Executing with payload -> 'test1'
2025-09-11 10:35:15,094 - Mock TTP - INFO - EXPECTED FAILURE: 'test1' (security control working)
2025-09-11 10:35:15,094 - Mock TTP - INFO - Attempt 2: Executing with payload -> 'test2'
2025-09-11 10:35:15,195 - Mock TTP - INFO - EXPECTED FAILURE: 'test2' (security control working)
2025-09-11 10:35:15,195 - Mock TTP - INFO - Attempt 3: Executing with payload -> 'test3'
2025-09-11 10:35:15,295 - Mock TTP - INFO - EXPECTED FAILURE: 'test3' (security control working)
2025-09-11 10:35:40,859 - HeaderExtractor - WARNING - Failed to extract target version from logs: 'Mock' object is not reversible
2025-09-11 10:35:42,863 - HeaderExtractor - WARNING - Failed to extract target version from logs: 'Mock' object is not reversible
2025-09-11 10:35:44,865 - HeaderExtractor - WARNING - Failed to extract target version from logs: 'Mock' object is not reversible
2025-09-11 10:35:46,865 - HeaderExtractor - WARNING - Failed to extract target version from logs: 'Mock' object is not reversible
2025-09-11 10:35:48,867 - HeaderExtractor - WARNING - Failed to extract target version from logs: 'Mock' object is not reversible
2025-09-11 10:35:50,868 - HeaderExtractor - WARNING - Failed to extract target version from logs: 'Mock' object is not reversible
2025-09-11 10:35:53,873 - HeaderExtractor - WARNING - Failed to extract target version from logs: 'Mock' object is not reversible
2025-09-11 10:35:54,873 - HeaderExtractor - WARNING - Failed to extract target version from logs: 'Mock' object is not reversible
2025-09-11 10:35:55,875 - HeaderExtractor - WARNING - Failed to extract target version from logs: 'Mock' object is not reversible
2025-09-11 10:35:56,876 - HeaderExtractor - WARNING - Failed to extract target version from logs: 'Mock' object is not reversible
2025-09-11 10:35:56,879 - HeaderExtractor - WARNING - Failed to extract target version from logs: Driver error
2025-09-11 10:35:58,882 - Journey.Test Journey - INFO - Starting journey: Test Journey
2025-09-11 10:35:58,883 - Journey.Test Journey - INFO - Description: Test Description
2025-09-11 10:35:58,883 - Journey.Test Journey - INFO - Steps: 1
2025-09-11 10:35:58,883 - Journey.Test Journey - INFO - Step 1/1: Test Step
2025-09-11 10:35:58,883 - Journey.Step.Test Step - INFO - Executing step: Test Step
2025-09-11 10:35:58,883 - Journey.Step.Test Step - INFO - Description: Test Description
2025-09-11 10:35:58,883 - Journey.Step.Test Step - INFO - Action 1/1: Test Action
2025-09-11 10:35:58,883 - Journey.Step.Test Step - ERROR - ✗ Action failed: Test Action
2025-09-11 10:35:58,883 - Journey.Test Journey - ERROR - ✗ Step failed: Test Step
2025-09-11 10:36:00,315 - HeaderExtractor - WARNING - Failed to make HEAD request to http://test.com: 403 Client Error: Forbidden for url: https://www.squadhelp.com/name/Test
2025-09-11 10:36:00,317 - HeaderExtractor - WARNING - Failed to extract target version from logs: 'Mock' object is not reversible
2025-09-11 10:36:00,317 - Journey.Test Journey - INFO - Journey completed in 1.43 seconds
2025-09-11 10:36:00,318 - Journey.Test Journey - INFO - Overall success: False
2025-09-11 10:36:00,318 - Journey.Test Journey - INFO - Steps: 0/1 succeeded
2025-09-11 10:36:00,318 - Journey.Test Journey - INFO - Actions: 0/1 succeeded
2025-09-11 10:36:00,324 - Journey.Test Journey - INFO - Starting journey: Test Journey
2025-09-11 10:36:00,324 - Journey.Test Journey - INFO - Description: Test Description
2025-09-11 10:36:00,324 - Journey.Test Journey - INFO - Steps: 1
2025-09-11 10:36:00,324 - Journey.Test Journey - INFO - Authentication required: Test Auth
2025-09-11 10:36:00,324 - Journey.Test Journey - INFO - Authentication successful
2025-09-11 10:36:00,324 - Journey.Test Journey - INFO - Step 1/1: Test Step
2025-09-11 10:36:00,324 - Journey.Step.Test Step - INFO - Executing step: Test Step
2025-09-11 10:36:00,324 - Journey.Step.Test Step - INFO - Description: Test Description
2025-09-11 10:36:00,324 - Journey.Step.Test Step - INFO - Action 1/1: Test Action
2025-09-11 10:36:00,324 - Journey.Step.Test Step - INFO - ✓ Action succeeded: Test Action
2025-09-11 10:36:00,324 - Journey.Step.Test Step - INFO - Step completed: 1 successes, 0 failures
2025-09-11 10:36:00,324 - Journey.Test Journey - INFO - ✓ Step succeeded: Test Step
2025-09-11 10:36:01,754 - HeaderExtractor - WARNING - Failed to make HEAD request to http://test.com: 403 Client Error: Forbidden for url: https://www.squadhelp.com/name/Test
2025-09-11 10:36:01,756 - HeaderExtractor - WARNING - Failed to extract target version from logs: 'Mock' object is not reversible
2025-09-11 10:36:01,756 - Journey.Test Journey - INFO - Journey completed in 1.43 seconds
2025-09-11 10:36:01,756 - Journey.Test Journey - INFO - Overall success: True
2025-09-11 10:36:01,756 - Journey.Test Journey - INFO - Steps: 1/1 succeeded
2025-09-11 10:36:01,756 - Journey.Test Journey - INFO - Actions: 1/1 succeeded
2025-09-11 10:36:01,757 - Journey.Test Journey - INFO - Starting journey: Test Journey
2025-09-11 10:36:01,757 - Journey.Test Journey - INFO - Description: Test Description
2025-09-11 10:36:01,757 - Journey.Test Journey - INFO - Steps: 1
2025-09-11 10:36:01,757 - Journey.Test Journey - INFO - Step 1/1: Test Step
2025-09-11 10:36:01,757 - Journey.Step.Test Step - INFO - Executing step: Test Step
2025-09-11 10:36:01,757 - Journey.Step.Test Step - INFO - Description: Test Description
2025-09-11 10:36:01,757 - Journey.Step.Test Step - INFO - Action 1/1: Test Action
2025-09-11 10:36:01,757 - Journey.Step.Test Step - INFO - ✓ Action succeeded: Test Action
2025-09-11 10:36:01,757 - Journey.Step.Test Step - INFO - Step completed: 1 successes, 0 failures
2025-09-11 10:36:01,757 - Journey.Test Journey - INFO - ✓ Step succeeded: Test Step
2025-09-11 10:36:03,126 - HeaderExtractor - WARNING - Failed to make HEAD request to http://test.com: 403 Client Error: Forbidden for url: https://www.squadhelp.com/name/Test
2025-09-11 10:36:03,128 - HeaderExtractor - WARNING - Failed to extract target version from logs: 'Mock' object is not reversible
2025-09-11 10:36:03,128 - Journey.Test Journey - INFO - Journey completed in 1.37 seconds
2025-09-11 10:36:03,128 - Journey.Test Journey - INFO - Overall success: True
2025-09-11 10:36:03,128 - Journey.Test Journey - INFO - Steps: 1/1 succeeded
2025-09-11 10:36:03,128 - Journey.Test Journey - INFO - Actions: 1/1 succeeded
2025-09-11 10:36:03,143 - Orchestrator.Test Scale - INFO - ============================================================
2025-09-11 10:36:03,143 - Orchestrator.Test Scale - INFO - STARTING ORCHESTRATION: Test Scale
2025-09-11 10:36:03,144 - Orchestrator.Test Scale - INFO - ============================================================
2025-09-11 10:36:03,144 - Orchestrator.Test Scale - INFO - Test: Test TTP (TTP)
2025-09-11 10:36:03,144 - Orchestrator.Test Scale - INFO - Target URL: http://test.com
2025-09-11 10:36:03,144 - Orchestrator.Test Scale - INFO - Strategy: sequential
2025-09-11 10:36:03,144 - Orchestrator.Test Scale - INFO - Replications: 3
2025-09-11 10:36:03,144 - Orchestrator.Test Scale - INFO - Max Workers: 2
2025-09-11 10:36:03,144 - Orchestrator.Test Scale - INFO - Executing TTP replication 1/3
2025-09-11 10:36:03,144 - Test TTP - INFO - Starting TTP: 'Test TTP' on http://test.com
2025-09-11 10:36:03,144 - Test TTP - INFO - Description: Test Description
2025-09-11 10:36:04,220 - Test TTP - INFO - WebDriver initialized.
2025-09-11 10:36:04,220 - Test TTP - INFO - Attempt 1: Executing with payload -> 'test_payload_0'
2025-09-11 10:36:08,715 - Test TTP - INFO - EXPECTED SUCCESS: 'test_payload_0'
2025-09-11 10:36:08,715 - Test TTP - INFO - Attempt 2: Executing with payload -> 'test_payload_1'
2025-09-11 10:36:09,793 - Test TTP - INFO - EXPECTED FAILURE: 'test_payload_1' (security control working)
2025-09-11 10:36:09,793 - Test TTP - INFO - Attempt 3: Executing with payload -> 'test_payload_2'
2025-09-11 10:36:10,864 - Test TTP - INFO - EXPECTED SUCCESS: 'test_payload_2'
2025-09-11 10:36:10,937 - Test TTP - INFO - 
==================================================
2025-09-11 10:36:10,937 - Test TTP - INFO - TTP SUMMARY: Test TTP
2025-09-11 10:36:10,937 - Test TTP - INFO - ==================================================
2025-09-11 10:36:10,937 - Test TTP - INFO - Total results: 2
2025-09-11 10:36:10,937 - Test TTP - INFO - Expected successes: 2
2025-09-11 10:36:10,937 - Test TTP - INFO -   ✓ Payload: test_payload_0 | URL: https://www.squadhelp.com/name/Test
2025-09-11 10:36:10,937 - Test TTP - INFO -   ✓ Payload: test_payload_2 | URL: https://www.squadhelp.com/name/Test
2025-09-11 10:36:10,937 - Test TTP - INFO - 
No X-SCYTHE-TARGET-VERSION headers detected in responses.
2025-09-11 10:36:10,937 - Orchestrator.Test Scale - INFO - Cool-down delay: 0.01s after execution 1
2025-09-11 10:36:10,947 - Orchestrator.Test Scale - INFO - Ramp-up delay: 0.01s before execution 2
2025-09-11 10:36:10,957 - Orchestrator.Test Scale - INFO - Executing TTP replication 2/3
2025-09-11 10:36:10,958 - Test TTP - INFO - Starting TTP: 'Test TTP' on http://test.com
2025-09-11 10:36:10,958 - Test TTP - INFO - Description: Test Description
2025-09-11 10:36:11,196 - Test TTP - INFO - WebDriver initialized.
2025-09-11 10:36:11,196 - Test TTP - INFO - Attempt 1: Executing with payload -> 'test_payload_0'
2025-09-11 10:36:14,679 - Test TTP - INFO - EXPECTED FAILURE: 'test_payload_0' (security control working)
2025-09-11 10:36:14,679 - Test TTP - INFO - Attempt 2: Executing with payload -> 'test_payload_1'
2025-09-11 10:36:15,754 - Test TTP - INFO - EXPECTED FAILURE: 'test_payload_1' (security control working)
2025-09-11 10:36:15,754 - Test TTP - INFO - Attempt 3: Executing with payload -> 'test_payload_2'
2025-09-11 10:36:16,822 - Test TTP - INFO - EXPECTED FAILURE: 'test_payload_2' (security control working)
2025-09-11 10:36:16,877 - Test TTP - INFO - 
==================================================
2025-09-11 10:36:16,877 - Test TTP - INFO - TTP SUMMARY: Test TTP
2025-09-11 10:36:16,877 - Test TTP - INFO - ==================================================
2025-09-11 10:36:16,877 - Test TTP - INFO - No successes detected (expected to find vulnerabilities).
2025-09-11 10:36:16,877 - Orchestrator.Test Scale - INFO - Cool-down delay: 0.01s after execution 2
2025-09-11 10:36:16,887 - Orchestrator.Test Scale - INFO - Ramp-up delay: 0.01s before execution 3
2025-09-11 10:36:16,897 - Orchestrator.Test Scale - INFO - Executing TTP replication 3/3
2025-09-11 10:36:16,898 - Test TTP - INFO - Starting TTP: 'Test TTP' on http://test.com
2025-09-11 10:36:16,898 - Test TTP - INFO - Description: Test Description
2025-09-11 10:36:17,136 - Test TTP - INFO - WebDriver initialized.
2025-09-11 10:36:17,136 - Test TTP - INFO - Attempt 1: Executing with payload -> 'test_payload_0'
2025-09-11 10:36:20,350 - Test TTP - INFO - EXPECTED FAILURE: 'test_payload_0' (security control working)
2025-09-11 10:36:20,350 - Test TTP - INFO - Attempt 2: Executing with payload -> 'test_payload_1'
2025-09-11 10:36:21,422 - Test TTP - INFO - EXPECTED FAILURE: 'test_payload_1' (security control working)
2025-09-11 10:36:21,422 - Test TTP - INFO - Attempt 3: Executing with payload -> 'test_payload_2'
2025-09-11 10:36:22,513 - Test TTP - INFO - EXPECTED FAILURE: 'test_payload_2' (security control working)
2025-09-11 10:36:22,568 - Test TTP - INFO - 
==================================================
2025-09-11 10:36:22,568 - Test TTP - INFO - TTP SUMMARY: Test TTP
2025-09-11 10:36:22,568 - Test TTP - INFO - ==================================================
2025-09-11 10:36:22,568 - Test TTP - INFO - No successes detected (expected to find vulnerabilities).
2025-09-11 10:36:22,568 - Orchestrator.Test Scale - INFO - Cool-down delay: 0.01s after execution 3
2025-09-11 10:36:22,578 - Orchestrator.Test Scale - INFO - 
============================================================
2025-09-11 10:36:22,579 - Orchestrator.Test Scale - INFO - ORCHESTRATION SUMMARY: Test Scale
2025-09-11 10:36:22,579 - Orchestrator.Test Scale - INFO - ============================================================
2025-09-11 10:36:22,579 - Orchestrator.Test Scale - INFO - Strategy: sequential
2025-09-11 10:36:22,579 - Orchestrator.Test Scale - INFO - Executions: 1/3 successful (33.3%)
2025-09-11 10:36:22,579 - Orchestrator.Test Scale - INFO - Total Time: 19.43s
2025-09-11 10:36:22,579 - Orchestrator.Test Scale - INFO - Average Time: 6.48s
2025-09-11 10:36:22,579 - Orchestrator.Test Scale - INFO - ============================================================
2025-09-11 10:37:12,646 - HeaderExtractor - WARNING - Failed to extract target version from logs: 'Mock' object is not reversible
2025-09-11 10:37:12,646 - HeaderExtractor - WARNING - Failed to extract target version from logs: 'Mock' object is not reversible
2025-09-11 10:37:12,649 - HeaderExtractor - WARNING - Failed to extract target version from logs: 'Mock' object is not reversible
2025-09-11 10:37:12,649 - HeaderExtractor - WARNING - Failed to extract target version from logs: 'Mock' object is not reversible
2025-09-11 10:37:12,650 - Mock TTP - INFO - Starting TTP: 'Mock TTP' on http://test.com
2025-09-11 10:37:12,650 - Mock TTP - INFO - Description: A mock TTP for testing behaviors
2025-09-11 10:37:12,650 - Mock TTP - INFO - Using behavior: Mock Behavior
2025-09-11 10:37:12,650 - Mock TTP - INFO - Behavior description: Mock behavior for testing
2025-09-11 10:37:12,650 - Mock TTP - INFO - Attempt 1: Executing with payload -> 'test1'
2025-09-11 10:37:12,750 - Mock TTP - INFO - EXPECTED FAILURE: 'test1' (security control working)
2025-09-11 10:37:12,751 - Mock TTP - INFO - Attempt 2: Executing with payload -> 'test2'
2025-09-11 10:37:12,851 - Mock TTP - INFO - EXPECTED FAILURE: 'test2' (security control working)
2025-09-11 10:37:12,851 - Mock TTP - INFO - Attempt 3: Executing with payload -> 'test3'
2025-09-11 10:37:12,952 - Mock TTP - INFO - EXPECTED FAILURE: 'test3' (security control working)
2025-09-11 10:37:33,301 - HeaderExtractor - WARNING - Failed to extract target version from logs: 'Mock' object is not reversible
2025-09-11 10:37:35,305 - HeaderExtractor - WARNING - Failed to extract target version from logs: 'Mock' object is not reversible
2025-09-11 10:37:37,306 - HeaderExtractor - WARNING - Failed to extract target version from logs: 'Mock' object is not reversible
2025-09-11 10:37:39,307 - HeaderExtractor - WARNING - Failed to extract target version from logs: 'Mock' object is not reversible
2025-09-11 10:37:41,309 - HeaderExtractor - WARNING - Failed to extract target version from logs: 'Mock' object is not reversible
2025-09-11 10:37:43,310 - HeaderExtractor - WARNING - Failed to extract target version from logs: 'Mock' object is not reversible
2025-09-11 10:37:46,316 - HeaderExtractor - WARNING - Failed to extract target version from logs: 'Mock' object is not reversible
2025-09-11 10:37:47,316 - HeaderExtractor - WARNING - Failed to extract target version from logs: 'Mock' object is not reversible
2025-09-11 10:37:48,318 - HeaderExtractor - WARNING - Failed to extract target version from logs: 'Mock' object is not reversible
2025-09-11 10:37:49,320 - HeaderExtractor - WARNING - Failed to extract target version from logs: 'Mock' object is not reversible
2025-09-11 10:37:49,322 - HeaderExtractor - WARNING - Failed to extract target version from logs: Driver error
2025-09-11 10:37:50,105 - Journey.Test Journey - INFO - Starting journey: Test Journey
2025-09-11 10:37:50,105 - Journey.Test Journey - INFO - Description: Test Description
2025-09-11 10:37:50,105 - Journey.Test Journey - INFO - Steps: 1
2025-09-11 10:37:50,105 - Journey.Test Journey - INFO - Step 1/1: Test Step
2025-09-11 10:37:50,105 - Journey.Step.Test Step - INFO - Executing step: Test Step
2025-09-11 10:37:50,105 - Journey.Step.Test Step - INFO - Description: Test Description
2025-09-11 10:37:50,105 - Journey.Step.Test Step - INFO - Action 1/1: Test Action
2025-09-11 10:37:50,106 - Journey.Step.Test Step - ERROR - ✗ Action failed: Test Action
2025-09-11 10:37:50,106 - Journey.Test Journey - ERROR - ✗ Step failed: Test Step
2025-09-11 10:37:50,582 - HeaderExtractor - WARNING - Failed to make HEAD request to http://test.com: 403 Client Error: Forbidden for url: https://www.squadhelp.com/name/Test
2025-09-11 10:37:50,584 - HeaderExtractor - WARNING - Failed to extract target version from logs: 'Mock' object is not reversible
2025-09-11 10:37:50,585 - Journey.Test Journey - INFO - Journey completed in 0.48 seconds
2025-09-11 10:37:50,585 - Journey.Test Journey - INFO - Overall success: False
2025-09-11 10:37:50,585 - Journey.Test Journey - INFO - Steps: 0/1 succeeded
2025-09-11 10:37:50,585 - Journey.Test Journey - INFO - Actions: 0/1 succeeded
2025-09-11 10:37:50,588 - Journey.Test Journey - INFO - Starting journey: Test Journey
2025-09-11 10:37:50,588 - Journey.Test Journey - INFO - Description: Test Description
2025-09-11 10:37:50,588 - Journey.Test Journey - INFO - Steps: 1
2025-09-11 10:37:50,589 - Journey.Test Journey - INFO - Authentication required: Test Auth
2025-09-11 10:37:50,589 - Journey.Test Journey - INFO - Authentication successful
2025-09-11 10:37:50,589 - Journey.Test Journey - INFO - Step 1/1: Test Step
2025-09-11 10:37:50,589 - Journey.Step.Test Step - INFO - Executing step: Test Step
2025-09-11 10:37:50,589 - Journey.Step.Test Step - INFO - Description: Test Description
2025-09-11 10:37:50,589 - Journey.Step.Test Step - INFO - Action 1/1: Test Action
2025-09-11 10:37:50,589 - Journey.Step.Test Step - INFO - ✓ Action succeeded: Test Action
2025-09-11 10:37:50,589 - Journey.Step.Test Step - INFO - Step completed: 1 successes, 0 failures
2025-09-11 10:37:50,589 - Journey.Test Journey - INFO - ✓ Step succeeded: Test Step
2025-09-11 10:37:50,953 - HeaderExtractor - WARNING - Failed to make HEAD request to http://test.com: 403 Client Error: Forbidden for url: https://www.squadhelp.com/name/Test
2025-09-11 10:37:50,955 - HeaderExtractor - WARNING - Failed to extract target version from logs: 'Mock' object is not reversible
2025-09-11 10:37:50,955 - Journey.Test Journey - INFO - Journey completed in 0.37 seconds
2025-09-11 10:37:50,955 - Journey.Test Journey - INFO - Overall success: True
2025-09-11 10:37:50,955 - Journey.Test Journey - INFO - Steps: 1/1 succeeded
2025-09-11 10:37:50,955 - Journey.Test Journey - INFO - Actions: 1/1 succeeded
2025-09-11 10:37:50,957 - Journey.Test Journey - INFO - Starting journey: Test Journey
2025-09-11 10:37:50,957 - Journey.Test Journey - INFO - Description: Test Description
2025-09-11 10:37:50,957 - Journey.Test Journey - INFO - Steps: 1
2025-09-11 10:37:50,957 - Journey.Test Journey - INFO - Step 1/1: Test Step
2025-09-11 10:37:50,957 - Journey.Step.Test Step - INFO - Executing step: Test Step
2025-09-11 10:37:50,957 - Journey.Step.Test Step - INFO - Description: Test Description
2025-09-11 10:37:50,957 - Journey.Step.Test Step - INFO - Action 1/1: Test Action
2025-09-11 10:37:50,957 - Journey.Step.Test Step - INFO - ✓ Action succeeded: Test Action
2025-09-11 10:37:50,957 - Journey.Step.Test Step - INFO - Step completed: 1 successes, 0 failures
2025-09-11 10:37:50,957 - Journey.Test Journey - INFO - ✓ Step succeeded: Test Step
2025-09-11 10:37:51,333 - HeaderExtractor - WARNING - Failed to make HEAD request to http://test.com: 403 Client Error: Forbidden for url: https://www.squadhelp.com/name/Test
2025-09-11 10:37:51,335 - HeaderExtractor - WARNING - Failed to extract target version from logs: 'Mock' object is not reversible
2025-09-11 10:37:51,335 - Journey.Test Journey - INFO - Journey completed in 0.38 seconds
2025-09-11 10:37:51,335 - Journey.Test Journey - INFO - Overall success: True
2025-09-11 10:37:51,335 - Journey.Test Journey - INFO - Steps: 1/1 succeeded
2025-09-11 10:37:51,335 - Journey.Test Journey - INFO - Actions: 1/1 succeeded
2025-09-11 10:37:51,349 - Orchestrator.Test Scale - INFO - ============================================================
2025-09-11 10:37:51,349 - Orchestrator.Test Scale - INFO - STARTING ORCHESTRATION: Test Scale
2025-09-11 10:37:51,349 - Orchestrator.Test Scale - INFO - ============================================================
2025-09-11 10:37:51,349 - Orchestrator.Test Scale - INFO - Test: Test TTP (TTP)
2025-09-11 10:37:51,349 - Orchestrator.Test Scale - INFO - Target URL: http://test.com
2025-09-11 10:37:51,349 - Orchestrator.Test Scale - INFO - Strategy: sequential
2025-09-11 10:37:51,349 - Orchestrator.Test Scale - INFO - Replications: 3
2025-09-11 10:37:51,349 - Orchestrator.Test Scale - INFO - Max Workers: 2
2025-09-11 10:37:51,349 - Orchestrator.Test Scale - INFO - Executing TTP replication 1/3
2025-09-11 10:37:51,350 - Test TTP - INFO - Starting TTP: 'Test TTP' on http://test.com
2025-09-11 10:37:51,350 - Test TTP - INFO - Description: Test Description
2025-09-11 10:37:51,582 - Test TTP - INFO - WebDriver initialized.
2025-09-11 10:37:51,582 - Test TTP - INFO - Attempt 1: Executing with payload -> 'test_payload_0'
2025-09-11 10:37:53,373 - Test TTP - INFO - EXPECTED SUCCESS: 'test_payload_0'
2025-09-11 10:37:53,373 - Test TTP - INFO - Attempt 2: Executing with payload -> 'test_payload_1'
2025-09-11 10:37:54,454 - Test TTP - INFO - EXPECTED FAILURE: 'test_payload_1' (security control working)
2025-09-11 10:37:54,454 - Test TTP - INFO - Attempt 3: Executing with payload -> 'test_payload_2'
2025-09-11 10:37:55,521 - Test TTP - INFO - EXPECTED SUCCESS: 'test_payload_2'
2025-09-11 10:37:55,597 - Test TTP - INFO - 
==================================================
2025-09-11 10:37:55,597 - Test TTP - INFO - TTP SUMMARY: Test TTP
2025-09-11 10:37:55,597 - Test TTP - INFO - ==================================================
2025-09-11 10:37:55,598 - Test TTP - INFO - Total results: 2
2025-09-11 10:37:55,598 - Test TTP - INFO - Expected successes: 2
2025-09-11 10:37:55,598 - Test TTP - INFO -   ✓ Payload: test_payload_0 | URL: https://www.squadhelp.com/name/Test
2025-09-11 10:37:55,598 - Test TTP - INFO -   ✓ Payload: test_payload_2 | URL: https://www.squadhelp.com/name/Test
2025-09-11 10:37:55,598 - Test TTP - INFO - 
No X-SCYTHE-TARGET-VERSION headers detected in responses.
2025-09-11 10:37:55,598 - Orchestrator.Test Scale - INFO - Cool-down delay: 0.01s after execution 1
2025-09-11 10:37:55,608 - Orchestrator.Test Scale - INFO - Ramp-up delay: 0.01s before execution 2
2025-09-11 10:37:55,618 - Orchestrator.Test Scale - INFO - Executing TTP replication 2/3
2025-09-11 10:37:55,618 - Test TTP - INFO - Starting TTP: 'Test TTP' on http://test.com
2025-09-11 10:37:55,618 - Test TTP - INFO - Description: Test Description
2025-09-11 10:37:55,855 - Test TTP - INFO - WebDriver initialized.
2025-09-11 10:37:55,855 - Test TTP - INFO - Attempt 1: Executing with payload -> 'test_payload_0'
2025-09-11 10:37:57,573 - Test TTP - INFO - EXPECTED FAILURE: 'test_payload_0' (security control working)
2025-09-11 10:37:57,573 - Test TTP - INFO - Attempt 2: Executing with payload -> 'test_payload_1'
2025-09-11 10:37:58,648 - Test TTP - INFO - EXPECTED FAILURE: 'test_payload_1' (security control working)
2025-09-11 10:37:58,648 - Test TTP - INFO - Attempt 3: Executing with payload -> 'test_payload_2'
2025-09-11 10:37:59,718 - Test TTP - INFO - EXPECTED FAILURE: 'test_payload_2' (security control working)
2025-09-11 10:37:59,773 - Test TTP - INFO - 
==================================================
2025-09-11 10:37:59,773 - Test TTP - INFO - TTP SUMMARY: Test TTP
2025-09-11 10:37:59,773 - Test TTP - INFO - ==================================================
2025-09-11 10:37:59,773 - Test TTP - INFO - No successes detected (expected to find vulnerabilities).
2025-09-11 10:37:59,773 - Orchestrator.Test Scale - INFO - Cool-down delay: 0.01s after execution 2
2025-09-11 10:37:59,783 - Orchestrator.Test Scale - INFO - Ramp-up delay: 0.01s before execution 3
2025-09-11 10:37:59,794 - Orchestrator.Test Scale - INFO - Executing TTP replication 3/3
2025-09-11 10:37:59,794 - Test TTP - INFO - Starting TTP: 'Test TTP' on http://test.com
2025-09-11 10:37:59,794 - Test TTP - INFO - Description: Test Description
2025-09-11 10:38:00,019 - Test TTP - INFO - WebDriver initialized.
2025-09-11 10:38:00,019 - Test TTP - INFO - Attempt 1: Executing with payload -> 'test_payload_0'
2025-09-11 10:38:01,762 - Test TTP - INFO - EXPECTED FAILURE: 'test_payload_0' (security control working)
2025-09-11 10:38:01,762 - Test TTP - INFO - Attempt 2: Executing with payload -> 'test_payload_1'
2025-09-11 10:38:02,829 - Test TTP - INFO - EXPECTED FAILURE: 'test_payload_1' (security control working)
2025-09-11 10:38:02,829 - Test TTP - INFO - Attempt 3: Executing with payload -> 'test_payload_2'
2025-09-11 10:38:03,910 - Test TTP - INFO - EXPECTED FAILURE: 'test_payload_2' (security control working)
2025-09-11 10:38:03,964 - Test TTP - INFO - 
==================================================
2025-09-11 10:38:03,964 - Test TTP - INFO - TTP SUMMARY: Test TTP
2025-09-11 10:38:03,964 - Test TTP - INFO - ==================================================
2025-09-11 10:38:03,964 - Test TTP - INFO - No successes detected (expected to find vulnerabilities).
2025-09-11 10:38:03,964 - Orchestrator.Test Scale - INFO - Cool-down delay: 0.01s after execution 3
2025-09-11 10:38:03,975 - Orchestrator.Test Scale - INFO - 
============================================================
2025-09-11 10:38:03,975 - Orchestrator.Test Scale - INFO - ORCHESTRATION SUMMARY: Test Scale
2025-09-11 10:38:03,975 - Orchestrator.Test Scale - INFO - ============================================================
2025-09-11 10:38:03,975 - Orchestrator.Test Scale - INFO - Strategy: sequential
2025-09-11 10:38:03,975 - Orchestrator.Test Scale - INFO - Executions: 1/3 successful (33.3%)
2025-09-11 10:38:03,975 - Orchestrator.Test Scale - INFO - Total Time: 12.63s
2025-09-11 10:38:03,975 - Orchestrator.Test Scale - INFO - Average Time: 4.21s
2025-09-11 10:38:03,975 - Orchestrator.Test Scale - INFO - ============================================================
2025-09-11 11:14:35,071 - HeaderExtractor - WARNING - Failed to extract target version from logs: 'Mock' object is not reversible
2025-09-11 11:14:35,071 - HeaderExtractor - WARNING - Failed to extract target version from logs: 'Mock' object is not reversible
2025-09-11 11:14:35,073 - HeaderExtractor - WARNING - Failed to extract target version from logs: 'Mock' object is not reversible
2025-09-11 11:14:35,073 - HeaderExtractor - WARNING - Failed to extract target version from logs: 'Mock' object is not reversible
2025-09-11 11:14:35,074 - Mock TTP - INFO - Starting TTP: 'Mock TTP' on http://test.com
2025-09-11 11:14:35,074 - Mock TTP - INFO - Description: A mock TTP for testing behaviors
2025-09-11 11:14:35,074 - Mock TTP - INFO - Using behavior: Mock Behavior
2025-09-11 11:14:35,074 - Mock TTP - INFO - Behavior description: Mock behavior for testing
2025-09-11 11:14:35,074 - Mock TTP - INFO - Attempt 1: Executing with payload -> 'test1'
2025-09-11 11:14:35,175 - Mock TTP - INFO - EXPECTED FAILURE: 'test1' (security control working)
2025-09-11 11:14:35,175 - Mock TTP - INFO - Attempt 2: Executing with payload -> 'test2'
2025-09-11 11:14:35,275 - Mock TTP - INFO - EXPECTED FAILURE: 'test2' (security control working)
2025-09-11 11:14:35,276 - Mock TTP - INFO - Attempt 3: Executing with payload -> 'test3'
2025-09-11 11:14:35,376 - Mock TTP - INFO - EXPECTED FAILURE: 'test3' (security control working)
2025-09-11 11:15:05,427 - HeaderExtractor - WARNING - Failed to extract target version from logs: 'Mock' object is not reversible
2025-09-11 11:15:07,431 - HeaderExtractor - WARNING - Failed to extract target version from logs: 'Mock' object is not reversible
2025-09-11 11:15:09,433 - HeaderExtractor - WARNING - Failed to extract target version from logs: 'Mock' object is not reversible
2025-09-11 11:15:11,434 - HeaderExtractor - WARNING - Failed to extract target version from logs: 'Mock' object is not reversible
2025-09-11 11:15:13,436 - HeaderExtractor - WARNING - Failed to extract target version from logs: 'Mock' object is not reversible
2025-09-11 11:15:15,437 - HeaderExtractor - WARNING - Failed to extract target version from logs: 'Mock' object is not reversible
2025-09-11 11:15:18,443 - HeaderExtractor - WARNING - Failed to extract target version from logs: 'Mock' object is not reversible
2025-09-11 11:15:19,443 - HeaderExtractor - WARNING - Failed to extract target version from logs: 'Mock' object is not reversible
2025-09-11 11:15:20,445 - HeaderExtractor - WARNING - Failed to extract target version from logs: 'Mock' object is not reversible
2025-09-11 11:15:21,448 - HeaderExtractor - WARNING - Failed to extract target version from logs: 'Mock' object is not reversible
2025-09-11 11:15:21,450 - HeaderExtractor - WARNING - Failed to extract target version from logs: Driver error
2025-09-11 11:15:22,195 - Journey.Test Journey - INFO - Starting journey: Test Journey
2025-09-11 11:15:22,196 - Journey.Test Journey - INFO - Description: Test Description
2025-09-11 11:15:22,196 - Journey.Test Journey - INFO - Steps: 1
2025-09-11 11:15:22,196 - Journey.Test Journey - INFO - Step 1/1: Test Step
2025-09-11 11:15:22,196 - Journey.Step.Test Step - INFO - Executing step: Test Step
2025-09-11 11:15:22,196 - Journey.Step.Test Step - INFO - Description: Test Description
2025-09-11 11:15:22,196 - Journey.Step.Test Step - INFO - Action 1/1: Test Action
2025-09-11 11:15:22,196 - Journey.Step.Test Step - ERROR - ✗ Action failed: Test Action
2025-09-11 11:15:22,196 - Journey.Test Journey - ERROR - ✗ Step failed: Test Step
2025-09-11 11:15:22,493 - HeaderExtractor - WARNING - Failed to make HEAD request to http://test.com: 403 Client Error: Forbidden for url: https://www.squadhelp.com/name/Test
2025-09-11 11:15:22,495 - HeaderExtractor - WARNING - Failed to extract target version from logs: 'Mock' object is not reversible
2025-09-11 11:15:22,496 - Journey.Test Journey - INFO - Journey completed in 0.30 seconds
2025-09-11 11:15:22,496 - Journey.Test Journey - INFO - Overall success: False
2025-09-11 11:15:22,496 - Journey.Test Journey - INFO - Steps: 0/1 succeeded
2025-09-11 11:15:22,496 - Journey.Test Journey - INFO - Actions: 0/1 succeeded
2025-09-11 11:15:22,500 - Journey.Test Journey - INFO - Starting journey: Test Journey
2025-09-11 11:15:22,500 - Journey.Test Journey - INFO - Description: Test Description
2025-09-11 11:15:22,500 - Journey.Test Journey - INFO - Steps: 1
2025-09-11 11:15:22,500 - Journey.Test Journey - INFO - Authentication required: Test Auth
2025-09-11 11:15:22,501 - Journey.Test Journey - INFO - Authentication successful
2025-09-11 11:15:22,501 - Journey.Test Journey - INFO - Step 1/1: Test Step
2025-09-11 11:15:22,501 - Journey.Step.Test Step - INFO - Executing step: Test Step
2025-09-11 11:15:22,501 - Journey.Step.Test Step - INFO - Description: Test Description
2025-09-11 11:15:22,501 - Journey.Step.Test Step - INFO - Action 1/1: Test Action
2025-09-11 11:15:22,501 - Journey.Step.Test Step - INFO - ✓ Action succeeded: Test Action
2025-09-11 11:15:22,501 - Journey.Step.Test Step - INFO - Step completed: 1 successes, 0 failures
2025-09-11 11:15:22,501 - Journey.Test Journey - INFO - ✓ Step succeeded: Test Step
2025-09-11 11:15:22,838 - HeaderExtractor - WARNING - Failed to make HEAD request to http://test.com: 403 Client Error: Forbidden for url: https://www.squadhelp.com/name/Test
2025-09-11 11:15:22,839 - HeaderExtractor - WARNING - Failed to extract target version from logs: 'Mock' object is not reversible
2025-09-11 11:15:22,843 - Journey.Test Journey - INFO - Journey completed in 0.34 seconds
2025-09-11 11:15:22,843 - Journey.Test Journey - INFO - Overall success: True
2025-09-11 11:15:22,843 - Journey.Test Journey - INFO - Steps: 1/1 succeeded
2025-09-11 11:15:22,843 - Journey.Test Journey - INFO - Actions: 1/1 succeeded
2025-09-11 11:15:22,845 - Journey.Test Journey - INFO - Starting journey: Test Journey
2025-09-11 11:15:22,849 - Journey.Test Journey - INFO - Description: Test Description
2025-09-11 11:15:22,849 - Journey.Test Journey - INFO - Steps: 1
2025-09-11 11:15:22,849 - Journey.Test Journey - INFO - Step 1/1: Test Step
2025-09-11 11:15:22,849 - Journey.Step.Test Step - INFO - Executing step: Test Step
2025-09-11 11:15:22,849 - Journey.Step.Test Step - INFO - Description: Test Description
2025-09-11 11:15:22,849 - Journey.Step.Test Step - INFO - Action 1/1: Test Action
2025-09-11 11:15:22,849 - Journey.Step.Test Step - INFO - ✓ Action succeeded: Test Action
2025-09-11 11:15:22,849 - Journey.Step.Test Step - INFO - Step completed: 1 successes, 0 failures
2025-09-11 11:15:22,849 - Journey.Test Journey - INFO - ✓ Step succeeded: Test Step
2025-09-11 11:15:23,188 - HeaderExtractor - WARNING - Failed to make HEAD request to http://test.com: 403 Client Error: Forbidden for url: https://www.squadhelp.com/name/Test
2025-09-11 11:15:23,189 - HeaderExtractor - WARNING - Failed to extract target version from logs: 'Mock' object is not reversible
2025-09-11 11:15:23,189 - Journey.Test Journey - INFO - Journey completed in 0.34 seconds
2025-09-11 11:15:23,189 - Journey.Test Journey - INFO - Overall success: True
2025-09-11 11:15:23,189 - Journey.Test Journey - INFO - Steps: 1/1 succeeded
2025-09-11 11:15:23,189 - Journey.Test Journey - INFO - Actions: 1/1 succeeded
2025-09-11 11:15:23,204 - Orchestrator.Test Scale - INFO - ============================================================
2025-09-11 11:15:23,204 - Orchestrator.Test Scale - INFO - STARTING ORCHESTRATION: Test Scale
2025-09-11 11:15:23,204 - Orchestrator.Test Scale - INFO - ============================================================
2025-09-11 11:15:23,204 - Orchestrator.Test Scale - INFO - Test: Test TTP (TTP)
2025-09-11 11:15:23,204 - Orchestrator.Test Scale - INFO - Target URL: http://test.com
2025-09-11 11:15:23,204 - Orchestrator.Test Scale - INFO - Strategy: sequential
2025-09-11 11:15:23,204 - Orchestrator.Test Scale - INFO - Replications: 3
2025-09-11 11:15:23,204 - Orchestrator.Test Scale - INFO - Max Workers: 2
2025-09-11 11:15:23,204 - Orchestrator.Test Scale - INFO - Executing TTP replication 1/3
2025-09-11 11:15:23,205 - Test TTP - INFO - Starting TTP: 'Test TTP' on http://test.com
2025-09-11 11:15:23,205 - Test TTP - INFO - Description: Test Description
2025-09-11 11:15:23,455 - Test TTP - INFO - WebDriver initialized.
2025-09-11 11:15:23,455 - Test TTP - INFO - Attempt 1: Executing with payload -> 'test_payload_0'
2025-09-11 11:15:25,191 - Test TTP - INFO - EXPECTED SUCCESS: 'test_payload_0'
2025-09-11 11:15:25,191 - Test TTP - INFO - Attempt 2: Executing with payload -> 'test_payload_1'
2025-09-11 11:15:26,291 - Test TTP - INFO - EXPECTED FAILURE: 'test_payload_1' (security control working)
2025-09-11 11:15:26,291 - Test TTP - INFO - Attempt 3: Executing with payload -> 'test_payload_2'
2025-09-11 11:15:27,370 - Test TTP - INFO - EXPECTED SUCCESS: 'test_payload_2'
2025-09-11 11:15:27,446 - Test TTP - INFO - 
==================================================
2025-09-11 11:15:27,446 - Test TTP - INFO - TTP SUMMARY: Test TTP
2025-09-11 11:15:27,446 - Test TTP - INFO - ==================================================
2025-09-11 11:15:27,446 - Test TTP - INFO - Total results: 2
2025-09-11 11:15:27,446 - Test TTP - INFO - Expected successes: 2
2025-09-11 11:15:27,446 - Test TTP - INFO -   ✓ Payload: test_payload_0 | URL: https://www.squadhelp.com/name/Test
2025-09-11 11:15:27,446 - Test TTP - INFO -   ✓ Payload: test_payload_2 | URL: https://www.squadhelp.com/name/Test
2025-09-11 11:15:27,446 - Test TTP - INFO - 
No X-SCYTHE-TARGET-VERSION headers detected in responses.
2025-09-11 11:15:27,446 - Orchestrator.Test Scale - INFO - Cool-down delay: 0.01s after execution 1
2025-09-11 11:15:27,457 - Orchestrator.Test Scale - INFO - Ramp-up delay: 0.01s before execution 2
2025-09-11 11:15:27,467 - Orchestrator.Test Scale - INFO - Executing TTP replication 2/3
2025-09-11 11:15:27,467 - Test TTP - INFO - Starting TTP: 'Test TTP' on http://test.com
2025-09-11 11:15:27,467 - Test TTP - INFO - Description: Test Description
2025-09-11 11:15:27,736 - Test TTP - INFO - WebDriver initialized.
2025-09-11 11:15:27,736 - Test TTP - INFO - Attempt 1: Executing with payload -> 'test_payload_0'
2025-09-11 11:15:31,335 - Test TTP - INFO - EXPECTED FAILURE: 'test_payload_0' (security control working)
2025-09-11 11:15:31,336 - Test TTP - INFO - Attempt 2: Executing with payload -> 'test_payload_1'
2025-09-11 11:15:32,433 - Test TTP - INFO - EXPECTED FAILURE: 'test_payload_1' (security control working)
2025-09-11 11:15:32,433 - Test TTP - INFO - Attempt 3: Executing with payload -> 'test_payload_2'
2025-09-11 11:15:33,518 - Test TTP - INFO - EXPECTED FAILURE: 'test_payload_2' (security control working)
2025-09-11 11:15:33,572 - Test TTP - INFO - 
==================================================
2025-09-11 11:15:33,572 - Test TTP - INFO - TTP SUMMARY: Test TTP
2025-09-11 11:15:33,572 - Test TTP - INFO - ==================================================
2025-09-11 11:15:33,572 - Test TTP - INFO - No successes detected (expected to find vulnerabilities).
2025-09-11 11:15:33,572 - Orchestrator.Test Scale - INFO - Cool-down delay: 0.01s after execution 2
2025-09-11 11:15:33,583 - Orchestrator.Test Scale - INFO - Ramp-up delay: 0.01s before execution 3
2025-09-11 11:15:33,593 - Orchestrator.Test Scale - INFO - Executing TTP replication 3/3
2025-09-11 11:15:33,593 - Test TTP - INFO - Starting TTP: 'Test TTP' on http://test.com
2025-09-11 11:15:33,593 - Test TTP - INFO - Description: Test Description
2025-09-11 11:15:33,837 - Test TTP - INFO - WebDriver initialized.
2025-09-11 11:15:33,837 - Test TTP - INFO - Attempt 1: Executing with payload -> 'test_payload_0'
2025-09-11 11:15:37,530 - Test TTP - INFO - EXPECTED FAILURE: 'test_payload_0' (security control working)
2025-09-11 11:15:37,531 - Test TTP - INFO - Attempt 2: Executing with payload -> 'test_payload_1'
2025-09-11 11:15:38,613 - Test TTP - INFO - EXPECTED FAILURE: 'test_payload_1' (security control working)
2025-09-11 11:15:38,614 - Test TTP - INFO - Attempt 3: Executing with payload -> 'test_payload_2'
2025-09-11 11:15:39,684 - Test TTP - INFO - EXPECTED FAILURE: 'test_payload_2' (security control working)
2025-09-11 11:15:39,739 - Test TTP - INFO - 
==================================================
2025-09-11 11:15:39,739 - Test TTP - INFO - TTP SUMMARY: Test TTP
2025-09-11 11:15:39,739 - Test TTP - INFO - ==================================================
2025-09-11 11:15:39,739 - Test TTP - INFO - No successes detected (expected to find vulnerabilities).
2025-09-11 11:15:39,739 - Orchestrator.Test Scale - INFO - Cool-down delay: 0.01s after execution 3
2025-09-11 11:15:39,749 - Orchestrator.Test Scale - INFO - 
============================================================
2025-09-11 11:15:39,749 - Orchestrator.Test Scale - INFO - ORCHESTRATION SUMMARY: Test Scale
2025-09-11 11:15:39,749 - Orchestrator.Test Scale - INFO - ============================================================
2025-09-11 11:15:39,749 - Orchestrator.Test Scale - INFO - Strategy: sequential
2025-09-11 11:15:39,749 - Orchestrator.Test Scale - INFO - Executions: 1/3 successful (33.3%)
2025-09-11 11:15:39,749 - Orchestrator.Test Scale - INFO - Total Time: 16.54s
2025-09-11 11:15:39,749 - Orchestrator.Test Scale - INFO - Average Time: 5.51s
2025-09-11 11:15:39,749 - Orchestrator.Test Scale - INFO - ============================================================
2025-09-11 11:35:42,446 - HeaderExtractor - WARNING - Failed to extract target version from logs: 'Mock' object is not reversible
2025-09-11 11:35:42,446 - HeaderExtractor - WARNING - Failed to extract target version from logs: 'Mock' object is not reversible
2025-09-11 11:35:42,447 - HeaderExtractor - WARNING - Failed to extract target version from logs: 'Mock' object is not reversible
2025-09-11 11:35:42,447 - HeaderExtractor - WARNING - Failed to extract target version from logs: 'Mock' object is not reversible
2025-09-11 11:35:42,448 - Mock TTP - INFO - Starting TTP: 'Mock TTP' on http://test.com
2025-09-11 11:35:42,448 - Mock TTP - INFO - Description: A mock TTP for testing behaviors
2025-09-11 11:35:42,448 - Mock TTP - INFO - Using behavior: Mock Behavior
2025-09-11 11:35:42,448 - Mock TTP - INFO - Behavior description: Mock behavior for testing
2025-09-11 11:35:42,448 - Mock TTP - INFO - Attempt 1: Executing with payload -> 'test1'
2025-09-11 11:35:42,548 - Mock TTP - INFO - EXPECTED FAILURE: 'test1' (security control working)
2025-09-11 11:35:42,549 - Mock TTP - INFO - Attempt 2: Executing with payload -> 'test2'
2025-09-11 11:35:42,649 - Mock TTP - INFO - EXPECTED FAILURE: 'test2' (security control working)
2025-09-11 11:35:42,649 - Mock TTP - INFO - Attempt 3: Executing with payload -> 'test3'
2025-09-11 11:35:42,750 - Mock TTP - INFO - EXPECTED FAILURE: 'test3' (security control working)
2025-09-11 11:36:06,011 - HeaderExtractor - WARNING - Failed to extract target version from logs: 'Mock' object is not reversible
2025-09-11 11:36:08,015 - HeaderExtractor - WARNING - Failed to extract target version from logs: 'Mock' object is not reversible
2025-09-11 11:36:10,017 - HeaderExtractor - WARNING - Failed to extract target version from logs: 'Mock' object is not reversible
2025-09-11 11:36:12,017 - HeaderExtractor - WARNING - Failed to extract target version from logs: 'Mock' object is not reversible
2025-09-11 11:36:14,019 - HeaderExtractor - WARNING - Failed to extract target version from logs: 'Mock' object is not reversible
2025-09-11 11:36:16,020 - HeaderExtractor - WARNING - Failed to extract target version from logs: 'Mock' object is not reversible
2025-09-11 11:36:19,024 - HeaderExtractor - WARNING - Failed to extract target version from logs: 'Mock' object is not reversible
2025-09-11 11:36:20,025 - HeaderExtractor - WARNING - Failed to extract target version from logs: 'Mock' object is not reversible
2025-09-11 11:36:21,028 - HeaderExtractor - WARNING - Failed to extract target version from logs: 'Mock' object is not reversible
2025-09-11 11:36:22,028 - HeaderExtractor - WARNING - Failed to extract target version from logs: 'Mock' object is not reversible
2025-09-11 11:36:22,033 - HeaderExtractor - WARNING - Failed to extract target version from logs: Driver error
2025-09-11 11:36:23,887 - Journey.Test Journey - INFO - Starting journey: Test Journey
2025-09-11 11:36:23,887 - Journey.Test Journey - INFO - Description: Test Description
2025-09-11 11:36:23,887 - Journey.Test Journey - INFO - Steps: 1
2025-09-11 11:36:23,887 - Journey.Test Journey - INFO - Step 1/1: Test Step
2025-09-11 11:36:23,887 - Journey.Step.Test Step - INFO - Executing step: Test Step
2025-09-11 11:36:23,887 - Journey.Step.Test Step - INFO - Description: Test Description
2025-09-11 11:36:23,887 - Journey.Step.Test Step - INFO - Action 1/1: Test Action
2025-09-11 11:36:23,887 - Journey.Step.Test Step - ERROR - ✗ Action failed: Test Action
2025-09-11 11:36:23,887 - Journey.Test Journey - ERROR - ✗ Step failed: Test Step
2025-09-11 11:36:25,417 - HeaderExtractor - WARNING - Failed to make HEAD request to http://test.com: 403 Client Error: Forbidden for url: https://www.squadhelp.com/name/Test
2025-09-11 11:36:25,417 - HeaderExtractor - WARNING - Failed to extract target version from logs: 'Mock' object is not reversible
2025-09-11 11:36:25,417 - Journey.Test Journey - INFO - Journey completed in 1.53 seconds
2025-09-11 11:36:25,417 - Journey.Test Journey - INFO - Overall success: False
2025-09-11 11:36:25,417 - Journey.Test Journey - INFO - Steps: 0/1 succeeded
2025-09-11 11:36:25,418 - Journey.Test Journey - INFO - Actions: 0/1 succeeded
2025-09-11 11:36:25,419 - Journey.Test Journey - INFO - Starting journey: Test Journey
2025-09-11 11:36:25,419 - Journey.Test Journey - INFO - Description: Test Description
2025-09-11 11:36:25,419 - Journey.Test Journey - INFO - Steps: 1
2025-09-11 11:36:25,419 - Journey.Test Journey - INFO - Authentication required: Test Auth
2025-09-11 11:36:25,419 - Journey.Test Journey - INFO - Authentication successful
2025-09-11 11:36:25,419 - Journey.Test Journey - INFO - Step 1/1: Test Step
2025-09-11 11:36:25,419 - Journey.Step.Test Step - INFO - Executing step: Test Step
2025-09-11 11:36:25,419 - Journey.Step.Test Step - INFO - Description: Test Description
2025-09-11 11:36:25,419 - Journey.Step.Test Step - INFO - Action 1/1: Test Action
2025-09-11 11:36:25,419 - Journey.Step.Test Step - INFO - ✓ Action succeeded: Test Action
2025-09-11 11:36:25,419 - Journey.Step.Test Step - INFO - Step completed: 1 successes, 0 failures
2025-09-11 11:36:25,419 - Journey.Test Journey - INFO - ✓ Step succeeded: Test Step
2025-09-11 11:36:25,717 - HeaderExtractor - WARNING - Failed to make HEAD request to http://test.com: 403 Client Error: Forbidden for url: https://www.squadhelp.com/name/Test
2025-09-11 11:36:25,718 - HeaderExtractor - WARNING - Failed to extract target version from logs: 'Mock' object is not reversible
2025-09-11 11:36:25,718 - Journey.Test Journey - INFO - Journey completed in 0.30 seconds
2025-09-11 11:36:25,718 - Journey.Test Journey - INFO - Overall success: True
2025-09-11 11:36:25,718 - Journey.Test Journey - INFO - Steps: 1/1 succeeded
2025-09-11 11:36:25,718 - Journey.Test Journey - INFO - Actions: 1/1 succeeded
2025-09-11 11:36:25,719 - Journey.Test Journey - INFO - Starting journey: Test Journey
2025-09-11 11:36:25,719 - Journey.Test Journey - INFO - Description: Test Description
2025-09-11 11:36:25,719 - Journey.Test Journey - INFO - Steps: 1
2025-09-11 11:36:25,720 - Journey.Test Journey - INFO - Step 1/1: Test Step
2025-09-11 11:36:25,720 - Journey.Step.Test Step - INFO - Executing step: Test Step
2025-09-11 11:36:25,720 - Journey.Step.Test Step - INFO - Description: Test Description
2025-09-11 11:36:25,720 - Journey.Step.Test Step - INFO - Action 1/1: Test Action
2025-09-11 11:36:25,720 - Journey.Step.Test Step - INFO - ✓ Action succeeded: Test Action
2025-09-11 11:36:25,720 - Journey.Step.Test Step - INFO - Step completed: 1 successes, 0 failures
2025-09-11 11:36:25,720 - Journey.Test Journey - INFO - ✓ Step succeeded: Test Step
2025-09-11 11:36:25,998 - HeaderExtractor - WARNING - Failed to make HEAD request to http://test.com: 403 Client Error: Forbidden for url: https://www.squadhelp.com/name/Test
2025-09-11 11:36:25,999 - HeaderExtractor - WARNING - Failed to extract target version from logs: 'Mock' object is not reversible
2025-09-11 11:36:25,999 - Journey.Test Journey - INFO - Journey completed in 0.28 seconds
2025-09-11 11:36:25,999 - Journey.Test Journey - INFO - Overall success: True
2025-09-11 11:36:25,999 - Journey.Test Journey - INFO - Steps: 1/1 succeeded
2025-09-11 11:36:25,999 - Journey.Test Journey - INFO - Actions: 1/1 succeeded
2025-09-11 11:36:26,031 - Orchestrator.Test Scale - INFO - ============================================================
2025-09-11 11:36:26,031 - Orchestrator.Test Scale - INFO - STARTING ORCHESTRATION: Test Scale
2025-09-11 11:36:26,031 - Orchestrator.Test Scale - INFO - ============================================================
2025-09-11 11:36:26,031 - Orchestrator.Test Scale - INFO - Test: Test TTP (TTP)
2025-09-11 11:36:26,031 - Orchestrator.Test Scale - INFO - Target URL: http://test.com
2025-09-11 11:36:26,031 - Orchestrator.Test Scale - INFO - Strategy: sequential
2025-09-11 11:36:26,031 - Orchestrator.Test Scale - INFO - Replications: 3
2025-09-11 11:36:26,031 - Orchestrator.Test Scale - INFO - Max Workers: 2
2025-09-11 11:36:26,031 - Orchestrator.Test Scale - INFO - Executing TTP replication 1/3
2025-09-11 11:36:26,032 - Test TTP - INFO - Starting TTP: 'Test TTP' on http://test.com
2025-09-11 11:36:26,032 - Test TTP - INFO - Description: Test Description
2025-09-11 11:36:27,000 - Test TTP - INFO - WebDriver initialized.
2025-09-11 11:36:27,000 - Test TTP - INFO - Attempt 1: Executing with payload -> 'test_payload_0'
2025-09-11 11:36:28,837 - Test TTP - INFO - EXPECTED SUCCESS: 'test_payload_0'
2025-09-11 11:36:28,837 - Test TTP - INFO - Attempt 2: Executing with payload -> 'test_payload_1'
2025-09-11 11:36:29,913 - Test TTP - INFO - EXPECTED FAILURE: 'test_payload_1' (security control working)
2025-09-11 11:36:29,913 - Test TTP - INFO - Attempt 3: Executing with payload -> 'test_payload_2'
2025-09-11 11:36:31,027 - Test TTP - INFO - EXPECTED SUCCESS: 'test_payload_2'
2025-09-11 11:36:31,104 - Test TTP - INFO - 
==================================================
2025-09-11 11:36:31,104 - Test TTP - INFO - TTP SUMMARY: Test TTP
2025-09-11 11:36:31,104 - Test TTP - INFO - ==================================================
2025-09-11 11:36:31,104 - Test TTP - INFO - Total results: 2
2025-09-11 11:36:31,104 - Test TTP - INFO - Expected successes: 2
2025-09-11 11:36:31,104 - Test TTP - INFO -   ✓ Payload: test_payload_0 | URL: https://www.squadhelp.com/name/Test
2025-09-11 11:36:31,104 - Test TTP - INFO -   ✓ Payload: test_payload_2 | URL: https://www.squadhelp.com/name/Test
2025-09-11 11:36:31,104 - Test TTP - INFO - 
No X-SCYTHE-TARGET-VERSION headers detected in responses.
2025-09-11 11:36:31,104 - Orchestrator.Test Scale - INFO - Cool-down delay: 0.01s after execution 1
2025-09-11 11:36:31,115 - Orchestrator.Test Scale - INFO - Ramp-up delay: 0.01s before execution 2
2025-09-11 11:36:31,125 - Orchestrator.Test Scale - INFO - Executing TTP replication 2/3
2025-09-11 11:36:31,125 - Test TTP - INFO - Starting TTP: 'Test TTP' on http://test.com
2025-09-11 11:36:31,125 - Test TTP - INFO - Description: Test Description
2025-09-11 11:36:31,362 - Test TTP - INFO - WebDriver initialized.
2025-09-11 11:36:31,363 - Test TTP - INFO - Attempt 1: Executing with payload -> 'test_payload_0'
2025-09-11 11:36:33,195 - Test TTP - INFO - EXPECTED FAILURE: 'test_payload_0' (security control working)
2025-09-11 11:36:33,195 - Test TTP - INFO - Attempt 2: Executing with payload -> 'test_payload_1'
2025-09-11 11:36:34,301 - Test TTP - INFO - EXPECTED FAILURE: 'test_payload_1' (security control working)
2025-09-11 11:36:34,301 - Test TTP - INFO - Attempt 3: Executing with payload -> 'test_payload_2'
2025-09-11 11:36:35,367 - Test TTP - INFO - EXPECTED FAILURE: 'test_payload_2' (security control working)
2025-09-11 11:36:35,421 - Test TTP - INFO - 
==================================================
2025-09-11 11:36:35,421 - Test TTP - INFO - TTP SUMMARY: Test TTP
2025-09-11 11:36:35,421 - Test TTP - INFO - ==================================================
2025-09-11 11:36:35,421 - Test TTP - INFO - No successes detected (expected to find vulnerabilities).
2025-09-11 11:36:35,421 - Orchestrator.Test Scale - INFO - Cool-down delay: 0.01s after execution 2
2025-09-11 11:36:35,431 - Orchestrator.Test Scale - INFO - Ramp-up delay: 0.01s before execution 3
2025-09-11 11:36:35,441 - Orchestrator.Test Scale - INFO - Executing TTP replication 3/3
2025-09-11 11:36:35,441 - Test TTP - INFO - Starting TTP: 'Test TTP' on http://test.com
2025-09-11 11:36:35,441 - Test TTP - INFO - Description: Test Description
2025-09-11 11:36:35,680 - Test TTP - INFO - WebDriver initialized.
2025-09-11 11:36:35,680 - Test TTP - INFO - Attempt 1: Executing with payload -> 'test_payload_0'
2025-09-11 11:36:37,466 - Test TTP - INFO - EXPECTED FAILURE: 'test_payload_0' (security control working)
2025-09-11 11:36:37,467 - Test TTP - INFO - Attempt 2: Executing with payload -> 'test_payload_1'
2025-09-11 11:36:38,549 - Test TTP - INFO - EXPECTED FAILURE: 'test_payload_1' (security control working)
2025-09-11 11:36:38,550 - Test TTP - INFO - Attempt 3: Executing with payload -> 'test_payload_2'
2025-09-11 11:36:39,644 - Test TTP - INFO - EXPECTED FAILURE: 'test_payload_2' (security control working)
2025-09-11 11:36:39,700 - Test TTP - INFO - 
==================================================
2025-09-11 11:36:39,700 - Test TTP - INFO - TTP SUMMARY: Test TTP
2025-09-11 11:36:39,700 - Test TTP - INFO - ==================================================
2025-09-11 11:36:39,700 - Test TTP - INFO - No successes detected (expected to find vulnerabilities).
2025-09-11 11:36:39,700 - Orchestrator.Test Scale - INFO - Cool-down delay: 0.01s after execution 3
2025-09-11 11:36:39,710 - Orchestrator.Test Scale - INFO - 
============================================================
2025-09-11 11:36:39,711 - Orchestrator.Test Scale - INFO - ORCHESTRATION SUMMARY: Test Scale
2025-09-11 11:36:39,711 - Orchestrator.Test Scale - INFO - ============================================================
2025-09-11 11:36:39,711 - Orchestrator.Test Scale - INFO - Strategy: sequential
2025-09-11 11:36:39,711 - Orchestrator.Test Scale - INFO - Executions: 1/3 successful (33.3%)
2025-09-11 11:36:39,711 - Orchestrator.Test Scale - INFO - Total Time: 13.68s
2025-09-11 11:36:39,711 - Orchestrator.Test Scale - INFO - Average Time: 4.56s
2025-09-11 11:36:39,711 - Orchestrator.Test Scale - INFO - ============================================================
2025-09-11 11:46:36,423 - HeaderExtractor - WARNING - Failed to extract target version from logs: 'Mock' object is not reversible
2025-09-11 11:46:36,424 - HeaderExtractor - WARNING - Failed to extract target version from logs: 'Mock' object is not reversible
2025-09-11 11:46:36,425 - HeaderExtractor - WARNING - Failed to extract target version from logs: 'Mock' object is not reversible
2025-09-11 11:46:36,425 - HeaderExtractor - WARNING - Failed to extract target version from logs: 'Mock' object is not reversible
2025-09-11 11:46:36,426 - Mock TTP - INFO - Starting TTP: 'Mock TTP' on http://test.com
2025-09-11 11:46:36,426 - Mock TTP - INFO - Description: A mock TTP for testing behaviors
2025-09-11 11:46:36,426 - Mock TTP - INFO - Using behavior: Mock Behavior
2025-09-11 11:46:36,426 - Mock TTP - INFO - Behavior description: Mock behavior for testing
2025-09-11 11:46:36,426 - Mock TTP - INFO - Attempt 1: Executing with payload -> 'test1'
2025-09-11 11:46:36,527 - Mock TTP - INFO - EXPECTED FAILURE: 'test1' (security control working)
2025-09-11 11:46:36,527 - Mock TTP - INFO - Attempt 2: Executing with payload -> 'test2'
2025-09-11 11:46:36,628 - Mock TTP - INFO - EXPECTED FAILURE: 'test2' (security control working)
2025-09-11 11:46:36,628 - Mock TTP - INFO - Attempt 3: Executing with payload -> 'test3'
2025-09-11 11:46:36,728 - Mock TTP - INFO - EXPECTED FAILURE: 'test3' (security control working)
2025-09-11 11:47:01,234 - HeaderExtractor - WARNING - Failed to extract target version from logs: 'Mock' object is not reversible
2025-09-11 11:47:03,239 - HeaderExtractor - WARNING - Failed to extract target version from logs: 'Mock' object is not reversible
2025-09-11 11:47:05,242 - HeaderExtractor - WARNING - Failed to extract target version from logs: 'Mock' object is not reversible
2025-09-11 11:47:07,243 - HeaderExtractor - WARNING - Failed to extract target version from logs: 'Mock' object is not reversible
2025-09-11 11:47:09,245 - HeaderExtractor - WARNING - Failed to extract target version from logs: 'Mock' object is not reversible
2025-09-11 11:47:11,245 - HeaderExtractor - WARNING - Failed to extract target version from logs: 'Mock' object is not reversible
2025-09-11 11:47:14,251 - HeaderExtractor - WARNING - Failed to extract target version from logs: 'Mock' object is not reversible
2025-09-11 11:47:15,251 - HeaderExtractor - WARNING - Failed to extract target version from logs: 'Mock' object is not reversible
2025-09-11 11:47:16,255 - HeaderExtractor - WARNING - Failed to extract target version from logs: 'Mock' object is not reversible
2025-09-11 11:47:17,255 - HeaderExtractor - WARNING - Failed to extract target version from logs: 'Mock' object is not reversible
2025-09-11 11:47:17,259 - HeaderExtractor - WARNING - Failed to extract target version from logs: Driver error
2025-09-11 11:47:19,401 - Journey.Test Journey - INFO - Starting journey: Test Journey
2025-09-11 11:47:19,401 - Journey.Test Journey - INFO - Description: Test Description
2025-09-11 11:47:19,401 - Journey.Test Journey - INFO - Steps: 1
2025-09-11 11:47:19,401 - Journey.Test Journey - INFO - Step 1/1: Test Step
2025-09-11 11:47:19,401 - Journey.Step.Test Step - INFO - Executing step: Test Step
2025-09-11 11:47:19,401 - Journey.Step.Test Step - INFO - Description: Test Description
2025-09-11 11:47:19,401 - Journey.Step.Test Step - INFO - Action 1/1: Test Action
2025-09-11 11:47:19,401 - Journey.Step.Test Step - ERROR - ✗ Action failed: Test Action
2025-09-11 11:47:19,401 - Journey.Test Journey - ERROR - ✗ Step failed: Test Step
2025-09-11 11:47:19,699 - HeaderExtractor - WARNING - Failed to make HEAD request to http://test.com: 403 Client Error: Forbidden for url: https://www.squadhelp.com/name/Test
2025-09-11 11:47:19,700 - HeaderExtractor - WARNING - Failed to extract target version from logs: 'Mock' object is not reversible
2025-09-11 11:47:19,700 - Journey.Test Journey - INFO - Journey completed in 0.30 seconds
2025-09-11 11:47:19,700 - Journey.Test Journey - INFO - Overall success: False
2025-09-11 11:47:19,700 - Journey.Test Journey - INFO - Steps: 0/1 succeeded
2025-09-11 11:47:19,700 - Journey.Test Journey - INFO - Actions: 0/1 succeeded
2025-09-11 11:47:19,702 - Journey.Test Journey - INFO - Starting journey: Test Journey
2025-09-11 11:47:19,702 - Journey.Test Journey - INFO - Description: Test Description
2025-09-11 11:47:19,702 - Journey.Test Journey - INFO - Steps: 1
2025-09-11 11:47:19,702 - Journey.Test Journey - INFO - Authentication required: Test Auth
2025-09-11 11:47:19,702 - Journey.Test Journey - INFO - Authentication successful
2025-09-11 11:47:19,703 - Journey.Test Journey - INFO - Step 1/1: Test Step
2025-09-11 11:47:19,703 - Journey.Step.Test Step - INFO - Executing step: Test Step
2025-09-11 11:47:19,703 - Journey.Step.Test Step - INFO - Description: Test Description
2025-09-11 11:47:19,703 - Journey.Step.Test Step - INFO - Action 1/1: Test Action
2025-09-11 11:47:19,703 - Journey.Step.Test Step - INFO - ✓ Action succeeded: Test Action
2025-09-11 11:47:19,703 - Journey.Step.Test Step - INFO - Step completed: 1 successes, 0 failures
2025-09-11 11:47:19,703 - Journey.Test Journey - INFO - ✓ Step succeeded: Test Step
2025-09-11 11:47:20,672 - HeaderExtractor - WARNING - Failed to make HEAD request to http://test.com: 403 Client Error: Forbidden for url: https://www.squadhelp.com/name/Test
2025-09-11 11:47:20,672 - HeaderExtractor - WARNING - Failed to extract target version from logs: 'Mock' object is not reversible
2025-09-11 11:47:20,673 - Journey.Test Journey - INFO - Journey completed in 0.97 seconds
2025-09-11 11:47:20,673 - Journey.Test Journey - INFO - Overall success: True
2025-09-11 11:47:20,673 - Journey.Test Journey - INFO - Steps: 1/1 succeeded
2025-09-11 11:47:20,673 - Journey.Test Journey - INFO - Actions: 1/1 succeeded
2025-09-11 11:47:20,674 - Journey.Test Journey - INFO - Starting journey: Test Journey
2025-09-11 11:47:20,674 - Journey.Test Journey - INFO - Description: Test Description
2025-09-11 11:47:20,674 - Journey.Test Journey - INFO - Steps: 1
2025-09-11 11:47:20,674 - Journey.Test Journey - INFO - Step 1/1: Test Step
2025-09-11 11:47:20,674 - Journey.Step.Test Step - INFO - Executing step: Test Step
2025-09-11 11:47:20,674 - Journey.Step.Test Step - INFO - Description: Test Description
2025-09-11 11:47:20,674 - Journey.Step.Test Step - INFO - Action 1/1: Test Action
2025-09-11 11:47:20,674 - Journey.Step.Test Step - INFO - ✓ Action succeeded: Test Action
2025-09-11 11:47:20,674 - Journey.Step.Test Step - INFO - Step completed: 1 successes, 0 failures
2025-09-11 11:47:20,674 - Journey.Test Journey - INFO - ✓ Step succeeded: Test Step
2025-09-11 11:47:20,983 - HeaderExtractor - WARNING - Failed to make HEAD request to http://test.com: 403 Client Error: Forbidden for url: https://www.squadhelp.com/name/Test
2025-09-11 11:47:20,983 - HeaderExtractor - WARNING - Failed to extract target version from logs: 'Mock' object is not reversible
2025-09-11 11:47:20,983 - Journey.Test Journey - INFO - Journey completed in 0.31 seconds
2025-09-11 11:47:20,984 - Journey.Test Journey - INFO - Overall success: True
2025-09-11 11:47:20,984 - Journey.Test Journey - INFO - Steps: 1/1 succeeded
2025-09-11 11:47:20,984 - Journey.Test Journey - INFO - Actions: 1/1 succeeded
2025-09-11 11:47:21,020 - Orchestrator.Test Scale - INFO - ============================================================
2025-09-11 11:47:21,020 - Orchestrator.Test Scale - INFO - STARTING ORCHESTRATION: Test Scale
2025-09-11 11:47:21,020 - Orchestrator.Test Scale - INFO - ============================================================
2025-09-11 11:47:21,020 - Orchestrator.Test Scale - INFO - Test: Test TTP (TTP)
2025-09-11 11:47:21,020 - Orchestrator.Test Scale - INFO - Target URL: http://test.com
2025-09-11 11:47:21,020 - Orchestrator.Test Scale - INFO - Strategy: sequential
2025-09-11 11:47:21,020 - Orchestrator.Test Scale - INFO - Replications: 3
2025-09-11 11:47:21,020 - Orchestrator.Test Scale - INFO - Max Workers: 2
2025-09-11 11:47:21,020 - Orchestrator.Test Scale - INFO - Executing TTP replication 1/3
2025-09-11 11:47:21,020 - Test TTP - INFO - Starting TTP: 'Test TTP' on http://test.com
2025-09-11 11:47:21,020 - Test TTP - INFO - Description: Test Description
2025-09-11 11:47:21,381 - Test TTP - INFO - WebDriver initialized.
2025-09-11 11:47:21,382 - Test TTP - INFO - Attempt 1: Executing with payload -> 'test_payload_0'
2025-09-11 11:47:24,431 - Test TTP - INFO - EXPECTED SUCCESS: 'test_payload_0'
2025-09-11 11:47:24,431 - Test TTP - INFO - Attempt 2: Executing with payload -> 'test_payload_1'
2025-09-11 11:47:25,483 - Test TTP - INFO - EXPECTED FAILURE: 'test_payload_1' (security control working)
2025-09-11 11:47:25,483 - Test TTP - INFO - Attempt 3: Executing with payload -> 'test_payload_2'
2025-09-11 11:47:26,565 - Test TTP - INFO - EXPECTED SUCCESS: 'test_payload_2'
2025-09-11 11:47:26,646 - Test TTP - INFO - 
==================================================
2025-09-11 11:47:26,646 - Test TTP - INFO - TTP SUMMARY: Test TTP
2025-09-11 11:47:26,647 - Test TTP - INFO - ==================================================
2025-09-11 11:47:26,647 - Test TTP - INFO - Total results: 2
2025-09-11 11:47:26,647 - Test TTP - INFO - Expected successes: 2
2025-09-11 11:47:26,647 - Test TTP - INFO -   ✓ Payload: test_payload_0 | URL: https://www.squadhelp.com/name/Test
2025-09-11 11:47:26,647 - Test TTP - INFO -   ✓ Payload: test_payload_2 | URL: https://www.squadhelp.com/name/Test
2025-09-11 11:47:26,647 - Test TTP - INFO - 
No X-SCYTHE-TARGET-VERSION headers detected in responses.
2025-09-11 11:47:26,647 - Orchestrator.Test Scale - INFO - Cool-down delay: 0.01s after execution 1
2025-09-11 11:47:26,657 - Orchestrator.Test Scale - INFO - Ramp-up delay: 0.01s before execution 2
2025-09-11 11:47:26,667 - Orchestrator.Test Scale - INFO - Executing TTP replication 2/3
2025-09-11 11:47:26,667 - Test TTP - INFO - Starting TTP: 'Test TTP' on http://test.com
2025-09-11 11:47:26,667 - Test TTP - INFO - Description: Test Description
2025-09-11 11:47:26,909 - Test TTP - INFO - WebDriver initialized.
2025-09-11 11:47:26,909 - Test TTP - INFO - Attempt 1: Executing with payload -> 'test_payload_0'
2025-09-11 11:47:28,655 - Test TTP - INFO - EXPECTED FAILURE: 'test_payload_0' (security control working)
2025-09-11 11:47:28,655 - Test TTP - INFO - Attempt 2: Executing with payload -> 'test_payload_1'
2025-09-11 11:47:29,703 - Test TTP - INFO - EXPECTED FAILURE: 'test_payload_1' (security control working)
2025-09-11 11:47:29,703 - Test TTP - INFO - Attempt 3: Executing with payload -> 'test_payload_2'
2025-09-11 11:47:30,770 - Test TTP - INFO - EXPECTED FAILURE: 'test_payload_2' (security control working)
2025-09-11 11:47:30,829 - Test TTP - INFO - 
==================================================
2025-09-11 11:47:30,829 - Test TTP - INFO - TTP SUMMARY: Test TTP
2025-09-11 11:47:30,829 - Test TTP - INFO - ==================================================
2025-09-11 11:47:30,829 - Test TTP - INFO - No successes detected (expected to find vulnerabilities).
2025-09-11 11:47:30,829 - Orchestrator.Test Scale - INFO - Cool-down delay: 0.01s after execution 2
2025-09-11 11:47:30,839 - Orchestrator.Test Scale - INFO - Ramp-up delay: 0.01s before execution 3
2025-09-11 11:47:30,849 - Orchestrator.Test Scale - INFO - Executing TTP replication 3/3
2025-09-11 11:47:30,850 - Test TTP - INFO - Starting TTP: 'Test TTP' on http://test.com
2025-09-11 11:47:30,850 - Test TTP - INFO - Description: Test Description
2025-09-11 11:47:31,079 - Test TTP - INFO - WebDriver initialized.
2025-09-11 11:47:31,079 - Test TTP - INFO - Attempt 1: Executing with payload -> 'test_payload_0'
2025-09-11 11:47:34,356 - Test TTP - INFO - EXPECTED FAILURE: 'test_payload_0' (security control working)
2025-09-11 11:47:34,356 - Test TTP - INFO - Attempt 2: Executing with payload -> 'test_payload_1'
2025-09-11 11:47:35,438 - Test TTP - INFO - EXPECTED FAILURE: 'test_payload_1' (security control working)
2025-09-11 11:47:35,438 - Test TTP - INFO - Attempt 3: Executing with payload -> 'test_payload_2'
2025-09-11 11:47:36,512 - Test TTP - INFO - EXPECTED FAILURE: 'test_payload_2' (security control working)
2025-09-11 11:47:36,566 - Test TTP - INFO - 
==================================================
2025-09-11 11:47:36,566 - Test TTP - INFO - TTP SUMMARY: Test TTP
2025-09-11 11:47:36,566 - Test TTP - INFO - ==================================================
2025-09-11 11:47:36,566 - Test TTP - INFO - No successes detected (expected to find vulnerabilities).
2025-09-11 11:47:36,566 - Orchestrator.Test Scale - INFO - Cool-down delay: 0.01s after execution 3
2025-09-11 11:47:36,576 - Orchestrator.Test Scale - INFO - 
============================================================
2025-09-11 11:47:36,576 - Orchestrator.Test Scale - INFO - ORCHESTRATION SUMMARY: Test Scale
2025-09-11 11:47:36,576 - Orchestrator.Test Scale - INFO - ============================================================
2025-09-11 11:47:36,576 - Orchestrator.Test Scale - INFO - Strategy: sequential
2025-09-11 11:47:36,576 - Orchestrator.Test Scale - INFO - Executions: 1/3 successful (33.3%)
2025-09-11 11:47:36,576 - Orchestrator.Test Scale - INFO - Total Time: 15.56s
2025-09-11 11:47:36,576 - Orchestrator.Test Scale - INFO - Average Time: 5.19s
2025-09-11 11:47:36,576 - Orchestrator.Test Scale - INFO - ============================================================
2025-09-15 10:34:24,934 - HeaderExtractor - WARNING - Failed to extract target version from logs: Driver error
2025-09-15 10:34:24,960 - Orchestrator.Test Scale - INFO - ============================================================
2025-09-15 10:34:24,960 - Orchestrator.Test Scale - INFO - STARTING ORCHESTRATION: Test Scale
2025-09-15 10:34:24,960 - Orchestrator.Test Scale - INFO - ============================================================
2025-09-15 10:34:24,960 - Orchestrator.Test Scale - INFO - Test: Test TTP (TTP)
2025-09-15 10:34:24,960 - Orchestrator.Test Scale - INFO - Target URL: http://test.com
2025-09-15 10:34:24,960 - Orchestrator.Test Scale - INFO - Strategy: sequential
2025-09-15 10:34:24,960 - Orchestrator.Test Scale - INFO - Replications: 3
2025-09-15 10:34:24,960 - Orchestrator.Test Scale - INFO - Max Workers: 2
2025-09-15 10:34:24,960 - Orchestrator.Test Scale - INFO - Executing TTP replication 1/3
2025-09-15 10:34:24,960 - Orchestrator.Test Scale - ERROR - Error in TTP execution 1: '_Options' object has no attribute 'add_argument'
2025-09-15 10:34:24,960 - Orchestrator.Test Scale - INFO - Ramp-up delay: 0.01s before execution 2
2025-09-15 10:34:24,970 - Orchestrator.Test Scale - INFO - Executing TTP replication 2/3
2025-09-15 10:34:24,970 - Orchestrator.Test Scale - ERROR - Error in TTP execution 2: '_Options' object has no attribute 'add_argument'
2025-09-15 10:34:24,971 - Orchestrator.Test Scale - INFO - Ramp-up delay: 0.01s before execution 3
2025-09-15 10:34:24,981 - Orchestrator.Test Scale - INFO - Executing TTP replication 3/3
2025-09-15 10:34:24,981 - Orchestrator.Test Scale - ERROR - Error in TTP execution 3: '_Options' object has no attribute 'add_argument'
2025-09-15 10:34:24,981 - Orchestrator.Test Scale - INFO - 
============================================================
2025-09-15 10:34:24,981 - Orchestrator.Test Scale - INFO - ORCHESTRATION SUMMARY: Test Scale
2025-09-15 10:34:24,981 - Orchestrator.Test Scale - INFO - ============================================================
2025-09-15 10:34:24,981 - Orchestrator.Test Scale - INFO - Strategy: sequential
2025-09-15 10:34:24,981 - Orchestrator.Test Scale - INFO - Executions: 0/3 successful (0.0%)
2025-09-15 10:34:24,981 - Orchestrator.Test Scale - INFO - Total Time: 0.02s
2025-09-15 10:34:24,981 - Orchestrator.Test Scale - INFO - Average Time: 0.01s
2025-09-15 10:34:24,981 - Orchestrator.Test Scale - WARNING - Errors: 3
2025-09-15 10:34:24,982 - Orchestrator.Test Scale - WARNING -   1. Error in TTP execution 1: '_Options' object has no attribute 'add_argument'
2025-09-15 10:34:24,982 - Orchestrator.Test Scale - WARNING -   2. Error in TTP execution 2: '_Options' object has no attribute 'add_argument'
2025-09-15 10:34:24,982 - Orchestrator.Test Scale - WARNING -   3. Error in TTP execution 3: '_Options' object has no attribute 'add_argument'
2025-09-15 10:34:24,982 - Orchestrator.Test Scale - INFO - ============================================================
2025-09-15 10:35:00,337 - HeaderExtractor - WARNING - Failed to extract target version from logs: 'Mock' object is not reversible
2025-09-15 10:35:00,338 - HeaderExtractor - WARNING - Failed to extract target version from logs: 'Mock' object is not reversible
2025-09-15 10:35:00,339 - HeaderExtractor - WARNING - Failed to extract target version from logs: 'Mock' object is not reversible
2025-09-15 10:35:00,339 - HeaderExtractor - WARNING - Failed to extract target version from logs: 'Mock' object is not reversible
2025-09-15 10:35:00,340 - Mock TTP - INFO - Starting TTP: 'Mock TTP' on http://test.com
2025-09-15 10:35:00,340 - Mock TTP - INFO - Description: A mock TTP for testing behaviors
2025-09-15 10:35:00,340 - Mock TTP - INFO - Using behavior: Mock Behavior
2025-09-15 10:35:00,340 - Mock TTP - INFO - Behavior description: Mock behavior for testing
2025-09-15 10:35:00,340 - Mock TTP - INFO - Attempt 1: Executing with payload -> 'test1'
2025-09-15 10:35:00,440 - Mock TTP - INFO - EXPECTED FAILURE: 'test1' (security control working)
2025-09-15 10:35:00,441 - Mock TTP - INFO - Attempt 2: Executing with payload -> 'test2'
2025-09-15 10:35:00,541 - Mock TTP - INFO - EXPECTED FAILURE: 'test2' (security control working)
2025-09-15 10:35:00,542 - Mock TTP - INFO - Attempt 3: Executing with payload -> 'test3'
2025-09-15 10:35:00,642 - Mock TTP - INFO - EXPECTED FAILURE: 'test3' (security control working)
2025-09-15 10:35:28,442 - HeaderExtractor - WARNING - Failed to extract target version from logs: 'Mock' object is not reversible
2025-09-15 10:35:30,447 - HeaderExtractor - WARNING - Failed to extract target version from logs: 'Mock' object is not reversible
2025-09-15 10:35:32,450 - HeaderExtractor - WARNING - Failed to extract target version from logs: 'Mock' object is not reversible
2025-09-15 10:35:34,451 - HeaderExtractor - WARNING - Failed to extract target version from logs: 'Mock' object is not reversible
2025-09-15 10:35:36,454 - HeaderExtractor - WARNING - Failed to extract target version from logs: 'Mock' object is not reversible
2025-09-15 10:35:38,455 - HeaderExtractor - WARNING - Failed to extract target version from logs: 'Mock' object is not reversible
2025-09-15 10:35:41,463 - HeaderExtractor - WARNING - Failed to extract target version from logs: 'Mock' object is not reversible
2025-09-15 10:35:42,464 - HeaderExtractor - WARNING - Failed to extract target version from logs: 'Mock' object is not reversible
2025-09-15 10:35:43,466 - HeaderExtractor - WARNING - Failed to extract target version from logs: 'Mock' object is not reversible
2025-09-15 10:35:44,467 - HeaderExtractor - WARNING - Failed to extract target version from logs: 'Mock' object is not reversible
2025-09-15 10:35:44,471 - HeaderExtractor - WARNING - Failed to extract target version from logs: Driver error
2025-09-15 10:35:45,206 - Journey.Test Journey - INFO - Starting journey: Test Journey
2025-09-15 10:35:45,206 - Journey.Test Journey - INFO - Description: Test Description
2025-09-15 10:35:45,207 - Journey.Test Journey - INFO - Steps: 1
2025-09-15 10:35:45,207 - Journey.Test Journey - INFO - Step 1/1: Test Step
2025-09-15 10:35:45,207 - Journey.Step.Test Step - INFO - Executing step: Test Step
2025-09-15 10:35:45,207 - Journey.Step.Test Step - INFO - Description: Test Description
2025-09-15 10:35:45,207 - Journey.Step.Test Step - INFO - Action 1/1: Test Action
2025-09-15 10:35:45,207 - Journey.Step.Test Step - ERROR - ✗ Action failed: Test Action
2025-09-15 10:35:45,207 - Journey.Test Journey - ERROR - ✗ Step failed: Test Step
2025-09-15 10:35:45,526 - HeaderExtractor - WARNING - Failed to make HEAD request to http://test.com: 403 Client Error: Forbidden for url: https://www.squadhelp.com/name/Test
2025-09-15 10:35:45,526 - HeaderExtractor - WARNING - Failed to extract target version from logs: 'Mock' object is not reversible
2025-09-15 10:35:45,526 - Journey.Test Journey - INFO - Journey completed in 0.32 seconds
2025-09-15 10:35:45,527 - Journey.Test Journey - INFO - Overall success: False
2025-09-15 10:35:45,527 - Journey.Test Journey - INFO - Steps: 0/1 succeeded
2025-09-15 10:35:45,527 - Journey.Test Journey - INFO - Actions: 0/1 succeeded
2025-09-15 10:35:45,530 - Journey.Test Journey - INFO - Starting journey: Test Journey
2025-09-15 10:35:45,530 - Journey.Test Journey - INFO - Description: Test Description
2025-09-15 10:35:45,530 - Journey.Test Journey - INFO - Steps: 1
2025-09-15 10:35:45,531 - Journey.Test Journey - INFO - Authentication required: Test Auth
2025-09-15 10:35:45,531 - Journey.Test Journey - INFO - Authentication successful
2025-09-15 10:35:45,531 - Journey.Test Journey - INFO - Step 1/1: Test Step
2025-09-15 10:35:45,531 - Journey.Step.Test Step - INFO - Executing step: Test Step
2025-09-15 10:35:45,531 - Journey.Step.Test Step - INFO - Description: Test Description
2025-09-15 10:35:45,531 - Journey.Step.Test Step - INFO - Action 1/1: Test Action
2025-09-15 10:35:45,531 - Journey.Step.Test Step - INFO - ✓ Action succeeded: Test Action
2025-09-15 10:35:45,531 - Journey.Step.Test Step - INFO - Step completed: 1 successes, 0 failures
2025-09-15 10:35:45,531 - Journey.Test Journey - INFO - ✓ Step succeeded: Test Step
2025-09-15 10:35:45,846 - HeaderExtractor - WARNING - Failed to make HEAD request to http://test.com: 403 Client Error: Forbidden for url: https://www.squadhelp.com/name/Test
2025-09-15 10:35:45,846 - HeaderExtractor - WARNING - Failed to extract target version from logs: 'Mock' object is not reversible
2025-09-15 10:35:45,847 - Journey.Test Journey - INFO - Journey completed in 0.32 seconds
2025-09-15 10:35:45,847 - Journey.Test Journey - INFO - Overall success: True
2025-09-15 10:35:45,847 - Journey.Test Journey - INFO - Steps: 1/1 succeeded
2025-09-15 10:35:45,847 - Journey.Test Journey - INFO - Actions: 1/1 succeeded
2025-09-15 10:35:45,850 - Journey.Test Journey - INFO - Starting journey: Test Journey
2025-09-15 10:35:45,850 - Journey.Test Journey - INFO - Description: Test Description
2025-09-15 10:35:45,850 - Journey.Test Journey - INFO - Steps: 1
2025-09-15 10:35:45,850 - Journey.Test Journey - INFO - Step 1/1: Test Step
2025-09-15 10:35:45,850 - Journey.Step.Test Step - INFO - Executing step: Test Step
2025-09-15 10:35:45,851 - Journey.Step.Test Step - INFO - Description: Test Description
2025-09-15 10:35:45,851 - Journey.Step.Test Step - INFO - Action 1/1: Test Action
2025-09-15 10:35:45,851 - Journey.Step.Test Step - INFO - ✓ Action succeeded: Test Action
2025-09-15 10:35:45,851 - Journey.Step.Test Step - INFO - Step completed: 1 successes, 0 failures
2025-09-15 10:35:45,851 - Journey.Test Journey - INFO - ✓ Step succeeded: Test Step
2025-09-15 10:35:46,146 - HeaderExtractor - WARNING - Failed to make HEAD request to http://test.com: 403 Client Error: Forbidden for url: https://www.squadhelp.com/name/Test
2025-09-15 10:35:46,147 - HeaderExtractor - WARNING - Failed to extract target version from logs: 'Mock' object is not reversible
2025-09-15 10:35:46,147 - Journey.Test Journey - INFO - Journey completed in 0.30 seconds
2025-09-15 10:35:46,147 - Journey.Test Journey - INFO - Overall success: True
2025-09-15 10:35:46,147 - Journey.Test Journey - INFO - Steps: 1/1 succeeded
2025-09-15 10:35:46,147 - Journey.Test Journey - INFO - Actions: 1/1 succeeded
2025-09-15 10:35:46,180 - Orchestrator.Test Scale - INFO - ============================================================
2025-09-15 10:35:46,180 - Orchestrator.Test Scale - INFO - STARTING ORCHESTRATION: Test Scale
2025-09-15 10:35:46,180 - Orchestrator.Test Scale - INFO - ============================================================
2025-09-15 10:35:46,180 - Orchestrator.Test Scale - INFO - Test: Test TTP (TTP)
2025-09-15 10:35:46,180 - Orchestrator.Test Scale - INFO - Target URL: http://test.com
2025-09-15 10:35:46,180 - Orchestrator.Test Scale - INFO - Strategy: sequential
2025-09-15 10:35:46,180 - Orchestrator.Test Scale - INFO - Replications: 3
2025-09-15 10:35:46,180 - Orchestrator.Test Scale - INFO - Max Workers: 2
2025-09-15 10:35:46,180 - Orchestrator.Test Scale - INFO - Executing TTP replication 1/3
2025-09-15 10:35:46,180 - Test TTP - INFO - Starting TTP: 'Test TTP' on http://test.com
2025-09-15 10:35:46,180 - Test TTP - INFO - Description: Test Description
2025-09-15 10:35:47,242 - Test TTP - INFO - WebDriver initialized.
2025-09-15 10:35:47,242 - Test TTP - INFO - Attempt 1: Executing with payload -> 'test_payload_0'
2025-09-15 10:35:49,135 - Test TTP - INFO - EXPECTED SUCCESS: 'test_payload_0'
2025-09-15 10:35:49,135 - Test TTP - INFO - Attempt 2: Executing with payload -> 'test_payload_1'
2025-09-15 10:35:50,213 - Test TTP - INFO - EXPECTED FAILURE: 'test_payload_1' (security control working)
2025-09-15 10:35:50,213 - Test TTP - INFO - Attempt 3: Executing with payload -> 'test_payload_2'
2025-09-15 10:35:51,306 - Test TTP - INFO - EXPECTED SUCCESS: 'test_payload_2'
2025-09-15 10:35:51,388 - Test TTP - INFO - 
==================================================
2025-09-15 10:35:51,388 - Test TTP - INFO - TTP SUMMARY: Test TTP
2025-09-15 10:35:51,388 - Test TTP - INFO - ==================================================
2025-09-15 10:35:51,388 - Test TTP - INFO - Total results: 2
2025-09-15 10:35:51,388 - Test TTP - INFO - Expected successes: 2
2025-09-15 10:35:51,388 - Test TTP - INFO -   ✓ Payload: test_payload_0 | URL: https://www.squadhelp.com/name/Test
2025-09-15 10:35:51,388 - Test TTP - INFO -   ✓ Payload: test_payload_2 | URL: https://www.squadhelp.com/name/Test
2025-09-15 10:35:51,388 - Test TTP - INFO - 
No X-SCYTHE-TARGET-VERSION headers detected in responses.
2025-09-15 10:35:51,388 - Orchestrator.Test Scale - INFO - Cool-down delay: 0.01s after execution 1
2025-09-15 10:35:51,398 - Orchestrator.Test Scale - INFO - Ramp-up delay: 0.01s before execution 2
2025-09-15 10:35:51,408 - Orchestrator.Test Scale - INFO - Executing TTP replication 2/3
2025-09-15 10:35:51,409 - Test TTP - INFO - Starting TTP: 'Test TTP' on http://test.com
2025-09-15 10:35:51,409 - Test TTP - INFO - Description: Test Description
2025-09-15 10:35:51,631 - Test TTP - INFO - WebDriver initialized.
2025-09-15 10:35:51,631 - Test TTP - INFO - Attempt 1: Executing with payload -> 'test_payload_0'
2025-09-15 10:35:53,367 - Test TTP - INFO - EXPECTED FAILURE: 'test_payload_0' (security control working)
2025-09-15 10:35:53,367 - Test TTP - INFO - Attempt 2: Executing with payload -> 'test_payload_1'
2025-09-15 10:35:54,440 - Test TTP - INFO - EXPECTED FAILURE: 'test_payload_1' (security control working)
2025-09-15 10:35:54,440 - Test TTP - INFO - Attempt 3: Executing with payload -> 'test_payload_2'
2025-09-15 10:35:55,514 - Test TTP - INFO - EXPECTED FAILURE: 'test_payload_2' (security control working)
2025-09-15 10:35:55,573 - Test TTP - INFO - 
==================================================
2025-09-15 10:35:55,573 - Test TTP - INFO - TTP SUMMARY: Test TTP
2025-09-15 10:35:55,573 - Test TTP - INFO - ==================================================
2025-09-15 10:35:55,573 - Test TTP - INFO - No successes detected (expected to find vulnerabilities).
2025-09-15 10:35:55,573 - Orchestrator.Test Scale - INFO - Cool-down delay: 0.01s after execution 2
2025-09-15 10:35:55,583 - Orchestrator.Test Scale - INFO - Ramp-up delay: 0.01s before execution 3
2025-09-15 10:35:55,594 - Orchestrator.Test Scale - INFO - Executing TTP replication 3/3
2025-09-15 10:35:55,594 - Test TTP - INFO - Starting TTP: 'Test TTP' on http://test.com
2025-09-15 10:35:55,594 - Test TTP - INFO - Description: Test Description
2025-09-15 10:35:55,816 - Test TTP - INFO - WebDriver initialized.
2025-09-15 10:35:55,816 - Test TTP - INFO - Attempt 1: Executing with payload -> 'test_payload_0'
2025-09-15 10:35:57,547 - Test TTP - INFO - EXPECTED FAILURE: 'test_payload_0' (security control working)
2025-09-15 10:35:57,547 - Test TTP - INFO - Attempt 2: Executing with payload -> 'test_payload_1'
2025-09-15 10:35:58,643 - Test TTP - INFO - EXPECTED FAILURE: 'test_payload_1' (security control working)
2025-09-15 10:35:58,644 - Test TTP - INFO - Attempt 3: Executing with payload -> 'test_payload_2'
2025-09-15 10:35:59,726 - Test TTP - INFO - EXPECTED FAILURE: 'test_payload_2' (security control working)
2025-09-15 10:35:59,783 - Test TTP - INFO - 
==================================================
2025-09-15 10:35:59,783 - Test TTP - INFO - TTP SUMMARY: Test TTP
2025-09-15 10:35:59,783 - Test TTP - INFO - ==================================================
2025-09-15 10:35:59,783 - Test TTP - INFO - No successes detected (expected to find vulnerabilities).
2025-09-15 10:35:59,784 - Orchestrator.Test Scale - INFO - Cool-down delay: 0.01s after execution 3
2025-09-15 10:35:59,794 - Orchestrator.Test Scale - INFO - 
============================================================
2025-09-15 10:35:59,794 - Orchestrator.Test Scale - INFO - ORCHESTRATION SUMMARY: Test Scale
2025-09-15 10:35:59,794 - Orchestrator.Test Scale - INFO - ============================================================
2025-09-15 10:35:59,794 - Orchestrator.Test Scale - INFO - Strategy: sequential
2025-09-15 10:35:59,794 - Orchestrator.Test Scale - INFO - Executions: 1/3 successful (33.3%)
2025-09-15 10:35:59,794 - Orchestrator.Test Scale - INFO - Total Time: 13.61s
2025-09-15 10:35:59,794 - Orchestrator.Test Scale - INFO - Average Time: 4.54s
2025-09-15 10:35:59,794 - Orchestrator.Test Scale - INFO - ============================================================
2025-09-15 10:58:42,017 - HeaderExtractor - WARNING - Failed to extract target version from logs: 'Mock' object is not reversible
2025-09-15 10:58:42,017 - HeaderExtractor - WARNING - Failed to extract target version from logs: 'Mock' object is not reversible
2025-09-15 10:58:42,019 - HeaderExtractor - WARNING - Failed to extract target version from logs: 'Mock' object is not reversible
2025-09-15 10:58:42,020 - HeaderExtractor - WARNING - Failed to extract target version from logs: 'Mock' object is not reversible
2025-09-15 10:58:42,021 - Mock TTP - INFO - Starting TTP: 'Mock TTP' on http://test.com
2025-09-15 10:58:42,021 - Mock TTP - INFO - Description: A mock TTP for testing behaviors
2025-09-15 10:58:42,021 - Mock TTP - INFO - Using behavior: Mock Behavior
2025-09-15 10:58:42,021 - Mock TTP - INFO - Behavior description: Mock behavior for testing
2025-09-15 10:58:42,021 - Mock TTP - INFO - Attempt 1: Executing with payload -> 'test1'
2025-09-15 10:58:42,122 - Mock TTP - INFO - EXPECTED FAILURE: 'test1' (security control working)
2025-09-15 10:58:42,122 - Mock TTP - INFO - Attempt 2: Executing with payload -> 'test2'
2025-09-15 10:58:42,223 - Mock TTP - INFO - EXPECTED FAILURE: 'test2' (security control working)
2025-09-15 10:58:42,223 - Mock TTP - INFO - Attempt 3: Executing with payload -> 'test3'
2025-09-15 10:58:42,323 - Mock TTP - INFO - EXPECTED FAILURE: 'test3' (security control working)
2025-10-16 19:33:37,900 - Journey.Test Journey - INFO - Starting journey: Test Journey
2025-10-16 19:33:37,900 - Journey.Test Journey - INFO - Description: Test Description
2025-10-16 19:33:37,900 - Journey.Test Journey - INFO - Steps: 1
2025-10-16 19:33:37,900 - Journey.Test Journey - INFO - Step 1/1: Test Step
2025-10-16 19:33:37,900 - Journey.Step.Test Step - INFO - Executing step: Test Step
2025-10-16 19:33:37,900 - Journey.Step.Test Step - INFO - Description: Test Description
2025-10-16 19:33:37,900 - Journey.Step.Test Step - INFO - Action 1/1: Test Action
2025-10-16 19:33:37,900 - Journey.Step.Test Step - ERROR - ✗ Action failed: Test Action
2025-10-16 19:33:37,900 - Journey.Test Journey - ERROR - ✗ Step failed: Test Step
2025-10-16 19:33:49,226 - HeaderExtractor - WARNING - Failed to make HEAD request to http://test.com: 403 Client Error: Forbidden for url: https://www.squadhelp.com/name/Test
2025-10-16 19:33:49,226 - HeaderExtractor - WARNING - Failed to extract target version from logs: 'Mock' object is not reversible
2025-10-16 19:33:49,226 - Journey.Test Journey - INFO - Journey completed in 11.33 seconds
2025-10-16 19:33:49,226 - Journey.Test Journey - INFO - Overall success: False
2025-10-16 19:33:49,226 - Journey.Test Journey - INFO - Steps: 0/1 succeeded
2025-10-16 19:33:49,226 - Journey.Test Journey - INFO - Actions: 0/1 succeeded
2025-10-16 19:33:49,227 - Journey.Test Journey - INFO - Starting journey: Test Journey
2025-10-16 19:33:49,227 - Journey.Test Journey - INFO - Description: Test Description
2025-10-16 19:33:49,227 - Journey.Test Journey - INFO - Steps: 1
2025-10-16 19:33:49,228 - Journey.Test Journey - INFO - Authentication required: Test Auth
2025-10-16 19:33:49,228 - Journey.Test Journey - INFO - Authentication successful
2025-10-16 19:33:49,228 - Journey.Test Journey - INFO - Step 1/1: Test Step
2025-10-16 19:33:49,228 - Journey.Step.Test Step - INFO - Executing step: Test Step
2025-10-16 19:33:49,228 - Journey.Step.Test Step - INFO - Description: Test Description
2025-10-16 19:33:49,228 - Journey.Step.Test Step - INFO - Action 1/1: Test Action
2025-10-16 19:33:49,228 - Journey.Step.Test Step - INFO - ✓ Action succeeded: Test Action
2025-10-16 19:33:49,228 - Journey.Step.Test Step - INFO - Step completed: 1 successes, 0 failures
2025-10-16 19:33:49,228 - Journey.Test Journey - INFO - ✓ Step succeeded: Test Step
2025-10-16 19:34:01,204 - HeaderExtractor - WARNING - Failed to make HEAD request to http://test.com: 403 Client Error: Forbidden for url: https://www.squadhelp.com/name/Test
2025-10-16 19:34:01,205 - HeaderExtractor - WARNING - Failed to extract target version from logs: 'Mock' object is not reversible
2025-10-16 19:34:01,205 - Journey.Test Journey - INFO - Journey completed in 11.98 seconds
2025-10-16 19:34:01,205 - Journey.Test Journey - INFO - Overall success: True
2025-10-16 19:34:01,205 - Journey.Test Journey - INFO - Steps: 1/1 succeeded
2025-10-16 19:34:01,205 - Journey.Test Journey - INFO - Actions: 1/1 succeeded
2025-10-16 19:34:01,208 - Journey.Test Journey - INFO - Starting journey: Test Journey
2025-10-16 19:34:01,208 - Journey.Test Journey - INFO - Description: Test Description
2025-10-16 19:34:01,208 - Journey.Test Journey - INFO - Steps: 1
2025-10-16 19:34:01,208 - Journey.Test Journey - INFO - Step 1/1: Test Step
2025-10-16 19:34:01,208 - Journey.Step.Test Step - INFO - Executing step: Test Step
2025-10-16 19:34:01,208 - Journey.Step.Test Step - INFO - Description: Test Description
2025-10-16 19:34:01,208 - Journey.Step.Test Step - INFO - Action 1/1: Test Action
2025-10-16 19:34:01,208 - Journey.Step.Test Step - INFO - ✓ Action succeeded: Test Action
2025-10-16 19:34:01,208 - Journey.Step.Test Step - INFO - Step completed: 1 successes, 0 failures
2025-10-16 19:34:01,208 - Journey.Test Journey - INFO - ✓ Step succeeded: Test Step
2025-10-16 19:34:06,377 - HeaderExtractor - WARNING - Failed to make HEAD request to http://test.com: 403 Client Error: Forbidden for url: https://www.squadhelp.com/name/Test
2025-10-16 19:34:06,378 - HeaderExtractor - WARNING - Failed to extract target version from logs: 'Mock' object is not reversible
2025-10-16 19:34:06,378 - Journey.Test Journey - INFO - Journey completed in 5.17 seconds
2025-10-16 19:34:06,378 - Journey.Test Journey - INFO - Overall success: True
2025-10-16 19:34:06,378 - Journey.Test Journey - INFO - Steps: 1/1 succeeded
2025-10-16 19:34:06,378 - Journey.Test Journey - INFO - Actions: 1/1 succeeded
2025-10-16 22:19:57,735 - HeaderExtractor - WARNING - Failed to extract target version from logs: 'Mock' object is not reversible
2025-10-16 22:19:57,746 - HeaderExtractor - WARNING - Failed to extract target version from logs: 'Mock' object is not reversible
2025-10-16 22:19:57,748 - HeaderExtractor - WARNING - Failed to extract target version from logs: 'Mock' object is not reversible
2025-10-16 22:19:57,748 - HeaderExtractor - WARNING - Failed to extract target version from logs: 'Mock' object is not reversible
2025-10-16 22:19:57,749 - Mock TTP - INFO - Starting TTP: 'Mock TTP' on http://test.com
2025-10-16 22:19:57,749 - Mock TTP - INFO - Description: A mock TTP for testing behaviors
2025-10-16 22:19:57,749 - Mock TTP - INFO - Using behavior: Mock Behavior
2025-10-16 22:19:57,749 - Mock TTP - INFO - Behavior description: Mock behavior for testing
2025-10-16 22:19:57,749 - Mock TTP - INFO - Attempt 1: Executing with payload -> 'test1'
2025-10-16 22:19:57,850 - Mock TTP - INFO - EXPECTED FAILURE: 'test1' (security control working)
2025-10-16 22:19:57,850 - Mock TTP - INFO - Attempt 2: Executing with payload -> 'test2'
2025-10-16 22:19:57,950 - Mock TTP - INFO - EXPECTED FAILURE: 'test2' (security control working)
2025-10-16 22:19:57,950 - Mock TTP - INFO - Attempt 3: Executing with payload -> 'test3'
2025-10-16 22:19:58,051 - Mock TTP - INFO - EXPECTED FAILURE: 'test3' (security control working)
2025-10-16 22:20:27,385 - HeaderExtractor - WARNING - Failed to extract target version from logs: 'Mock' object is not reversible
2025-10-16 22:20:29,388 - HeaderExtractor - WARNING - Failed to extract target version from logs: 'Mock' object is not reversible
2025-10-16 22:20:31,389 - HeaderExtractor - WARNING - Failed to extract target version from logs: 'Mock' object is not reversible
2025-10-16 22:20:33,390 - HeaderExtractor - WARNING - Failed to extract target version from logs: 'Mock' object is not reversible
2025-10-16 22:20:35,392 - HeaderExtractor - WARNING - Failed to extract target version from logs: 'Mock' object is not reversible
2025-10-16 22:20:37,393 - HeaderExtractor - WARNING - Failed to extract target version from logs: 'Mock' object is not reversible
2025-10-16 22:20:40,398 - HeaderExtractor - WARNING - Failed to extract target version from logs: 'Mock' object is not reversible
2025-10-16 22:20:41,398 - HeaderExtractor - WARNING - Failed to extract target version from logs: 'Mock' object is not reversible
2025-10-16 22:20:42,400 - HeaderExtractor - WARNING - Failed to extract target version from logs: 'Mock' object is not reversible
2025-10-16 22:20:43,400 - HeaderExtractor - WARNING - Failed to extract target version from logs: 'Mock' object is not reversible
2025-10-16 22:20:43,401 - Test TTP - INFO - Starting TTP: 'Test TTP' on http://test.com
2025-10-16 22:20:43,401 - Test TTP - INFO - Description: Test description
2025-10-16 22:20:43,401 - Test TTP - INFO - WebDriver initialized.
2025-10-16 22:20:43,401 - Test TTP - INFO - Attempt 1: Executing with payload -> 'test_payload_0'
2025-10-16 22:20:44,402 - HeaderExtractor - WARNING - Failed to extract target version from logs: 'Mock' object is not reversible
2025-10-16 22:20:44,402 - Test TTP - INFO - EXPECTED SUCCESS: 'test_payload_0'
2025-10-16 22:20:44,402 - Test TTP - INFO - Attempt 2: Executing with payload -> 'test_payload_1'
2025-10-16 22:20:45,402 - HeaderExtractor - WARNING - Failed to extract target version from logs: 'Mock' object is not reversible
2025-10-16 22:20:45,402 - Test TTP - INFO - EXPECTED SUCCESS: 'test_payload_1'
2025-10-16 22:20:45,402 - Test TTP - INFO - 
==================================================
2025-10-16 22:20:45,403 - Test TTP - INFO - TTP SUMMARY: Test TTP
2025-10-16 22:20:45,403 - Test TTP - INFO - ==================================================
2025-10-16 22:20:45,403 - Test TTP - INFO - Total results: 2
2025-10-16 22:20:45,403 - Test TTP - INFO - Expected successes: 2
2025-10-16 22:20:45,403 - Test TTP - INFO -   ✓ Payload: test_payload_0 | URL: http://test.com
2025-10-16 22:20:45,403 - Test TTP - INFO -   ✓ Payload: test_payload_1 | URL: http://test.com
2025-10-16 22:20:45,403 - Test TTP - INFO - 
No X-SCYTHE-TARGET-VERSION headers detected in responses.
2025-10-16 22:20:45,403 - Test TTP - INFO - 
✓ TEST PASSED: All test results matched expectations
2025-10-16 22:20:45,403 - Test TTP - INFO - Starting TTP: 'Test TTP' on http://test.com
2025-10-16 22:20:45,403 - Test TTP - INFO - Description: Test description
2025-10-16 22:20:45,403 - Test TTP - INFO - WebDriver initialized.
2025-10-16 22:20:45,403 - Test TTP - INFO - Attempt 1: Executing with payload -> 'test_payload_0'
2025-10-16 22:20:46,404 - Test TTP - INFO - EXPECTED FAILURE: 'test_payload_0' (security control working)
2025-10-16 22:20:46,404 - Test TTP - INFO - Attempt 2: Executing with payload -> 'test_payload_1'
2025-10-16 22:20:47,404 - Test TTP - INFO - EXPECTED FAILURE: 'test_payload_1' (security control working)
2025-10-16 22:20:47,404 - Test TTP - INFO - 
==================================================
2025-10-16 22:20:47,404 - Test TTP - INFO - TTP SUMMARY: Test TTP
2025-10-16 22:20:47,404 - Test TTP - INFO - ==================================================
2025-10-16 22:20:47,404 - Test TTP - INFO - No successes detected (expected to find vulnerabilities).
2025-10-16 22:20:47,404 - Test TTP - ERROR - 
✗ TEST FAILED: One or more test results differed from expected
2025-10-16 22:20:47,405 - Test TTP - INFO - Starting TTP: 'Test TTP' on http://test.com
2025-10-16 22:20:47,405 - Test TTP - INFO - Description: Test description
2025-10-16 22:20:47,405 - Test TTP - INFO - WebDriver initialized.
2025-10-16 22:20:47,405 - Test TTP - INFO - Attempt 1: Executing with payload -> 'test_payload_0'
2025-10-16 22:20:48,405 - HeaderExtractor - WARNING - Failed to extract target version from logs: 'Mock' object is not reversible
2025-10-16 22:20:48,405 - Test TTP - WARNING - UNEXPECTED SUCCESS: 'test_payload_0' (expected to fail)
2025-10-16 22:20:48,405 - Test TTP - INFO - 
==================================================
2025-10-16 22:20:48,405 - Test TTP - INFO - TTP SUMMARY: Test TTP
2025-10-16 22:20:48,405 - Test TTP - INFO - ==================================================
2025-10-16 22:20:48,405 - Test TTP - INFO - Total results: 1
2025-10-16 22:20:48,405 - Test TTP - WARNING - Unexpected successes: 1
2025-10-16 22:20:48,405 - Test TTP - WARNING -   ✗ Payload: test_payload_0 | URL: http://test.com
2025-10-16 22:20:48,405 - Test TTP - INFO - 
No X-SCYTHE-TARGET-VERSION headers detected in responses.
2025-10-16 22:20:48,405 - Test TTP - ERROR - 
✗ TEST FAILED: One or more test results differed from expected
2025-10-16 22:20:48,407 - HeaderExtractor - WARNING - Failed to extract target version from logs: Driver error
2025-10-16 22:20:53,774 - Journey.Test Journey - INFO - Starting journey: Test Journey
2025-10-16 22:20:53,774 - Journey.Test Journey - INFO - Description: Test Description
2025-10-16 22:20:53,774 - Journey.Test Journey - INFO - Steps: 1
2025-10-16 22:20:53,774 - Journey.Test Journey - INFO - Step 1/1: Test Step
2025-10-16 22:20:53,774 - Journey.Step.Test Step - INFO - Executing step: Test Step
2025-10-16 22:20:53,774 - Journey.Step.Test Step - INFO - Description: Test Description
2025-10-16 22:20:53,774 - Journey.Step.Test Step - INFO - Action 1/1: Test Action
2025-10-16 22:20:53,774 - Journey.Step.Test Step - ERROR - ✗ Action failed: Test Action
2025-10-16 22:20:53,774 - Journey.Test Journey - ERROR - ✗ Step failed: Test Step
2025-10-16 22:21:13,796 - HeaderExtractor - WARNING - Failed to make HEAD request to http://test.com: HTTPConnectionPool(host='test.com', port=80): Max retries exceeded with url: / (Caused by ConnectTimeoutError(<urllib3.connection.HTTPConnection object at 0x7f6c669e1dc0>, 'Connection to test.com timed out. (connect timeout=10)'))
2025-10-16 22:21:13,797 - HeaderExtractor - WARNING - Failed to extract target version from logs: 'Mock' object is not reversible
2025-10-16 22:21:13,797 - Journey.Test Journey - INFO - Journey completed in 20.02 seconds
2025-10-16 22:21:13,797 - Journey.Test Journey - INFO - Overall success: False
2025-10-16 22:21:13,797 - Journey.Test Journey - INFO - Steps: 0/1 succeeded
2025-10-16 22:21:13,797 - Journey.Test Journey - INFO - Actions: 0/1 succeeded
2025-10-16 22:21:13,801 - Journey.Test Journey - INFO - Starting journey: Test Journey
2025-10-16 22:21:13,801 - Journey.Test Journey - INFO - Description: Test Description
2025-10-16 22:21:13,801 - Journey.Test Journey - INFO - Steps: 1
2025-10-16 22:21:13,801 - Journey.Test Journey - INFO - Authentication required: Test Auth
2025-10-16 22:21:13,801 - Journey.Test Journey - INFO - Authentication successful
2025-10-16 22:21:13,801 - Journey.Test Journey - INFO - Step 1/1: Test Step
2025-10-16 22:21:13,802 - Journey.Step.Test Step - INFO - Executing step: Test Step
2025-10-16 22:21:13,802 - Journey.Step.Test Step - INFO - Description: Test Description
2025-10-16 22:21:13,802 - Journey.Step.Test Step - INFO - Action 1/1: Test Action
2025-10-16 22:21:13,802 - Journey.Step.Test Step - INFO - ✓ Action succeeded: Test Action
2025-10-16 22:21:13,802 - Journey.Step.Test Step - INFO - Step completed: 1 successes, 0 failures
2025-10-16 22:21:13,802 - Journey.Test Journey - INFO - ✓ Step succeeded: Test Step
2025-10-16 22:21:14,319 - HeaderExtractor - WARNING - Failed to make HEAD request to http://test.com: 403 Client Error: Forbidden for url: https://www.squadhelp.com/name/Test
2025-10-16 22:21:14,320 - HeaderExtractor - WARNING - Failed to extract target version from logs: 'Mock' object is not reversible
2025-10-16 22:21:14,320 - Journey.Test Journey - INFO - Journey completed in 0.52 seconds
2025-10-16 22:21:14,320 - Journey.Test Journey - INFO - Overall success: True
2025-10-16 22:21:14,320 - Journey.Test Journey - INFO - Steps: 1/1 succeeded
2025-10-16 22:21:14,320 - Journey.Test Journey - INFO - Actions: 1/1 succeeded
2025-10-16 22:21:14,322 - Journey.Test Journey - INFO - Starting journey: Test Journey
2025-10-16 22:21:14,323 - Journey.Test Journey - INFO - Description: Test Description
2025-10-16 22:21:14,323 - Journey.Test Journey - INFO - Steps: 1
2025-10-16 22:21:14,323 - Journey.Test Journey - INFO - Step 1/1: Test Step
2025-10-16 22:21:14,323 - Journey.Step.Test Step - INFO - Executing step: Test Step
2025-10-16 22:21:14,323 - Journey.Step.Test Step - INFO - Description: Test Description
2025-10-16 22:21:14,323 - Journey.Step.Test Step - INFO - Action 1/1: Test Action
2025-10-16 22:21:14,323 - Journey.Step.Test Step - INFO - ✓ Action succeeded: Test Action
2025-10-16 22:21:14,323 - Journey.Step.Test Step - INFO - Step completed: 1 successes, 0 failures
2025-10-16 22:21:14,323 - Journey.Test Journey - INFO - ✓ Step succeeded: Test Step
2025-10-16 22:21:25,719 - HeaderExtractor - WARNING - Failed to make HEAD request to http://test.com: 403 Client Error: Forbidden for url: https://www.squadhelp.com/name/Test
2025-10-16 22:21:25,720 - HeaderExtractor - WARNING - Failed to extract target version from logs: 'Mock' object is not reversible
2025-10-16 22:21:25,720 - Journey.Test Journey - INFO - Journey completed in 11.40 seconds
2025-10-16 22:21:25,720 - Journey.Test Journey - INFO - Overall success: True
2025-10-16 22:21:25,720 - Journey.Test Journey - INFO - Steps: 1/1 succeeded
2025-10-16 22:21:25,720 - Journey.Test Journey - INFO - Actions: 1/1 succeeded
2025-10-16 22:21:25,740 - Orchestrator.Test Scale - INFO - ============================================================
2025-10-16 22:21:25,740 - Orchestrator.Test Scale - INFO - STARTING ORCHESTRATION: Test Scale
2025-10-16 22:21:25,740 - Orchestrator.Test Scale - INFO - ============================================================
2025-10-16 22:21:25,741 - Orchestrator.Test Scale - INFO - Test: Test TTP (TTP)
2025-10-16 22:21:25,741 - Orchestrator.Test Scale - INFO - Target URL: http://test.com
2025-10-16 22:21:25,741 - Orchestrator.Test Scale - INFO - Strategy: sequential
2025-10-16 22:21:25,741 - Orchestrator.Test Scale - INFO - Replications: 3
2025-10-16 22:21:25,741 - Orchestrator.Test Scale - INFO - Max Workers: 2
2025-10-16 22:21:25,741 - Orchestrator.Test Scale - INFO - Executing TTP replication 1/3
2025-10-16 22:21:25,741 - Test TTP - INFO - Starting TTP: 'Test TTP' on http://test.com
2025-10-16 22:21:25,741 - Test TTP - INFO - Description: Test Description
2025-10-16 22:21:26,819 - Test TTP - INFO - WebDriver initialized.
2025-10-16 22:21:26,819 - Test TTP - INFO - Attempt 1: Executing with payload -> 'test_payload_0'
2025-10-16 22:21:32,332 - Test TTP - INFO - EXPECTED SUCCESS: 'test_payload_0'
2025-10-16 22:21:32,332 - Test TTP - INFO - Attempt 2: Executing with payload -> 'test_payload_1'
2025-10-16 22:21:33,474 - Test TTP - INFO - EXPECTED FAILURE: 'test_payload_1' (security control working)
2025-10-16 22:21:33,474 - Test TTP - INFO - Attempt 3: Executing with payload -> 'test_payload_2'
2025-10-16 22:21:34,608 - Test TTP - INFO - EXPECTED SUCCESS: 'test_payload_2'
2025-10-16 22:21:34,691 - Test TTP - INFO - 
==================================================
2025-10-16 22:21:34,691 - Test TTP - INFO - TTP SUMMARY: Test TTP
2025-10-16 22:21:34,691 - Test TTP - INFO - ==================================================
2025-10-16 22:21:34,691 - Test TTP - INFO - Total results: 2
2025-10-16 22:21:34,691 - Test TTP - INFO - Expected successes: 2
2025-10-16 22:21:34,691 - Test TTP - INFO -   ✓ Payload: test_payload_0 | URL: https://www.squadhelp.com/name/Test
2025-10-16 22:21:34,691 - Test TTP - INFO -   ✓ Payload: test_payload_2 | URL: https://www.squadhelp.com/name/Test
2025-10-16 22:21:34,691 - Test TTP - INFO - 
No X-SCYTHE-TARGET-VERSION headers detected in responses.
2025-10-16 22:21:34,691 - Test TTP - ERROR - 
✗ TEST FAILED: One or more test results differed from expected
2025-10-16 22:21:34,691 - Orchestrator.Test Scale - INFO - Cool-down delay: 0.01s after execution 1
2025-10-16 22:21:34,701 - Orchestrator.Test Scale - INFO - Ramp-up delay: 0.01s before execution 2
2025-10-16 22:21:34,711 - Orchestrator.Test Scale - INFO - Executing TTP replication 2/3
2025-10-16 22:21:34,712 - Test TTP - INFO - Starting TTP: 'Test TTP' on http://test.com
2025-10-16 22:21:34,712 - Test TTP - INFO - Description: Test Description
2025-10-16 22:21:34,935 - Test TTP - INFO - WebDriver initialized.
2025-10-16 22:21:34,935 - Test TTP - INFO - Attempt 1: Executing with payload -> 'test_payload_0'
2025-10-16 22:21:40,439 - Test TTP - INFO - EXPECTED FAILURE: 'test_payload_0' (security control working)
2025-10-16 22:21:40,439 - Test TTP - INFO - Attempt 2: Executing with payload -> 'test_payload_1'
2025-10-16 22:21:41,556 - Test TTP - INFO - EXPECTED FAILURE: 'test_payload_1' (security control working)
2025-10-16 22:21:41,556 - Test TTP - INFO - Attempt 3: Executing with payload -> 'test_payload_2'
2025-10-16 22:21:42,692 - Test TTP - INFO - EXPECTED FAILURE: 'test_payload_2' (security control working)
2025-10-16 22:21:42,751 - Test TTP - INFO - 
==================================================
2025-10-16 22:21:42,752 - Test TTP - INFO - TTP SUMMARY: Test TTP
2025-10-16 22:21:42,752 - Test TTP - INFO - ==================================================
2025-10-16 22:21:42,752 - Test TTP - INFO - No successes detected (expected to find vulnerabilities).
2025-10-16 22:21:42,752 - Test TTP - ERROR - 
✗ TEST FAILED: One or more test results differed from expected
2025-10-16 22:21:42,752 - Orchestrator.Test Scale - INFO - Cool-down delay: 0.01s after execution 2
2025-10-16 22:21:42,762 - Orchestrator.Test Scale - INFO - Ramp-up delay: 0.01s before execution 3
2025-10-16 22:21:42,773 - Orchestrator.Test Scale - INFO - Executing TTP replication 3/3
2025-10-16 22:21:42,773 - Test TTP - INFO - Starting TTP: 'Test TTP' on http://test.com
2025-10-16 22:21:42,773 - Test TTP - INFO - Description: Test Description
2025-10-16 22:21:42,997 - Test TTP - INFO - WebDriver initialized.
2025-10-16 22:21:42,997 - Test TTP - INFO - Attempt 1: Executing with payload -> 'test_payload_0'
2025-10-16 22:21:45,515 - HeaderExtractor - WARNING - Failed to extract target version from logs: 'Mock' object is not reversible
2025-10-16 22:21:45,515 - HeaderExtractor - WARNING - Failed to extract target version from logs: 'Mock' object is not reversible
2025-10-16 22:21:45,518 - HeaderExtractor - WARNING - Failed to extract target version from logs: 'Mock' object is not reversible
2025-10-16 22:21:45,518 - HeaderExtractor - WARNING - Failed to extract target version from logs: 'Mock' object is not reversible
2025-10-16 22:21:45,519 - Mock TTP - INFO - Starting TTP: 'Mock TTP' on http://test.com
2025-10-16 22:21:45,520 - Mock TTP - INFO - Description: A mock TTP for testing behaviors
2025-10-16 22:21:45,520 - Mock TTP - INFO - Using behavior: Mock Behavior
2025-10-16 22:21:45,520 - Mock TTP - INFO - Behavior description: Mock behavior for testing
2025-10-16 22:21:45,520 - Mock TTP - INFO - Attempt 1: Executing with payload -> 'test1'
2025-10-16 22:21:45,620 - Mock TTP - INFO - EXPECTED FAILURE: 'test1' (security control working)
2025-10-16 22:21:45,621 - Mock TTP - INFO - Attempt 2: Executing with payload -> 'test2'
2025-10-16 22:21:45,722 - Mock TTP - INFO - EXPECTED FAILURE: 'test2' (security control working)
2025-10-16 22:21:45,722 - Mock TTP - INFO - Attempt 3: Executing with payload -> 'test3'
2025-10-16 22:21:45,822 - Mock TTP - INFO - EXPECTED FAILURE: 'test3' (security control working)
2025-10-16 22:21:48,737 - Test TTP - INFO - EXPECTED FAILURE: 'test_payload_0' (security control working)
2025-10-16 22:21:48,737 - Test TTP - INFO - Attempt 2: Executing with payload -> 'test_payload_1'
2025-10-16 22:21:49,880 - Test TTP - INFO - EXPECTED FAILURE: 'test_payload_1' (security control working)
2025-10-16 22:21:49,880 - Test TTP - INFO - Attempt 3: Executing with payload -> 'test_payload_2'
2025-10-16 22:21:51,015 - Test TTP - INFO - EXPECTED FAILURE: 'test_payload_2' (security control working)
2025-10-16 22:21:51,070 - Test TTP - INFO - 
==================================================
2025-10-16 22:21:51,070 - Test TTP - INFO - TTP SUMMARY: Test TTP
2025-10-16 22:21:51,070 - Test TTP - INFO - ==================================================
2025-10-16 22:21:51,070 - Test TTP - INFO - No successes detected (expected to find vulnerabilities).
2025-10-16 22:21:51,070 - Test TTP - ERROR - 
✗ TEST FAILED: One or more test results differed from expected
2025-10-16 22:21:51,070 - Orchestrator.Test Scale - INFO - Cool-down delay: 0.01s after execution 3
2025-10-16 22:21:51,081 - Orchestrator.Test Scale - INFO - 
============================================================
2025-10-16 22:21:51,081 - Orchestrator.Test Scale - INFO - ORCHESTRATION SUMMARY: Test Scale
2025-10-16 22:21:51,081 - Orchestrator.Test Scale - INFO - ============================================================
2025-10-16 22:21:51,081 - Orchestrator.Test Scale - INFO - Strategy: sequential
2025-10-16 22:21:51,081 - Orchestrator.Test Scale - INFO - Executions: 1/3 successful (33.3%)
2025-10-16 22:21:51,081 - Orchestrator.Test Scale - INFO - Total Time: 25.34s
2025-10-16 22:21:51,081 - Orchestrator.Test Scale - INFO - Average Time: 8.45s
2025-10-16 22:21:51,081 - Orchestrator.Test Scale - INFO - ============================================================
2025-10-16 22:22:12,901 - HeaderExtractor - WARNING - Failed to extract target version from logs: 'Mock' object is not reversible
2025-10-16 22:22:14,904 - HeaderExtractor - WARNING - Failed to extract target version from logs: 'Mock' object is not reversible
2025-10-16 22:22:16,905 - HeaderExtractor - WARNING - Failed to extract target version from logs: 'Mock' object is not reversible
2025-10-16 22:22:18,906 - HeaderExtractor - WARNING - Failed to extract target version from logs: 'Mock' object is not reversible
2025-10-16 22:22:20,909 - HeaderExtractor - WARNING - Failed to extract target version from logs: 'Mock' object is not reversible
2025-10-16 22:22:22,910 - HeaderExtractor - WARNING - Failed to extract target version from logs: 'Mock' object is not reversible
2025-10-16 22:22:25,917 - HeaderExtractor - WARNING - Failed to extract target version from logs: 'Mock' object is not reversible
2025-10-16 22:22:26,918 - HeaderExtractor - WARNING - Failed to extract target version from logs: 'Mock' object is not reversible
2025-10-16 22:22:27,921 - HeaderExtractor - WARNING - Failed to extract target version from logs: 'Mock' object is not reversible
2025-10-16 22:22:28,922 - HeaderExtractor - WARNING - Failed to extract target version from logs: 'Mock' object is not reversible
2025-10-16 22:22:28,923 - Test TTP - INFO - Starting TTP: 'Test TTP' on http://test.com
2025-10-16 22:22:28,923 - Test TTP - INFO - Description: Test description
2025-10-16 22:22:28,923 - Test TTP - INFO - WebDriver initialized.
2025-10-16 22:22:28,923 - Test TTP - INFO - Attempt 1: Executing with payload -> 'test_payload_0'
2025-10-16 22:22:29,924 - HeaderExtractor - WARNING - Failed to extract target version from logs: 'Mock' object is not reversible
2025-10-16 22:22:29,924 - Test TTP - INFO - EXPECTED SUCCESS: 'test_payload_0'
2025-10-16 22:22:29,924 - Test TTP - INFO - Attempt 2: Executing with payload -> 'test_payload_1'
2025-10-16 22:22:30,924 - HeaderExtractor - WARNING - Failed to extract target version from logs: 'Mock' object is not reversible
2025-10-16 22:22:30,925 - Test TTP - INFO - EXPECTED SUCCESS: 'test_payload_1'
2025-10-16 22:22:30,925 - Test TTP - INFO - 
==================================================
2025-10-16 22:22:30,925 - Test TTP - INFO - TTP SUMMARY: Test TTP
2025-10-16 22:22:30,925 - Test TTP - INFO - ==================================================
2025-10-16 22:22:30,925 - Test TTP - INFO - Total results: 2
2025-10-16 22:22:30,925 - Test TTP - INFO - Expected successes: 2
2025-10-16 22:22:30,925 - Test TTP - INFO -   ✓ Payload: test_payload_0 | URL: http://test.com
2025-10-16 22:22:30,925 - Test TTP - INFO -   ✓ Payload: test_payload_1 | URL: http://test.com
2025-10-16 22:22:30,925 - Test TTP - INFO - 
No X-SCYTHE-TARGET-VERSION headers detected in responses.
2025-10-16 22:22:30,925 - Test TTP - INFO - 
✓ TEST PASSED: All test results matched expectations
2025-10-16 22:22:30,925 - Test TTP - INFO - Starting TTP: 'Test TTP' on http://test.com
2025-10-16 22:22:30,925 - Test TTP - INFO - Description: Test description
2025-10-16 22:22:30,925 - Test TTP - INFO - WebDriver initialized.
2025-10-16 22:22:30,925 - Test TTP - INFO - Attempt 1: Executing with payload -> 'test_payload_0'
2025-10-16 22:22:31,926 - Test TTP - INFO - EXPECTED FAILURE: 'test_payload_0' (security control working)
2025-10-16 22:22:31,926 - Test TTP - INFO - Attempt 2: Executing with payload -> 'test_payload_1'
2025-10-16 22:22:32,926 - Test TTP - INFO - EXPECTED FAILURE: 'test_payload_1' (security control working)
2025-10-16 22:22:32,927 - Test TTP - INFO - 
==================================================
2025-10-16 22:22:32,927 - Test TTP - INFO - TTP SUMMARY: Test TTP
2025-10-16 22:22:32,927 - Test TTP - INFO - ==================================================
2025-10-16 22:22:32,927 - Test TTP - INFO - No successes detected (expected to find vulnerabilities).
2025-10-16 22:22:32,927 - Test TTP - ERROR - 
✗ TEST FAILED: One or more test results differed from expected
2025-10-16 22:22:32,928 - Test TTP - INFO - Starting TTP: 'Test TTP' on http://test.com
2025-10-16 22:22:32,928 - Test TTP - INFO - Description: Test description
2025-10-16 22:22:32,928 - Test TTP - INFO - WebDriver initialized.
2025-10-16 22:22:32,929 - Test TTP - INFO - Attempt 1: Executing with payload -> 'test_payload_0'
2025-10-16 22:22:33,929 - HeaderExtractor - WARNING - Failed to extract target version from logs: 'Mock' object is not reversible
2025-10-16 22:22:33,930 - Test TTP - WARNING - UNEXPECTED SUCCESS: 'test_payload_0' (expected to fail)
2025-10-16 22:22:33,930 - Test TTP - INFO - 
==================================================
2025-10-16 22:22:33,930 - Test TTP - INFO - TTP SUMMARY: Test TTP
2025-10-16 22:22:33,930 - Test TTP - INFO - ==================================================
2025-10-16 22:22:33,930 - Test TTP - INFO - Total results: 1
2025-10-16 22:22:33,930 - Test TTP - WARNING - Unexpected successes: 1
2025-10-16 22:22:33,930 - Test TTP - WARNING -   ✗ Payload: test_payload_0 | URL: http://test.com
2025-10-16 22:22:33,930 - Test TTP - INFO - 
No X-SCYTHE-TARGET-VERSION headers detected in responses.
2025-10-16 22:22:33,930 - Test TTP - ERROR - 
✗ TEST FAILED: One or more test results differed from expected
2025-10-16 22:22:33,934 - HeaderExtractor - WARNING - Failed to extract target version from logs: Driver error
2025-10-20 09:52:29,650 - HeaderExtractor - WARNING - Failed to extract target version from logs: 'Mock' object is not reversible
2025-10-20 09:52:29,661 - HeaderExtractor - WARNING - Failed to extract target version from logs: 'Mock' object is not reversible
2025-10-20 09:52:29,665 - HeaderExtractor - WARNING - Failed to extract target version from logs: 'Mock' object is not reversible
2025-10-20 09:52:29,665 - HeaderExtractor - WARNING - Failed to extract target version from logs: 'Mock' object is not reversible
2025-10-20 09:52:29,667 - Mock TTP - INFO - Starting TTP: 'Mock TTP' on http://test.com
2025-10-20 09:52:29,667 - Mock TTP - INFO - Description: A mock TTP for testing behaviors
2025-10-20 09:52:29,667 - Mock TTP - INFO - Using behavior: Mock Behavior
2025-10-20 09:52:29,667 - Mock TTP - INFO - Behavior description: Mock behavior for testing
2025-10-20 09:52:29,667 - Mock TTP - INFO - Execution mode: UI
2025-10-20 09:52:29,668 - Mock TTP - INFO - Attempt 1: Executing with payload -> 'test1'
2025-10-20 09:52:29,768 - Mock TTP - INFO - EXPECTED FAILURE: 'test1' (security control working)
2025-10-20 09:52:29,769 - Mock TTP - INFO - Attempt 2: Executing with payload -> 'test2'
2025-10-20 09:52:29,869 - Mock TTP - INFO - EXPECTED FAILURE: 'test2' (security control working)
2025-10-20 09:52:29,870 - Mock TTP - INFO - Attempt 3: Executing with payload -> 'test3'
2025-10-20 09:52:29,970 - Mock TTP - INFO - EXPECTED FAILURE: 'test3' (security control working)
2025-10-27 18:15:28,284 - Journey.test API routes - INFO - ============================================================
2025-10-27 18:15:28,285 - Journey.test API routes - INFO - STARTING JOURNEY: test API routes
2025-10-27 18:15:28,285 - Journey.test API routes - INFO - ============================================================
2025-10-27 18:15:28,285 - Journey.test API routes - INFO - Description: test API routes
2025-10-27 18:15:28,285 - Journey.test API routes - INFO - Target URL: https://httpbin.org
2025-10-27 18:15:28,285 - Journey.test API routes - INFO - Expected Result: SUCCESS
2025-10-27 18:15:28,285 - Journey.test API routes - INFO - Steps: 1
2025-10-27 18:15:28,285 - Journey.test API routes - INFO - Starting journey: test API routes
2025-10-27 18:15:28,285 - Journey.test API routes - INFO - Description: test API routes
2025-10-27 18:15:28,285 - Journey.test API routes - INFO - Steps: 1
2025-10-27 18:15:28,285 - Journey.test API routes - INFO - Step 1/1: Test routes that should return 401
2025-10-27 18:15:28,286 - Journey.Step.Test routes that should return 401 - INFO - Executing step: Test routes that should return 401
2025-10-27 18:15:28,286 - Journey.Step.Test routes that should return 401 - INFO - Description: tests routes expecting 401
2025-10-27 18:15:28,286 - Journey.Step.Test routes that should return 401 - INFO - Action 1/1: API GET /api/v1/auth/me
2025-10-27 18:15:29,280 - Journey.ApiRequestAction - WARNING - API request status mismatch: expected 401, got 404
2025-10-27 18:15:29,280 - Journey.Step.Test routes that should return 401 - ERROR - ✗ Action failed: API GET /api/v1/auth/me
2025-10-27 18:15:29,280 - Journey.Step.Test routes that should return 401 - ERROR -     Details: method=GET, url=https://httpbin.org/api/v1/auth/me, status=404, duration_ms=993
2025-10-27 18:15:29,280 - Journey.Step.Test routes that should return 401 - ERROR -     Response headers: {'Date': 'Tue, 28 Oct 2025 01:15:29 GMT', 'Content-Type': 'text/html', 'Content-Length': '233', 'Connection': 'keep-alive', 'Server': 'gunicorn/19.9.0', 'Access-Control-Allow-Origin': '*', 'Access-Control-Allow-Credentials': 'true'}
2025-10-27 18:15:29,280 - Journey.Step.Test routes that should return 401 - ERROR -     Response text: <!DOCTYPE HTML PUBLIC "-//W3C//DTD HTML 3.2 Final//EN">
<title>404 Not Found</title>
<h1>Not Found</h1>
<p>The requested URL was not found on the server.  If you entered the URL manually please check your spelling and try again.</p>

2025-10-27 18:15:29,280 - Journey.test API routes - ERROR - ✗ Step failed: Test routes that should return 401
2025-10-27 18:15:30,387 - Journey.test API routes - INFO - Journey completed in 2.10 seconds
2025-10-27 18:15:30,388 - Journey.test API routes - INFO - Overall success: False
2025-10-27 18:15:30,388 - Journey.test API routes - INFO - Steps: 0/1 succeeded
2025-10-27 18:15:30,388 - Journey.test API routes - INFO - Actions: 0/1 succeeded
2025-10-27 18:15:30,388 - Journey.test API routes - INFO - 
============================================================
2025-10-27 18:15:30,388 - Journey.test API routes - INFO - JOURNEY SUMMARY: test API routes
2025-10-27 18:15:30,388 - Journey.test API routes - INFO - ============================================================
2025-10-27 18:15:30,388 - Journey.test API routes - WARNING - ✗ UNEXPECTED FAILURE: Journey was expected to succeed but failed in 2.10s
2025-10-27 18:15:30,388 - Journey.test API routes - INFO - Steps: 0/1 succeeded (1 failed)
2025-10-27 18:15:30,388 - Journey.test API routes - INFO - Actions: 0/1 succeeded (1 failed)
2025-10-27 18:15:30,388 - Journey.test API routes - INFO - 
Step Details:
2025-10-27 18:15:30,388 - Journey.test API routes - INFO -   ✗ Step 1: Test routes that should return 401 - FAILURE (unexpected)
2025-10-27 18:15:30,388 - Journey.test API routes - INFO -     Actions: 0/1 succeeded
2025-10-27 18:15:30,388 - Journey.test API routes - ERROR -     ✗ Action failed: API GET /api/v1/auth/me
2025-10-27 18:15:30,388 - Journey.test API routes - ERROR -       Details: method=GET, url=https://httpbin.org/api/v1/auth/me, status=404, duration_ms=993
2025-10-27 18:15:30,388 - Journey.test API routes - ERROR -       Response headers: {'Date': 'Tue, 28 Oct 2025 01:15:29 GMT', 'Content-Type': 'text/html', 'Content-Length': '233', 'Connection': 'keep-alive', 'Server': 'gunicorn/19.9.0', 'Access-Control-Allow-Origin': '*', 'Access-Control-Allow-Credentials': 'true'}
2025-10-27 18:15:30,388 - Journey.test API routes - ERROR -       Response text: <!DOCTYPE HTML PUBLIC "-//W3C//DTD HTML 3.2 Final//EN">
<title>404 Not Found</title>
<h1>Not Found</h1>
<p>The requested URL was not found on the server.  If you entered the URL manually please check your spelling and try again.</p>

2025-10-27 18:15:30,388 - Journey.test API routes - INFO - 
No X-SCYTHE-TARGET-VERSION headers detected in responses.
2025-10-27 18:15:30,388 - Journey.test API routes - ERROR - 
✗ TEST FAILED: Journey results differed from expected
2025-10-27 18:15:30,388 - Journey.test API routes - INFO - ============================================================
2025-10-27 18:22:40,526 - Journey.test routes - INFO - ============================================================
2025-10-27 18:22:40,526 - Journey.test routes - INFO - STARTING JOURNEY: test routes
2025-10-27 18:22:40,526 - Journey.test routes - INFO - ============================================================
2025-10-27 18:22:40,526 - Journey.test routes - INFO - Description: test routes
2025-10-27 18:22:40,526 - Journey.test routes - INFO - Target URL: https://httpbin.org
2025-10-27 18:22:40,526 - Journey.test routes - INFO - Expected Result: SUCCESS
2025-10-27 18:22:40,526 - Journey.test routes - INFO - Steps: 1
2025-10-27 18:22:40,526 - Journey.test routes - INFO - Starting journey: test routes
2025-10-27 18:22:40,526 - Journey.test routes - INFO - Description: test routes
2025-10-27 18:22:40,526 - Journey.test routes - INFO - Steps: 1
2025-10-27 18:22:40,526 - Journey.test routes - INFO - Step 1/1: Test route expecting 401
2025-10-27 18:22:40,526 - Journey.Step.Test route expecting 401 - INFO - Executing step: Test route expecting 401
2025-10-27 18:22:40,527 - Journey.Step.Test route expecting 401 - INFO - Description: test route expecting 401
2025-10-27 18:22:40,527 - Journey.Step.Test route expecting 401 - INFO - Action 1/1: API GET /status/200
2025-10-27 18:22:42,275 - Journey.ApiRequestAction - WARNING - API request status mismatch: expected 401, got 200
2025-10-27 18:22:42,275 - Journey.Step.Test route expecting 401 - ERROR - ✗ Action failed: API GET /status/200
2025-10-27 18:22:42,275 - Journey.Step.Test route expecting 401 - ERROR -     Details: method=GET, url=https://httpbin.org/status/200, status=200, duration_ms=1748
2025-10-27 18:22:42,275 - Journey.Step.Test route expecting 401 - ERROR -     Response headers: {'Date': 'Tue, 28 Oct 2025 01:22:42 GMT', 'Content-Type': 'text/html; charset=utf-8', 'Content-Length': '0', 'Connection': 'keep-alive', 'Server': 'gunicorn/19.9.0', 'Access-Control-Allow-Origin': '*', 'Access-Control-Allow-Credentials': 'true'}
2025-10-27 18:22:42,275 - Journey.Step.Test route expecting 401 - ERROR -     Response text: 
2025-10-27 18:22:42,275 - Journey.test routes - ERROR - ✗ Step failed: Test route expecting 401
2025-10-27 18:22:43,847 - Journey.test routes - INFO - Journey completed in 3.32 seconds
2025-10-27 18:22:43,847 - Journey.test routes - INFO - Overall success: False
2025-10-27 18:22:43,847 - Journey.test routes - INFO - Steps: 0/1 succeeded
2025-10-27 18:22:43,847 - Journey.test routes - INFO - Actions: 0/1 succeeded
2025-10-27 18:22:43,847 - Journey.test routes - INFO - 
============================================================
2025-10-27 18:22:43,847 - Journey.test routes - INFO - JOURNEY SUMMARY: test routes
2025-10-27 18:22:43,847 - Journey.test routes - INFO - ============================================================
2025-10-27 18:22:43,847 - Journey.test routes - WARNING - ✗ UNEXPECTED FAILURE: Journey was expected to succeed but failed in 3.32s
2025-10-27 18:22:43,847 - Journey.test routes - INFO - Steps: 0/1 succeeded (1 failed)
2025-10-27 18:22:43,848 - Journey.test routes - INFO - Actions: 0/1 succeeded (1 failed)
2025-10-27 18:22:43,848 - Journey.test routes - INFO - 
Step Details:
2025-10-27 18:22:43,848 - Journey.test routes - INFO -   ✗ Step 1: Test route expecting 401 - FAILURE (unexpected)
2025-10-27 18:22:43,848 - Journey.test routes - INFO -     Actions: 0/1 succeeded
2025-10-27 18:22:43,848 - Journey.test routes - ERROR -     ✗ Action failed: API GET /status/200
2025-10-27 18:22:43,848 - Journey.test routes - ERROR -       Details: method=GET, url=https://httpbin.org/status/200, status=200, duration_ms=1748
2025-10-27 18:22:43,848 - Journey.test routes - ERROR -       Response headers: {'Date': 'Tue, 28 Oct 2025 01:22:42 GMT', 'Content-Type': 'text/html; charset=utf-8', 'Content-Length': '0', 'Connection': 'keep-alive', 'Server': 'gunicorn/19.9.0', 'Access-Control-Allow-Origin': '*', 'Access-Control-Allow-Credentials': 'true'}
2025-10-27 18:22:43,848 - Journey.test routes - ERROR -       Response text: 
2025-10-27 18:22:43,848 - Journey.test routes - INFO - 
No X-SCYTHE-TARGET-VERSION headers detected in responses.
2025-10-27 18:22:43,848 - Journey.test routes - ERROR - 
✗ TEST FAILED: Journey results differed from expected
2025-10-27 18:22:43,848 - Journey.test routes - INFO - ============================================================
2025-10-27 18:23:37,345 - Journey.test routes - INFO - ============================================================
2025-10-27 18:23:37,345 - Journey.test routes - INFO - STARTING JOURNEY: test routes
2025-10-27 18:23:37,345 - Journey.test routes - INFO - ============================================================
2025-10-27 18:23:37,345 - Journey.test routes - INFO - Description: test routes
2025-10-27 18:23:37,345 - Journey.test routes - INFO - Target URL: https://httpbin.org
2025-10-27 18:23:37,345 - Journey.test routes - INFO - Expected Result: SUCCESS
2025-10-27 18:23:37,345 - Journey.test routes - INFO - Steps: 1
2025-10-27 18:23:37,345 - Journey.test routes - INFO - Starting journey: test routes
2025-10-27 18:23:37,345 - Journey.test routes - INFO - Description: test routes
2025-10-27 18:23:37,345 - Journey.test routes - INFO - Steps: 1
2025-10-27 18:23:37,345 - Journey.test routes - INFO - Step 1/1: Test route expecting 401
2025-10-27 18:23:37,345 - Journey.Step.Test route expecting 401 - INFO - Executing step: Test route expecting 401
2025-10-27 18:23:37,345 - Journey.Step.Test route expecting 401 - INFO - Description: test route expecting 401
2025-10-27 18:23:37,345 - Journey.Step.Test route expecting 401 - INFO - Action 1/1: API GET /status/200
2025-10-27 18:23:38,011 - Journey.ApiRequestAction - WARNING - API request status mismatch: expected 401, got 200
2025-10-27 18:23:38,011 - Journey.Step.Test route expecting 401 - ERROR - ✗ Action failed: API GET /status/200
2025-10-27 18:23:38,011 - Journey.Step.Test route expecting 401 - ERROR -     Details: method=GET, url=https://httpbin.org/status/200, status=200, duration_ms=665
2025-10-27 18:23:38,011 - Journey.Step.Test route expecting 401 - ERROR -     Response headers: {'Date': 'Tue, 28 Oct 2025 01:23:37 GMT', 'Content-Type': 'text/html; charset=utf-8', 'Content-Length': '0', 'Connection': 'keep-alive', 'Server': 'gunicorn/19.9.0', 'Access-Control-Allow-Origin': '*', 'Access-Control-Allow-Credentials': 'true'}
2025-10-27 18:23:38,011 - Journey.Step.Test route expecting 401 - ERROR -     Response text: 
2025-10-27 18:23:38,011 - Journey.test routes - ERROR - ✗ Step failed: Test route expecting 401
2025-10-27 18:23:38,641 - Journey.test routes - INFO - Journey completed in 1.30 seconds
2025-10-27 18:23:38,641 - Journey.test routes - INFO - Overall success: False
2025-10-27 18:23:38,641 - Journey.test routes - INFO - Steps: 0/1 succeeded
2025-10-27 18:23:38,641 - Journey.test routes - INFO - Actions: 0/1 succeeded
2025-10-27 18:23:38,641 - Journey.test routes - INFO - 
============================================================
2025-10-27 18:23:38,641 - Journey.test routes - INFO - JOURNEY SUMMARY: test routes
2025-10-27 18:23:38,641 - Journey.test routes - INFO - ============================================================
2025-10-27 18:23:38,641 - Journey.test routes - WARNING - ✗ UNEXPECTED FAILURE: Journey was expected to succeed but failed in 1.30s
2025-10-27 18:23:38,641 - Journey.test routes - INFO - Steps: 0/1 succeeded (1 failed)
2025-10-27 18:23:38,641 - Journey.test routes - INFO - Actions: 0/1 succeeded (1 failed)
2025-10-27 18:23:38,641 - Journey.test routes - INFO - 
Step Details:
2025-10-27 18:23:38,641 - Journey.test routes - INFO -   ✗ Step 1: Test route expecting 401 - FAILURE (unexpected)
2025-10-27 18:23:38,641 - Journey.test routes - INFO -     Actions: 0/1 succeeded
2025-10-27 18:23:38,641 - Journey.test routes - ERROR -     ✗ Action failed: API GET /status/200
2025-10-27 18:23:38,641 - Journey.test routes - ERROR -       Details: method=GET, url=https://httpbin.org/status/200, status=200, duration_ms=665
2025-10-27 18:23:38,642 - Journey.test routes - ERROR -       Response headers: {'Date': 'Tue, 28 Oct 2025 01:23:37 GMT', 'Content-Type': 'text/html; charset=utf-8', 'Content-Length': '0', 'Connection': 'keep-alive', 'Server': 'gunicorn/19.9.0', 'Access-Control-Allow-Origin': '*', 'Access-Control-Allow-Credentials': 'true'}
2025-10-27 18:23:38,642 - Journey.test routes - ERROR -       Response text: 
2025-10-27 18:23:38,642 - Journey.test routes - INFO - 
No X-SCYTHE-TARGET-VERSION headers detected in responses.
2025-10-27 18:23:38,642 - Journey.test routes - ERROR - 
✗ TEST FAILED: Journey results differed from expected
2025-10-27 18:23:38,642 - Journey.test routes - INFO - ============================================================
2025-10-27 18:24:43,408 - Journey.test routes - INFO - ============================================================
2025-10-27 18:24:43,408 - Journey.test routes - INFO - STARTING JOURNEY: test routes
2025-10-27 18:24:43,409 - Journey.test routes - INFO - ============================================================
2025-10-27 18:24:43,409 - Journey.test routes - INFO - Description: test routes
2025-10-27 18:24:43,409 - Journey.test routes - INFO - Target URL: https://httpbin.org
2025-10-27 18:24:43,409 - Journey.test routes - INFO - Expected Result: SUCCESS
2025-10-27 18:24:43,409 - Journey.test routes - INFO - Steps: 1
2025-10-27 18:24:43,409 - Journey.test routes - INFO - Starting journey: test routes
2025-10-27 18:24:43,409 - Journey.test routes - INFO - Description: test routes
2025-10-27 18:24:43,409 - Journey.test routes - INFO - Steps: 1
2025-10-27 18:24:43,409 - Journey.test routes - INFO - Step 1/1: Test route expecting 401
2025-10-27 18:24:43,409 - Journey.Step.Test route expecting 401 - INFO - Executing step: Test route expecting 401
2025-10-27 18:24:43,409 - Journey.Step.Test route expecting 401 - INFO - Description: test route expecting 401
2025-10-27 18:24:43,409 - Journey.Step.Test route expecting 401 - INFO - Action 1/1: API GET /status/200
2025-10-27 18:24:44,113 - Journey.ApiRequestAction - WARNING - API request status mismatch: expected 401, got 200
2025-10-27 18:24:44,113 - Journey.Step.Test route expecting 401 - ERROR - ✗ Action failed: API GET /status/200
2025-10-27 18:24:44,113 - Journey.Step.Test route expecting 401 - ERROR -     Details: method=GET, url=https://httpbin.org/status/200, status=200, duration_ms=703
2025-10-27 18:24:44,113 - Journey.Step.Test route expecting 401 - ERROR -     Response headers: {'Date': 'Tue, 28 Oct 2025 01:24:44 GMT', 'Content-Type': 'text/html; charset=utf-8', 'Content-Length': '0', 'Connection': 'keep-alive', 'Server': 'gunicorn/19.9.0', 'Access-Control-Allow-Origin': '*', 'Access-Control-Allow-Credentials': 'true'}
2025-10-27 18:24:44,113 - Journey.Step.Test route expecting 401 - ERROR -     Response text: 
2025-10-27 18:24:44,113 - Journey.test routes - ERROR - ✗ Step failed: Test route expecting 401
2025-10-27 18:24:44,561 - Journey.test routes - INFO - Journey completed in 1.15 seconds
2025-10-27 18:24:44,561 - Journey.test routes - INFO - Overall success: False
2025-10-27 18:24:44,561 - Journey.test routes - INFO - Steps: 0/1 succeeded
2025-10-27 18:24:44,561 - Journey.test routes - INFO - Actions: 0/1 succeeded
2025-10-27 18:24:44,561 - Journey.test routes - INFO - 
============================================================
2025-10-27 18:24:44,561 - Journey.test routes - INFO - JOURNEY SUMMARY: test routes
2025-10-27 18:24:44,561 - Journey.test routes - INFO - ============================================================
2025-10-27 18:24:44,561 - Journey.test routes - WARNING - ✗ UNEXPECTED FAILURE: Journey was expected to succeed but failed in 1.15s
2025-10-27 18:24:44,561 - Journey.test routes - INFO - Steps: 0/1 succeeded (1 failed)
2025-10-27 18:24:44,561 - Journey.test routes - INFO - Actions: 0/1 succeeded (1 failed)
2025-10-27 18:24:44,561 - Journey.test routes - INFO - 
Step Details:
2025-10-27 18:24:44,562 - Journey.test routes - INFO -   ✗ Step 1: Test route expecting 401 - FAILURE (unexpected)
2025-10-27 18:24:44,562 - Journey.test routes - INFO -     Actions: 0/1 succeeded
2025-10-27 18:24:44,562 - Journey.test routes - ERROR -     ✗ Action failed: API GET /status/200
2025-10-27 18:24:44,562 - Journey.test routes - ERROR -       Details: method=GET, url=https://httpbin.org/status/200, status=200, duration_ms=703
2025-10-27 18:24:44,562 - Journey.test routes - ERROR -       Response headers: {'Date': 'Tue, 28 Oct 2025 01:24:44 GMT', 'Content-Type': 'text/html; charset=utf-8', 'Content-Length': '0', 'Connection': 'keep-alive', 'Server': 'gunicorn/19.9.0', 'Access-Control-Allow-Origin': '*', 'Access-Control-Allow-Credentials': 'true'}
2025-10-27 18:24:44,562 - Journey.test routes - ERROR -       Response text: 
2025-10-27 18:24:44,562 - Journey.test routes - INFO - 
No X-SCYTHE-TARGET-VERSION headers detected in responses.
2025-10-27 18:24:44,562 - Journey.test routes - ERROR - 
✗ TEST FAILED: Journey results differed from expected
2025-10-27 18:24:44,562 - Journey.test routes - INFO - ============================================================
